--- Staging project to fast local storage: /super_fast_storage/bake/job_1496_14 ---
--- Starting Optuna Worker 14 in /super_fast_storage/bake/job_1496_14 ---

--- Starting Trial 0 ---
Parameters: {'d_safe': 34.09145941819763, 'k_bubble': 155.8786574468268, 'C_collision': 1693.6357946333858, 'k_pos': 0.0012628309232053925, 'k_action': 0.02461536654580599, 'w_safe': 0.8094008493727342, 'w_pos': 0.767981051536191}
Training command: python -u scripts/ConvNet/train_optuna.py --save_path /super_fast_storage/bake/job_1496_14/optuna_trials/IntruderAvoidance-CNN-Parallel/trial_0/agent.zip --total_timesteps 2000000 --n_envs 8 --d_safe 34.09145941819763 --k_bubble 155.8786574468268 --C_collision 1693.6357946333858 --k_pos 0.0012628309232053925 --k_action 0.02461536654580599 --w_safe 0.8094008493727342 --w_pos 0.767981051536191
--- Using device: cuda ---
--- Training model for 2000000 timesteps ---
--- Saving model to /super_fast_storage/bake/job_1496_14/optuna_trials/IntruderAvoidance-CNN-Parallel/trial_0/agent.zip ---
Evaluation command: python -u scripts/ConvNet/evaluate_intruder_for_optuna.py --model_path /super_fast_storage/bake/job_1496_14/optuna_trials/IntruderAvoidance-CNN-Parallel/trial_0/agent.zip --log_file /super_fast_storage/bake/job_1496_14/optuna_trials/IntruderAvoidance-CNN-Parallel/trial_0/evaluation_details.csv
✅ Trial 0 finished with values: [0.08029166666666666, 76.8586009765633]

--- Starting Trial 1 ---
Parameters: {'d_safe': 26.125169644268226, 'k_bubble': 33.669355353441205, 'C_collision': 1211.1125719007264, 'k_pos': 0.006653879030038743, 'k_action': 0.02949111193076429, 'w_safe': 0.8339329426083939, 'w_pos': 0.854441698864461}
Training command: python -u scripts/ConvNet/train_optuna.py --save_path /super_fast_storage/bake/job_1496_14/optuna_trials/IntruderAvoidance-CNN-Parallel/trial_1/agent.zip --total_timesteps 2000000 --n_envs 8 --d_safe 26.125169644268226 --k_bubble 33.669355353441205 --C_collision 1211.1125719007264 --k_pos 0.006653879030038743 --k_action 0.02949111193076429 --w_safe 0.8339329426083939 --w_pos 0.854441698864461
--- Using device: cuda ---
--- Training model for 2000000 timesteps ---
--- Saving model to /super_fast_storage/bake/job_1496_14/optuna_trials/IntruderAvoidance-CNN-Parallel/trial_1/agent.zip ---
Evaluation command: python -u scripts/ConvNet/evaluate_intruder_for_optuna.py --model_path /super_fast_storage/bake/job_1496_14/optuna_trials/IntruderAvoidance-CNN-Parallel/trial_1/agent.zip --log_file /super_fast_storage/bake/job_1496_14/optuna_trials/IntruderAvoidance-CNN-Parallel/trial_1/evaluation_details.csv
✅ Trial 1 finished with values: [0.10308333333333335, 74.26969085740119]

--- Starting Trial 2 ---
Parameters: {'d_safe': 18.678507594781635, 'k_bubble': 163.2825259607171, 'C_collision': 1628.3326850591357, 'k_pos': 0.00204006900732388, 'k_action': 0.011502984408292123, 'w_safe': 0.5816544618541867, 'w_pos': 0.7731008154475996}
Training command: python -u scripts/ConvNet/train_optuna.py --save_path /super_fast_storage/bake/job_1496_14/optuna_trials/IntruderAvoidance-CNN-Parallel/trial_2/agent.zip --total_timesteps 2000000 --n_envs 8 --d_safe 18.678507594781635 --k_bubble 163.2825259607171 --C_collision 1628.3326850591357 --k_pos 0.00204006900732388 --k_action 0.011502984408292123 --w_safe 0.5816544618541867 --w_pos 0.7731008154475996
--- Using device: cuda ---
--- Training model for 2000000 timesteps ---
--- Saving model to /super_fast_storage/bake/job_1496_14/optuna_trials/IntruderAvoidance-CNN-Parallel/trial_2/agent.zip ---
Evaluation command: python -u scripts/ConvNet/evaluate_intruder_for_optuna.py --model_path /super_fast_storage/bake/job_1496_14/optuna_trials/IntruderAvoidance-CNN-Parallel/trial_2/agent.zip --log_file /super_fast_storage/bake/job_1496_14/optuna_trials/IntruderAvoidance-CNN-Parallel/trial_2/evaluation_details.csv
✅ Trial 2 finished with values: [0.07544444444444445, 75.35363840250841]

--- Starting Trial 3 ---
Parameters: {'d_safe': 32.82681672389843, 'k_bubble': 88.56614430687587, 'C_collision': 685.7916687167362, 'k_pos': 0.0012984597623357296, 'k_action': 0.004772450813482249, 'w_safe': 0.15448037009442253, 'w_pos': 0.33853590263741606}
Training command: python -u scripts/ConvNet/train_optuna.py --save_path /super_fast_storage/bake/job_1496_14/optuna_trials/IntruderAvoidance-CNN-Parallel/trial_3/agent.zip --total_timesteps 2000000 --n_envs 8 --d_safe 32.82681672389843 --k_bubble 88.56614430687587 --C_collision 685.7916687167362 --k_pos 0.0012984597623357296 --k_action 0.004772450813482249 --w_safe 0.15448037009442253 --w_pos 0.33853590263741606
--- Using device: cuda ---
--- Training model for 2000000 timesteps ---
--- Saving model to /super_fast_storage/bake/job_1496_14/optuna_trials/IntruderAvoidance-CNN-Parallel/trial_3/agent.zip ---
Evaluation command: python -u scripts/ConvNet/evaluate_intruder_for_optuna.py --model_path /super_fast_storage/bake/job_1496_14/optuna_trials/IntruderAvoidance-CNN-Parallel/trial_3/agent.zip --log_file /super_fast_storage/bake/job_1496_14/optuna_trials/IntruderAvoidance-CNN-Parallel/trial_3/evaluation_details.csv
✅ Trial 3 finished with values: [0.10969444444444443, 76.19259744411092]

--- Starting Trial 4 ---
Parameters: {'d_safe': 21.461698604288802, 'k_bubble': 196.046638756278, 'C_collision': 580.8847459933102, 'k_pos': 0.04391465168011725, 'k_action': 0.002967686315563421, 'w_safe': 0.7732654607163737, 'w_pos': 0.6616282923315892}
Training command: python -u scripts/ConvNet/train_optuna.py --save_path /super_fast_storage/bake/job_1496_14/optuna_trials/IntruderAvoidance-CNN-Parallel/trial_4/agent.zip --total_timesteps 2000000 --n_envs 8 --d_safe 21.461698604288802 --k_bubble 196.046638756278 --C_collision 580.8847459933102 --k_pos 0.04391465168011725 --k_action 0.002967686315563421 --w_safe 0.7732654607163737 --w_pos 0.6616282923315892
--- Using device: cuda ---
--- Training model for 2000000 timesteps ---
--- Saving model to /super_fast_storage/bake/job_1496_14/optuna_trials/IntruderAvoidance-CNN-Parallel/trial_4/agent.zip ---
Evaluation command: python -u scripts/ConvNet/evaluate_intruder_for_optuna.py --model_path /super_fast_storage/bake/job_1496_14/optuna_trials/IntruderAvoidance-CNN-Parallel/trial_4/agent.zip --log_file /super_fast_storage/bake/job_1496_14/optuna_trials/IntruderAvoidance-CNN-Parallel/trial_4/evaluation_details.csv
✅ Trial 4 finished with values: [0.07716666666666668, 70.68543717424537]

--- Starting Trial 5 ---
Parameters: {'d_safe': 23.59039062078449, 'k_bubble': 81.18372779164261, 'C_collision': 1395.8561088772249, 'k_pos': 0.0034678028980094904, 'k_action': 0.0021645608981724247, 'w_safe': 0.1686777171851218, 'w_pos': 0.5948252412032887}
Training command: python -u scripts/ConvNet/train_optuna.py --save_path /super_fast_storage/bake/job_1496_14/optuna_trials/IntruderAvoidance-CNN-Parallel/trial_5/agent.zip --total_timesteps 2000000 --n_envs 8 --d_safe 23.59039062078449 --k_bubble 81.18372779164261 --C_collision 1395.8561088772249 --k_pos 0.0034678028980094904 --k_action 0.0021645608981724247 --w_safe 0.1686777171851218 --w_pos 0.5948252412032887
--- Using device: cuda ---
--- Training model for 2000000 timesteps ---
--- Saving model to /super_fast_storage/bake/job_1496_14/optuna_trials/IntruderAvoidance-CNN-Parallel/trial_5/agent.zip ---
Evaluation command: python -u scripts/ConvNet/evaluate_intruder_for_optuna.py --model_path /super_fast_storage/bake/job_1496_14/optuna_trials/IntruderAvoidance-CNN-Parallel/trial_5/agent.zip --log_file /super_fast_storage/bake/job_1496_14/optuna_trials/IntruderAvoidance-CNN-Parallel/trial_5/evaluation_details.csv
✅ Trial 5 finished with values: [0.0790138888888889, 77.16964464262593]

--- Starting Trial 6 ---
Parameters: {'d_safe': 25.188990863354253, 'k_bubble': 175.42828906707715, 'C_collision': 1648.862329358252, 'k_pos': 0.0018197272418678722, 'k_action': 0.04558017577370291, 'w_safe': 0.43071089087295067, 'w_pos': 0.8078935529089777}
Training command: python -u scripts/ConvNet/train_optuna.py --save_path /super_fast_storage/bake/job_1496_14/optuna_trials/IntruderAvoidance-CNN-Parallel/trial_6/agent.zip --total_timesteps 2000000 --n_envs 8 --d_safe 25.188990863354253 --k_bubble 175.42828906707715 --C_collision 1648.862329358252 --k_pos 0.0018197272418678722 --k_action 0.04558017577370291 --w_safe 0.43071089087295067 --w_pos 0.8078935529089777
--- Using device: cuda ---
--- Training model for 2000000 timesteps ---
--- Saving model to /super_fast_storage/bake/job_1496_14/optuna_trials/IntruderAvoidance-CNN-Parallel/trial_6/agent.zip ---
Evaluation command: python -u scripts/ConvNet/evaluate_intruder_for_optuna.py --model_path /super_fast_storage/bake/job_1496_14/optuna_trials/IntruderAvoidance-CNN-Parallel/trial_6/agent.zip --log_file /super_fast_storage/bake/job_1496_14/optuna_trials/IntruderAvoidance-CNN-Parallel/trial_6/evaluation_details.csv
✅ Trial 6 finished with values: [0.10044444444444443, 72.52459364569728]

--- Starting Trial 7 ---
Parameters: {'d_safe': 15.257733601517376, 'k_bubble': 108.25214467948986, 'C_collision': 832.9994141041327, 'k_pos': 0.010668559416375614, 'k_action': 0.008397254263533653, 'w_safe': 0.4156944341219434, 'w_pos': 0.8626599541109916}
Training command: python -u scripts/ConvNet/train_optuna.py --save_path /super_fast_storage/bake/job_1496_14/optuna_trials/IntruderAvoidance-CNN-Parallel/trial_7/agent.zip --total_timesteps 2000000 --n_envs 8 --d_safe 15.257733601517376 --k_bubble 108.25214467948986 --C_collision 832.9994141041327 --k_pos 0.010668559416375614 --k_action 0.008397254263533653 --w_safe 0.4156944341219434 --w_pos 0.8626599541109916
--- Using device: cuda ---
--- Training model for 2000000 timesteps ---
--- Saving model to /super_fast_storage/bake/job_1496_14/optuna_trials/IntruderAvoidance-CNN-Parallel/trial_7/agent.zip ---
Evaluation command: python -u scripts/ConvNet/evaluate_intruder_for_optuna.py --model_path /super_fast_storage/bake/job_1496_14/optuna_trials/IntruderAvoidance-CNN-Parallel/trial_7/agent.zip --log_file /super_fast_storage/bake/job_1496_14/optuna_trials/IntruderAvoidance-CNN-Parallel/trial_7/evaluation_details.csv
✅ Trial 7 finished with values: [0.04823611111111111, 70.56241745074276]

--- Starting Trial 8 ---
Parameters: {'d_safe': 14.375733575727514, 'k_bubble': 27.55660333838902, 'C_collision': 1875.9084195369956, 'k_pos': 0.002051929527474731, 'k_action': 0.009194819394043527, 'w_safe': 0.1678258066276034, 'w_pos': 0.39505090288945544}
Training command: python -u scripts/ConvNet/train_optuna.py --save_path /super_fast_storage/bake/job_1496_14/optuna_trials/IntruderAvoidance-CNN-Parallel/trial_8/agent.zip --total_timesteps 2000000 --n_envs 8 --d_safe 14.375733575727514 --k_bubble 27.55660333838902 --C_collision 1875.9084195369956 --k_pos 0.002051929527474731 --k_action 0.009194819394043527 --w_safe 0.1678258066276034 --w_pos 0.39505090288945544
--- Using device: cuda ---
--- Training model for 2000000 timesteps ---
--- Saving model to /super_fast_storage/bake/job_1496_14/optuna_trials/IntruderAvoidance-CNN-Parallel/trial_8/agent.zip ---
Evaluation command: python -u scripts/ConvNet/evaluate_intruder_for_optuna.py --model_path /super_fast_storage/bake/job_1496_14/optuna_trials/IntruderAvoidance-CNN-Parallel/trial_8/agent.zip --log_file /super_fast_storage/bake/job_1496_14/optuna_trials/IntruderAvoidance-CNN-Parallel/trial_8/evaluation_details.csv
✅ Trial 8 finished with values: [0.1893611111111111, 59.286806214893964]

--- Starting Trial 9 ---
Parameters: {'d_safe': 15.935061360022486, 'k_bubble': 148.43503909315237, 'C_collision': 813.5291349934514, 'k_pos': 0.002402488968741382, 'k_action': 0.0017578847285440087, 'w_safe': 0.28977338620776816, 'w_pos': 0.28974031748124773}
Training command: python -u scripts/ConvNet/train_optuna.py --save_path /super_fast_storage/bake/job_1496_14/optuna_trials/IntruderAvoidance-CNN-Parallel/trial_9/agent.zip --total_timesteps 2000000 --n_envs 8 --d_safe 15.935061360022486 --k_bubble 148.43503909315237 --C_collision 813.5291349934514 --k_pos 0.002402488968741382 --k_action 0.0017578847285440087 --w_safe 0.28977338620776816 --w_pos 0.28974031748124773
--- Using device: cuda ---
--- Training model for 2000000 timesteps ---
--- Saving model to /super_fast_storage/bake/job_1496_14/optuna_trials/IntruderAvoidance-CNN-Parallel/trial_9/agent.zip ---
Evaluation command: python -u scripts/ConvNet/evaluate_intruder_for_optuna.py --model_path /super_fast_storage/bake/job_1496_14/optuna_trials/IntruderAvoidance-CNN-Parallel/trial_9/agent.zip --log_file /super_fast_storage/bake/job_1496_14/optuna_trials/IntruderAvoidance-CNN-Parallel/trial_9/evaluation_details.csv
✅ Trial 9 finished with values: [0.09770833333333333, 69.24817110720112]

--- Worker finished 10 trials ---
--- Worker finished. Staging results back to permanent storage. ---
--- Job 14 fully complete. ---
