--- Staging project to fast local storage: /super_fast_storage/bake/job_1491_9 ---
--- Starting Optuna Worker 9 in /super_fast_storage/bake/job_1491_9 ---

--- Starting Trial 0 ---
Parameters: {'d_safe': 16.397162665458616, 'k_bubble': 109.80650642949286, 'C_collision': 1871.6817044217653, 'k_pos': 0.00480043813635841, 'k_action': 0.003589030406968921, 'w_safe': 0.4425227466193846, 'w_pos': 0.7738924465644064}
Training command: python -u scripts/ConvNet/train_optuna.py --save_path /super_fast_storage/bake/job_1491_9/optuna_trials/IntruderAvoidance-CNN-Parallel/trial_0/agent.zip --total_timesteps 2000000 --n_envs 8 --d_safe 16.397162665458616 --k_bubble 109.80650642949286 --C_collision 1871.6817044217653 --k_pos 0.00480043813635841 --k_action 0.003589030406968921 --w_safe 0.4425227466193846 --w_pos 0.7738924465644064
--- Using device: cuda ---
--- Training model for 2000000 timesteps ---
--- Saving model to /super_fast_storage/bake/job_1491_9/optuna_trials/IntruderAvoidance-CNN-Parallel/trial_0/agent.zip ---
Evaluation command: python -u scripts/ConvNet/evaluate_intruder_for_optuna.py --model_path /super_fast_storage/bake/job_1491_9/optuna_trials/IntruderAvoidance-CNN-Parallel/trial_0/agent.zip --log_file /super_fast_storage/bake/job_1491_9/optuna_trials/IntruderAvoidance-CNN-Parallel/trial_0/evaluation_details.csv
✅ Trial 0 finished with values: [0.056805555555555554, 73.08283450071656]

--- Starting Trial 1 ---
Parameters: {'d_safe': 37.33610107109463, 'k_bubble': 42.98999239208558, 'C_collision': 649.3196866788962, 'k_pos': 0.005054251497653741, 'k_action': 0.003947521977344746, 'w_safe': 0.4339164729224009, 'w_pos': 0.49758438655136616}
Training command: python -u scripts/ConvNet/train_optuna.py --save_path /super_fast_storage/bake/job_1491_9/optuna_trials/IntruderAvoidance-CNN-Parallel/trial_1/agent.zip --total_timesteps 2000000 --n_envs 8 --d_safe 37.33610107109463 --k_bubble 42.98999239208558 --C_collision 649.3196866788962 --k_pos 0.005054251497653741 --k_action 0.003947521977344746 --w_safe 0.4339164729224009 --w_pos 0.49758438655136616
--- Using device: cuda ---
--- Training model for 2000000 timesteps ---
--- Saving model to /super_fast_storage/bake/job_1491_9/optuna_trials/IntruderAvoidance-CNN-Parallel/trial_1/agent.zip ---
Evaluation command: python -u scripts/ConvNet/evaluate_intruder_for_optuna.py --model_path /super_fast_storage/bake/job_1491_9/optuna_trials/IntruderAvoidance-CNN-Parallel/trial_1/agent.zip --log_file /super_fast_storage/bake/job_1491_9/optuna_trials/IntruderAvoidance-CNN-Parallel/trial_1/evaluation_details.csv
✅ Trial 1 finished with values: [0.078375, 73.89026607725418]

--- Starting Trial 2 ---
Parameters: {'d_safe': 33.764244965805474, 'k_bubble': 176.98711157044372, 'C_collision': 1226.0654996906442, 'k_pos': 0.05182519332990219, 'k_action': 0.030690331586426943, 'w_safe': 0.6383259247926638, 'w_pos': 0.8613990599621654}
Training command: python -u scripts/ConvNet/train_optuna.py --save_path /super_fast_storage/bake/job_1491_9/optuna_trials/IntruderAvoidance-CNN-Parallel/trial_2/agent.zip --total_timesteps 2000000 --n_envs 8 --d_safe 33.764244965805474 --k_bubble 176.98711157044372 --C_collision 1226.0654996906442 --k_pos 0.05182519332990219 --k_action 0.030690331586426943 --w_safe 0.6383259247926638 --w_pos 0.8613990599621654
--- Using device: cuda ---
--- Training model for 2000000 timesteps ---
--- Saving model to /super_fast_storage/bake/job_1491_9/optuna_trials/IntruderAvoidance-CNN-Parallel/trial_2/agent.zip ---
Evaluation command: python -u scripts/ConvNet/evaluate_intruder_for_optuna.py --model_path /super_fast_storage/bake/job_1491_9/optuna_trials/IntruderAvoidance-CNN-Parallel/trial_2/agent.zip --log_file /super_fast_storage/bake/job_1491_9/optuna_trials/IntruderAvoidance-CNN-Parallel/trial_2/evaluation_details.csv
✅ Trial 2 finished with values: [0.07586111111111112, 74.06167077801115]

--- Starting Trial 3 ---
Parameters: {'d_safe': 38.348511110656034, 'k_bubble': 71.02279788552417, 'C_collision': 960.330135062221, 'k_pos': 0.001062800352899045, 'k_action': 0.0010181652283399007, 'w_safe': 0.6413488271802928, 'w_pos': 0.8039843855047212}
Training command: python -u scripts/ConvNet/train_optuna.py --save_path /super_fast_storage/bake/job_1491_9/optuna_trials/IntruderAvoidance-CNN-Parallel/trial_3/agent.zip --total_timesteps 2000000 --n_envs 8 --d_safe 38.348511110656034 --k_bubble 71.02279788552417 --C_collision 960.330135062221 --k_pos 0.001062800352899045 --k_action 0.0010181652283399007 --w_safe 0.6413488271802928 --w_pos 0.8039843855047212
--- Using device: cuda ---
--- Training model for 2000000 timesteps ---
--- Saving model to /super_fast_storage/bake/job_1491_9/optuna_trials/IntruderAvoidance-CNN-Parallel/trial_3/agent.zip ---
Evaluation command: python -u scripts/ConvNet/evaluate_intruder_for_optuna.py --model_path /super_fast_storage/bake/job_1491_9/optuna_trials/IntruderAvoidance-CNN-Parallel/trial_3/agent.zip --log_file /super_fast_storage/bake/job_1491_9/optuna_trials/IntruderAvoidance-CNN-Parallel/trial_3/evaluation_details.csv
✅ Trial 3 finished with values: [0.07123611111111111, 80.52059726195444]

--- Starting Trial 4 ---
Parameters: {'d_safe': 18.005470096408033, 'k_bubble': 11.527960987127756, 'C_collision': 1609.5291767453405, 'k_pos': 0.07235923807279279, 'k_action': 0.0014529475097834273, 'w_safe': 0.1613329174589711, 'w_pos': 0.6058030552516965}
Training command: python -u scripts/ConvNet/train_optuna.py --save_path /super_fast_storage/bake/job_1491_9/optuna_trials/IntruderAvoidance-CNN-Parallel/trial_4/agent.zip --total_timesteps 2000000 --n_envs 8 --d_safe 18.005470096408033 --k_bubble 11.527960987127756 --C_collision 1609.5291767453405 --k_pos 0.07235923807279279 --k_action 0.0014529475097834273 --w_safe 0.1613329174589711 --w_pos 0.6058030552516965
--- Using device: cuda ---
--- Training model for 2000000 timesteps ---
--- Saving model to /super_fast_storage/bake/job_1491_9/optuna_trials/IntruderAvoidance-CNN-Parallel/trial_4/agent.zip ---
Evaluation command: python -u scripts/ConvNet/evaluate_intruder_for_optuna.py --model_path /super_fast_storage/bake/job_1491_9/optuna_trials/IntruderAvoidance-CNN-Parallel/trial_4/agent.zip --log_file /super_fast_storage/bake/job_1491_9/optuna_trials/IntruderAvoidance-CNN-Parallel/trial_4/evaluation_details.csv
✅ Trial 4 finished with values: [0.09305555555555556, 73.14741686927475]

--- Starting Trial 5 ---
Parameters: {'d_safe': 35.21269618323991, 'k_bubble': 64.13437993522021, 'C_collision': 1664.035283650451, 'k_pos': 0.013904044694815631, 'k_action': 0.030642864093023407, 'w_safe': 0.42294497332706205, 'w_pos': 0.8253004992739473}
Training command: python -u scripts/ConvNet/train_optuna.py --save_path /super_fast_storage/bake/job_1491_9/optuna_trials/IntruderAvoidance-CNN-Parallel/trial_5/agent.zip --total_timesteps 2000000 --n_envs 8 --d_safe 35.21269618323991 --k_bubble 64.13437993522021 --C_collision 1664.035283650451 --k_pos 0.013904044694815631 --k_action 0.030642864093023407 --w_safe 0.42294497332706205 --w_pos 0.8253004992739473
--- Using device: cuda ---
--- Training model for 2000000 timesteps ---
--- Saving model to /super_fast_storage/bake/job_1491_9/optuna_trials/IntruderAvoidance-CNN-Parallel/trial_5/agent.zip ---
Evaluation command: python -u scripts/ConvNet/evaluate_intruder_for_optuna.py --model_path /super_fast_storage/bake/job_1491_9/optuna_trials/IntruderAvoidance-CNN-Parallel/trial_5/agent.zip --log_file /super_fast_storage/bake/job_1491_9/optuna_trials/IntruderAvoidance-CNN-Parallel/trial_5/evaluation_details.csv
✅ Trial 5 finished with values: [0.0771388888888889, 73.80320160141757]

--- Starting Trial 6 ---
Parameters: {'d_safe': 25.54140310000018, 'k_bubble': 63.661155074064425, 'C_collision': 1616.6803101610953, 'k_pos': 0.0016897712994453425, 'k_action': 0.018981225558643025, 'w_safe': 0.6786392910419414, 'w_pos': 0.20031675837403792}
Training command: python -u scripts/ConvNet/train_optuna.py --save_path /super_fast_storage/bake/job_1491_9/optuna_trials/IntruderAvoidance-CNN-Parallel/trial_6/agent.zip --total_timesteps 2000000 --n_envs 8 --d_safe 25.54140310000018 --k_bubble 63.661155074064425 --C_collision 1616.6803101610953 --k_pos 0.0016897712994453425 --k_action 0.018981225558643025 --w_safe 0.6786392910419414 --w_pos 0.20031675837403792
--- Using device: cuda ---
--- Training model for 2000000 timesteps ---
--- Saving model to /super_fast_storage/bake/job_1491_9/optuna_trials/IntruderAvoidance-CNN-Parallel/trial_6/agent.zip ---
Evaluation command: python -u scripts/ConvNet/evaluate_intruder_for_optuna.py --model_path /super_fast_storage/bake/job_1491_9/optuna_trials/IntruderAvoidance-CNN-Parallel/trial_6/agent.zip --log_file /super_fast_storage/bake/job_1491_9/optuna_trials/IntruderAvoidance-CNN-Parallel/trial_6/evaluation_details.csv
✅ Trial 6 finished with values: [0.058958333333333335, 84.44991245747474]

--- Starting Trial 7 ---
Parameters: {'d_safe': 36.4491676268432, 'k_bubble': 107.98099393971893, 'C_collision': 1621.7332989357649, 'k_pos': 0.02705286229142215, 'k_action': 0.015508001058509979, 'w_safe': 0.4051158091657857, 'w_pos': 0.7327712314899469}
Training command: python -u scripts/ConvNet/train_optuna.py --save_path /super_fast_storage/bake/job_1491_9/optuna_trials/IntruderAvoidance-CNN-Parallel/trial_7/agent.zip --total_timesteps 2000000 --n_envs 8 --d_safe 36.4491676268432 --k_bubble 107.98099393971893 --C_collision 1621.7332989357649 --k_pos 0.02705286229142215 --k_action 0.015508001058509979 --w_safe 0.4051158091657857 --w_pos 0.7327712314899469
--- Using device: cuda ---
--- Training model for 2000000 timesteps ---
--- Saving model to /super_fast_storage/bake/job_1491_9/optuna_trials/IntruderAvoidance-CNN-Parallel/trial_7/agent.zip ---
Evaluation command: python -u scripts/ConvNet/evaluate_intruder_for_optuna.py --model_path /super_fast_storage/bake/job_1491_9/optuna_trials/IntruderAvoidance-CNN-Parallel/trial_7/agent.zip --log_file /super_fast_storage/bake/job_1491_9/optuna_trials/IntruderAvoidance-CNN-Parallel/trial_7/evaluation_details.csv
✅ Trial 7 finished with values: [0.07227777777777779, 73.89915799534104]

--- Starting Trial 8 ---
Parameters: {'d_safe': 39.52341236628192, 'k_bubble': 123.97223767491218, 'C_collision': 891.8842045522842, 'k_pos': 0.005166015714219807, 'k_action': 0.011490175586130047, 'w_safe': 0.7566835050579099, 'w_pos': 0.39943512769705436}
Training command: python -u scripts/ConvNet/train_optuna.py --save_path /super_fast_storage/bake/job_1491_9/optuna_trials/IntruderAvoidance-CNN-Parallel/trial_8/agent.zip --total_timesteps 2000000 --n_envs 8 --d_safe 39.52341236628192 --k_bubble 123.97223767491218 --C_collision 891.8842045522842 --k_pos 0.005166015714219807 --k_action 0.011490175586130047 --w_safe 0.7566835050579099 --w_pos 0.39943512769705436
--- Using device: cuda ---
--- Training model for 2000000 timesteps ---
--- Saving model to /super_fast_storage/bake/job_1491_9/optuna_trials/IntruderAvoidance-CNN-Parallel/trial_8/agent.zip ---
Evaluation command: python -u scripts/ConvNet/evaluate_intruder_for_optuna.py --model_path /super_fast_storage/bake/job_1491_9/optuna_trials/IntruderAvoidance-CNN-Parallel/trial_8/agent.zip --log_file /super_fast_storage/bake/job_1491_9/optuna_trials/IntruderAvoidance-CNN-Parallel/trial_8/evaluation_details.csv
✅ Trial 8 finished with values: [0.056916666666666664, 74.32994758485825]

--- Starting Trial 9 ---
Parameters: {'d_safe': 39.11380522829, 'k_bubble': 32.951744184358304, 'C_collision': 1179.6842211648545, 'k_pos': 0.0015038343586926068, 'k_action': 0.00157457350164372, 'w_safe': 0.8974315213971296, 'w_pos': 0.6291982123282978}
Training command: python -u scripts/ConvNet/train_optuna.py --save_path /super_fast_storage/bake/job_1491_9/optuna_trials/IntruderAvoidance-CNN-Parallel/trial_9/agent.zip --total_timesteps 2000000 --n_envs 8 --d_safe 39.11380522829 --k_bubble 32.951744184358304 --C_collision 1179.6842211648545 --k_pos 0.0015038343586926068 --k_action 0.00157457350164372 --w_safe 0.8974315213971296 --w_pos 0.6291982123282978
--- Using device: cuda ---
--- Training model for 2000000 timesteps ---
--- Saving model to /super_fast_storage/bake/job_1491_9/optuna_trials/IntruderAvoidance-CNN-Parallel/trial_9/agent.zip ---
Evaluation command: python -u scripts/ConvNet/evaluate_intruder_for_optuna.py --model_path /super_fast_storage/bake/job_1491_9/optuna_trials/IntruderAvoidance-CNN-Parallel/trial_9/agent.zip --log_file /super_fast_storage/bake/job_1491_9/optuna_trials/IntruderAvoidance-CNN-Parallel/trial_9/evaluation_details.csv
✅ Trial 9 finished with values: [0.05834722222222222, 76.87057689805079]

--- Worker finished 10 trials ---
--- Worker finished. Staging results back to permanent storage. ---
--- Job 9 fully complete. ---
