--- Starting Optuna Worker 15 for study 'IntruderAvoidance-CNN-Parallel' ---
Error: gym_pathfinding not installed. Please run 'pip install -e .' from your project root.
Error: gym_pathfinding not installed. Please run 'pip install -e .' from your project root.
Error: gym_pathfinding not installed. Please run 'pip install -e .' from your project root.
Error: gym_pathfinding not installed. Please run 'pip install -e .' from your project root.
Error: gym_pathfinding not installed. Please run 'pip install -e .' from your project root.
Error: gym_pathfinding not installed. Please run 'pip install -e .' from your project root.
Error: gym_pathfinding not installed. Please run 'pip install -e .' from your project root.
Error: gym_pathfinding not installed. Please run 'pip install -e .' from your project root.
Error: gym_pathfinding not installed. Please run 'pip install -e .' from your project root.
Error: gym_pathfinding not installed. Please run 'pip install -e .' from your project root.

--- Starting Trial 102 ---
Parameters: {'d_safe': 24.043315709763966, 'k_bubble': 155.5803499894797, 'C_collision': 603.2757884183524, 'k_pos': 0.006945357061920814, 'k_action': 0.004010588843920079, 'w_safe': 0.47045364230118103, 'w_pos': 0.5209376631305103}
Training command: python scripts/ConvNet/train_optuna.py --save_path optuna_trials/IntruderAvoidance-CNN-Parallel/trial_102/agent.zip --total_timesteps 2000000 --d_safe 24.043315709763966 --k_bubble 155.5803499894797 --C_collision 603.2757884183524 --k_pos 0.006945357061920814 --k_action 0.004010588843920079 --w_safe 0.47045364230118103 --w_pos 0.5209376631305103
Evaluation command: python scripts/ConvNet/evaluate_intruder_for_optuna.py --model_path optuna_trials/IntruderAvoidance-CNN-Parallel/trial_102/agent.zip --log_file optuna_trials/IntruderAvoidance-CNN-Parallel/trial_102/evaluation_details.csv
❌ Trial 102 failed during KPI parsing: Could not find JSON output block in evaluation script stdout.

--- Starting Trial 107 ---
Parameters: {'d_safe': 15.273176564900842, 'k_bubble': 194.0938775963662, 'C_collision': 1906.4981935720934, 'k_pos': 0.0032577348908531894, 'k_action': 0.001167392833304887, 'w_safe': 0.5390824909723333, 'w_pos': 0.21934439610055254}
Training command: python scripts/ConvNet/train_optuna.py --save_path optuna_trials/IntruderAvoidance-CNN-Parallel/trial_107/agent.zip --total_timesteps 2000000 --d_safe 15.273176564900842 --k_bubble 194.0938775963662 --C_collision 1906.4981935720934 --k_pos 0.0032577348908531894 --k_action 0.001167392833304887 --w_safe 0.5390824909723333 --w_pos 0.21934439610055254
Evaluation command: python scripts/ConvNet/evaluate_intruder_for_optuna.py --model_path optuna_trials/IntruderAvoidance-CNN-Parallel/trial_107/agent.zip --log_file optuna_trials/IntruderAvoidance-CNN-Parallel/trial_107/evaluation_details.csv
❌ Trial 107 failed during KPI parsing: Could not find JSON output block in evaluation script stdout.

--- Starting Trial 112 ---
Parameters: {'d_safe': 16.101513451351327, 'k_bubble': 101.81571258247608, 'C_collision': 1454.1694719756822, 'k_pos': 0.003306838345831049, 'k_action': 0.003318603084247616, 'w_safe': 0.18614073223478417, 'w_pos': 0.286679035518584}
Training command: python scripts/ConvNet/train_optuna.py --save_path optuna_trials/IntruderAvoidance-CNN-Parallel/trial_112/agent.zip --total_timesteps 2000000 --d_safe 16.101513451351327 --k_bubble 101.81571258247608 --C_collision 1454.1694719756822 --k_pos 0.003306838345831049 --k_action 0.003318603084247616 --w_safe 0.18614073223478417 --w_pos 0.286679035518584
Evaluation command: python scripts/ConvNet/evaluate_intruder_for_optuna.py --model_path optuna_trials/IntruderAvoidance-CNN-Parallel/trial_112/agent.zip --log_file optuna_trials/IntruderAvoidance-CNN-Parallel/trial_112/evaluation_details.csv
❌ Trial 112 failed during KPI parsing: Could not find JSON output block in evaluation script stdout.

--- Starting Trial 117 ---
Parameters: {'d_safe': 27.87355471737864, 'k_bubble': 32.77359836977304, 'C_collision': 1061.7229887452568, 'k_pos': 0.07279290379721917, 'k_action': 0.011550532676769866, 'w_safe': 0.16831416936776628, 'w_pos': 0.25635381258458434}
Training command: python scripts/ConvNet/train_optuna.py --save_path optuna_trials/IntruderAvoidance-CNN-Parallel/trial_117/agent.zip --total_timesteps 2000000 --d_safe 27.87355471737864 --k_bubble 32.77359836977304 --C_collision 1061.7229887452568 --k_pos 0.07279290379721917 --k_action 0.011550532676769866 --w_safe 0.16831416936776628 --w_pos 0.25635381258458434
Evaluation command: python scripts/ConvNet/evaluate_intruder_for_optuna.py --model_path optuna_trials/IntruderAvoidance-CNN-Parallel/trial_117/agent.zip --log_file optuna_trials/IntruderAvoidance-CNN-Parallel/trial_117/evaluation_details.csv
❌ Trial 117 failed during KPI parsing: Could not find JSON output block in evaluation script stdout.

--- Starting Trial 122 ---
Parameters: {'d_safe': 25.37951133321331, 'k_bubble': 160.9152478649689, 'C_collision': 1682.5170754768826, 'k_pos': 0.09936373547779566, 'k_action': 0.03535183263367334, 'w_safe': 0.30603945739570226, 'w_pos': 0.812743672729851}
Training command: python scripts/ConvNet/train_optuna.py --save_path optuna_trials/IntruderAvoidance-CNN-Parallel/trial_122/agent.zip --total_timesteps 2000000 --d_safe 25.37951133321331 --k_bubble 160.9152478649689 --C_collision 1682.5170754768826 --k_pos 0.09936373547779566 --k_action 0.03535183263367334 --w_safe 0.30603945739570226 --w_pos 0.812743672729851
Evaluation command: python scripts/ConvNet/evaluate_intruder_for_optuna.py --model_path optuna_trials/IntruderAvoidance-CNN-Parallel/trial_122/agent.zip --log_file optuna_trials/IntruderAvoidance-CNN-Parallel/trial_122/evaluation_details.csv
❌ Trial 122 failed during KPI parsing: Could not find JSON output block in evaluation script stdout.

--- Starting Trial 127 ---
Parameters: {'d_safe': 34.20629118315692, 'k_bubble': 140.7475106700158, 'C_collision': 1159.1740172559416, 'k_pos': 0.015018354853039415, 'k_action': 0.01137942101562836, 'w_safe': 0.7234080218731612, 'w_pos': 0.48094296305021933}
Training command: python scripts/ConvNet/train_optuna.py --save_path optuna_trials/IntruderAvoidance-CNN-Parallel/trial_127/agent.zip --total_timesteps 2000000 --d_safe 34.20629118315692 --k_bubble 140.7475106700158 --C_collision 1159.1740172559416 --k_pos 0.015018354853039415 --k_action 0.01137942101562836 --w_safe 0.7234080218731612 --w_pos 0.48094296305021933
Evaluation command: python scripts/ConvNet/evaluate_intruder_for_optuna.py --model_path optuna_trials/IntruderAvoidance-CNN-Parallel/trial_127/agent.zip --log_file optuna_trials/IntruderAvoidance-CNN-Parallel/trial_127/evaluation_details.csv
❌ Trial 127 failed during KPI parsing: Could not find JSON output block in evaluation script stdout.

--- Starting Trial 132 ---
Parameters: {'d_safe': 10.720922370014485, 'k_bubble': 57.418702900071814, 'C_collision': 1763.3651793093195, 'k_pos': 0.03887974886666221, 'k_action': 0.011765585863502133, 'w_safe': 0.7096908931297718, 'w_pos': 0.21599438478803884}
Training command: python scripts/ConvNet/train_optuna.py --save_path optuna_trials/IntruderAvoidance-CNN-Parallel/trial_132/agent.zip --total_timesteps 2000000 --d_safe 10.720922370014485 --k_bubble 57.418702900071814 --C_collision 1763.3651793093195 --k_pos 0.03887974886666221 --k_action 0.011765585863502133 --w_safe 0.7096908931297718 --w_pos 0.21599438478803884
Evaluation command: python scripts/ConvNet/evaluate_intruder_for_optuna.py --model_path optuna_trials/IntruderAvoidance-CNN-Parallel/trial_132/agent.zip --log_file optuna_trials/IntruderAvoidance-CNN-Parallel/trial_132/evaluation_details.csv
❌ Trial 132 failed during KPI parsing: Could not find JSON output block in evaluation script stdout.

--- Starting Trial 137 ---
Parameters: {'d_safe': 19.70505401419953, 'k_bubble': 51.394311710420304, 'C_collision': 1798.6404100117036, 'k_pos': 0.003914846562221782, 'k_action': 0.01635880828917021, 'w_safe': 0.5083451437098704, 'w_pos': 0.5729995904618893}
Training command: python scripts/ConvNet/train_optuna.py --save_path optuna_trials/IntruderAvoidance-CNN-Parallel/trial_137/agent.zip --total_timesteps 2000000 --d_safe 19.70505401419953 --k_bubble 51.394311710420304 --C_collision 1798.6404100117036 --k_pos 0.003914846562221782 --k_action 0.01635880828917021 --w_safe 0.5083451437098704 --w_pos 0.5729995904618893
Evaluation command: python scripts/ConvNet/evaluate_intruder_for_optuna.py --model_path optuna_trials/IntruderAvoidance-CNN-Parallel/trial_137/agent.zip --log_file optuna_trials/IntruderAvoidance-CNN-Parallel/trial_137/evaluation_details.csv
❌ Trial 137 failed during KPI parsing: Could not find JSON output block in evaluation script stdout.

--- Starting Trial 142 ---
Parameters: {'d_safe': 28.2345532429368, 'k_bubble': 100.92552943613353, 'C_collision': 888.2729420948403, 'k_pos': 0.019664545794866324, 'k_action': 0.04424180806821236, 'w_safe': 0.44858647250351225, 'w_pos': 0.48105706735849185}
Training command: python scripts/ConvNet/train_optuna.py --save_path optuna_trials/IntruderAvoidance-CNN-Parallel/trial_142/agent.zip --total_timesteps 2000000 --d_safe 28.2345532429368 --k_bubble 100.92552943613353 --C_collision 888.2729420948403 --k_pos 0.019664545794866324 --k_action 0.04424180806821236 --w_safe 0.44858647250351225 --w_pos 0.48105706735849185
Evaluation command: python scripts/ConvNet/evaluate_intruder_for_optuna.py --model_path optuna_trials/IntruderAvoidance-CNN-Parallel/trial_142/agent.zip --log_file optuna_trials/IntruderAvoidance-CNN-Parallel/trial_142/evaluation_details.csv
❌ Trial 142 failed during KPI parsing: Could not find JSON output block in evaluation script stdout.

--- Starting Trial 147 ---
Parameters: {'d_safe': 27.461383672532378, 'k_bubble': 178.53538651560947, 'C_collision': 550.4093751751149, 'k_pos': 0.02055288832729354, 'k_action': 0.005039913802339258, 'w_safe': 0.6399451909322724, 'w_pos': 0.48132039691367723}
Training command: python scripts/ConvNet/train_optuna.py --save_path optuna_trials/IntruderAvoidance-CNN-Parallel/trial_147/agent.zip --total_timesteps 2000000 --d_safe 27.461383672532378 --k_bubble 178.53538651560947 --C_collision 550.4093751751149 --k_pos 0.02055288832729354 --k_action 0.005039913802339258 --w_safe 0.6399451909322724 --w_pos 0.48132039691367723
Evaluation command: python scripts/ConvNet/evaluate_intruder_for_optuna.py --model_path optuna_trials/IntruderAvoidance-CNN-Parallel/trial_147/agent.zip --log_file optuna_trials/IntruderAvoidance-CNN-Parallel/trial_147/evaluation_details.csv
❌ Trial 147 failed during KPI parsing: Could not find JSON output block in evaluation script stdout.

--- Worker finished 10 trials ---
--- Worker 15 finished. ---
