--- Staging project to fast local storage: /super_fast_storage/bake/job_1483_1 ---
--- Starting Optuna Worker 1 in /super_fast_storage/bake/job_1483_1 ---

--- Starting Trial 0 ---
Parameters: {'d_safe': 27.4304859967882, 'k_bubble': 49.05510909496385, 'C_collision': 1194.3735642466545, 'k_pos': 0.005310834236863777, 'k_action': 0.0035360741648463225, 'w_safe': 0.4453402937103489, 'w_pos': 0.28192631937274215}
Training command: python -u scripts/ConvNet/train_optuna.py --save_path /super_fast_storage/bake/job_1483_1/optuna_trials/IntruderAvoidance-CNN-Parallel/trial_0/agent.zip --total_timesteps 2000000 --n_envs 8 --d_safe 27.4304859967882 --k_bubble 49.05510909496385 --C_collision 1194.3735642466545 --k_pos 0.005310834236863777 --k_action 0.0035360741648463225 --w_safe 0.4453402937103489 --w_pos 0.28192631937274215
--- Using device: cuda ---
--- Training model for 2000000 timesteps ---
--- Saving model to /super_fast_storage/bake/job_1483_1/optuna_trials/IntruderAvoidance-CNN-Parallel/trial_0/agent.zip ---
Evaluation command: python -u scripts/ConvNet/evaluate_intruder_for_optuna.py --model_path /super_fast_storage/bake/job_1483_1/optuna_trials/IntruderAvoidance-CNN-Parallel/trial_0/agent.zip --log_file /super_fast_storage/bake/job_1483_1/optuna_trials/IntruderAvoidance-CNN-Parallel/trial_0/evaluation_details.csv
✅ Trial 0 finished with values: [0.07148611111111111, 74.74810216537365]

--- Starting Trial 1 ---
Parameters: {'d_safe': 14.474350564862167, 'k_bubble': 35.7265258618621, 'C_collision': 803.37944999038, 'k_pos': 0.01050605258425217, 'k_action': 0.005964141752344843, 'w_safe': 0.5886930991652926, 'w_pos': 0.24165087151434142}
Training command: python -u scripts/ConvNet/train_optuna.py --save_path /super_fast_storage/bake/job_1483_1/optuna_trials/IntruderAvoidance-CNN-Parallel/trial_1/agent.zip --total_timesteps 2000000 --n_envs 8 --d_safe 14.474350564862167 --k_bubble 35.7265258618621 --C_collision 803.37944999038 --k_pos 0.01050605258425217 --k_action 0.005964141752344843 --w_safe 0.5886930991652926 --w_pos 0.24165087151434142
--- Using device: cuda ---
--- Training model for 2000000 timesteps ---
--- Saving model to /super_fast_storage/bake/job_1483_1/optuna_trials/IntruderAvoidance-CNN-Parallel/trial_1/agent.zip ---
Evaluation command: python -u scripts/ConvNet/evaluate_intruder_for_optuna.py --model_path /super_fast_storage/bake/job_1483_1/optuna_trials/IntruderAvoidance-CNN-Parallel/trial_1/agent.zip --log_file /super_fast_storage/bake/job_1483_1/optuna_trials/IntruderAvoidance-CNN-Parallel/trial_1/evaluation_details.csv
✅ Trial 1 finished with values: [0.08051388888888888, 75.00250820393902]

--- Starting Trial 2 ---
Parameters: {'d_safe': 39.180632904967936, 'k_bubble': 192.93594402059853, 'C_collision': 1792.7231576099764, 'k_pos': 0.06866669657089769, 'k_action': 0.002468802313501374, 'w_safe': 0.8683938405530006, 'w_pos': 0.4723157303040062}
Training command: python -u scripts/ConvNet/train_optuna.py --save_path /super_fast_storage/bake/job_1483_1/optuna_trials/IntruderAvoidance-CNN-Parallel/trial_2/agent.zip --total_timesteps 2000000 --n_envs 8 --d_safe 39.180632904967936 --k_bubble 192.93594402059853 --C_collision 1792.7231576099764 --k_pos 0.06866669657089769 --k_action 0.002468802313501374 --w_safe 0.8683938405530006 --w_pos 0.4723157303040062
--- Using device: cuda ---
--- Training model for 2000000 timesteps ---
--- Saving model to /super_fast_storage/bake/job_1483_1/optuna_trials/IntruderAvoidance-CNN-Parallel/trial_2/agent.zip ---
Evaluation command: python -u scripts/ConvNet/evaluate_intruder_for_optuna.py --model_path /super_fast_storage/bake/job_1483_1/optuna_trials/IntruderAvoidance-CNN-Parallel/trial_2/agent.zip --log_file /super_fast_storage/bake/job_1483_1/optuna_trials/IntruderAvoidance-CNN-Parallel/trial_2/evaluation_details.csv
✅ Trial 2 finished with values: [0.092875, 71.89721070180322]

--- Starting Trial 3 ---
Parameters: {'d_safe': 26.50428107292449, 'k_bubble': 110.89744084108126, 'C_collision': 761.702763509389, 'k_pos': 0.0032193850004500237, 'k_action': 0.025920655096087642, 'w_safe': 0.4991882142121574, 'w_pos': 0.6544916756674077}
Training command: python -u scripts/ConvNet/train_optuna.py --save_path /super_fast_storage/bake/job_1483_1/optuna_trials/IntruderAvoidance-CNN-Parallel/trial_3/agent.zip --total_timesteps 2000000 --n_envs 8 --d_safe 26.50428107292449 --k_bubble 110.89744084108126 --C_collision 761.702763509389 --k_pos 0.0032193850004500237 --k_action 0.025920655096087642 --w_safe 0.4991882142121574 --w_pos 0.6544916756674077
--- Using device: cuda ---
--- Training model for 2000000 timesteps ---
--- Saving model to /super_fast_storage/bake/job_1483_1/optuna_trials/IntruderAvoidance-CNN-Parallel/trial_3/agent.zip ---
Evaluation command: python -u scripts/ConvNet/evaluate_intruder_for_optuna.py --model_path /super_fast_storage/bake/job_1483_1/optuna_trials/IntruderAvoidance-CNN-Parallel/trial_3/agent.zip --log_file /super_fast_storage/bake/job_1483_1/optuna_trials/IntruderAvoidance-CNN-Parallel/trial_3/evaluation_details.csv
✅ Trial 3 finished with values: [0.07109722222222221, 72.74166651530594]

--- Starting Trial 4 ---
Parameters: {'d_safe': 26.079537473474154, 'k_bubble': 29.744105604228224, 'C_collision': 1054.30720796884, 'k_pos': 0.001929636332610098, 'k_action': 0.001114388460001682, 'w_safe': 0.308195666842461, 'w_pos': 0.10191662180327095}
Training command: python -u scripts/ConvNet/train_optuna.py --save_path /super_fast_storage/bake/job_1483_1/optuna_trials/IntruderAvoidance-CNN-Parallel/trial_4/agent.zip --total_timesteps 2000000 --n_envs 8 --d_safe 26.079537473474154 --k_bubble 29.744105604228224 --C_collision 1054.30720796884 --k_pos 0.001929636332610098 --k_action 0.001114388460001682 --w_safe 0.308195666842461 --w_pos 0.10191662180327095
--- Using device: cuda ---
--- Training model for 2000000 timesteps ---
--- Saving model to /super_fast_storage/bake/job_1483_1/optuna_trials/IntruderAvoidance-CNN-Parallel/trial_4/agent.zip ---
Evaluation command: python -u scripts/ConvNet/evaluate_intruder_for_optuna.py --model_path /super_fast_storage/bake/job_1483_1/optuna_trials/IntruderAvoidance-CNN-Parallel/trial_4/agent.zip --log_file /super_fast_storage/bake/job_1483_1/optuna_trials/IntruderAvoidance-CNN-Parallel/trial_4/evaluation_details.csv
✅ Trial 4 finished with values: [0.11270833333333334, 68.24296512613289]

--- Starting Trial 5 ---
Parameters: {'d_safe': 32.234048877435114, 'k_bubble': 150.44734936330383, 'C_collision': 1024.0116321716941, 'k_pos': 0.004103967974537236, 'k_action': 0.08382461320560161, 'w_safe': 0.18239822772383088, 'w_pos': 0.12200247713609028}
Training command: python -u scripts/ConvNet/train_optuna.py --save_path /super_fast_storage/bake/job_1483_1/optuna_trials/IntruderAvoidance-CNN-Parallel/trial_5/agent.zip --total_timesteps 2000000 --n_envs 8 --d_safe 32.234048877435114 --k_bubble 150.44734936330383 --C_collision 1024.0116321716941 --k_pos 0.004103967974537236 --k_action 0.08382461320560161 --w_safe 0.18239822772383088 --w_pos 0.12200247713609028
--- Using device: cuda ---
--- Training model for 2000000 timesteps ---
--- Saving model to /super_fast_storage/bake/job_1483_1/optuna_trials/IntruderAvoidance-CNN-Parallel/trial_5/agent.zip ---
Evaluation command: python -u scripts/ConvNet/evaluate_intruder_for_optuna.py --model_path /super_fast_storage/bake/job_1483_1/optuna_trials/IntruderAvoidance-CNN-Parallel/trial_5/agent.zip --log_file /super_fast_storage/bake/job_1483_1/optuna_trials/IntruderAvoidance-CNN-Parallel/trial_5/evaluation_details.csv
✅ Trial 5 finished with values: [0.06216666666666667, 76.43354847482597]

--- Starting Trial 6 ---
Parameters: {'d_safe': 22.23847741252436, 'k_bubble': 96.31272894937425, 'C_collision': 1811.889501075902, 'k_pos': 0.007675826022614769, 'k_action': 0.0050666375005334555, 'w_safe': 0.6081274495935106, 'w_pos': 0.7434528933461378}
Training command: python -u scripts/ConvNet/train_optuna.py --save_path /super_fast_storage/bake/job_1483_1/optuna_trials/IntruderAvoidance-CNN-Parallel/trial_6/agent.zip --total_timesteps 2000000 --n_envs 8 --d_safe 22.23847741252436 --k_bubble 96.31272894937425 --C_collision 1811.889501075902 --k_pos 0.007675826022614769 --k_action 0.0050666375005334555 --w_safe 0.6081274495935106 --w_pos 0.7434528933461378
--- Using device: cuda ---
--- Training model for 2000000 timesteps ---
--- Saving model to /super_fast_storage/bake/job_1483_1/optuna_trials/IntruderAvoidance-CNN-Parallel/trial_6/agent.zip ---
Evaluation command: python -u scripts/ConvNet/evaluate_intruder_for_optuna.py --model_path /super_fast_storage/bake/job_1483_1/optuna_trials/IntruderAvoidance-CNN-Parallel/trial_6/agent.zip --log_file /super_fast_storage/bake/job_1483_1/optuna_trials/IntruderAvoidance-CNN-Parallel/trial_6/evaluation_details.csv
✅ Trial 6 finished with values: [0.05723611111111112, 74.54708326505012]

--- Starting Trial 7 ---
Parameters: {'d_safe': 29.490830604546627, 'k_bubble': 152.14466308455164, 'C_collision': 556.3994497347537, 'k_pos': 0.0016591669047790166, 'k_action': 0.005951643904668837, 'w_safe': 0.2764655119851218, 'w_pos': 0.5510500022024598}
Training command: python -u scripts/ConvNet/train_optuna.py --save_path /super_fast_storage/bake/job_1483_1/optuna_trials/IntruderAvoidance-CNN-Parallel/trial_7/agent.zip --total_timesteps 2000000 --n_envs 8 --d_safe 29.490830604546627 --k_bubble 152.14466308455164 --C_collision 556.3994497347537 --k_pos 0.0016591669047790166 --k_action 0.005951643904668837 --w_safe 0.2764655119851218 --w_pos 0.5510500022024598
--- Using device: cuda ---
--- Training model for 2000000 timesteps ---
--- Saving model to /super_fast_storage/bake/job_1483_1/optuna_trials/IntruderAvoidance-CNN-Parallel/trial_7/agent.zip ---
Evaluation command: python -u scripts/ConvNet/evaluate_intruder_for_optuna.py --model_path /super_fast_storage/bake/job_1483_1/optuna_trials/IntruderAvoidance-CNN-Parallel/trial_7/agent.zip --log_file /super_fast_storage/bake/job_1483_1/optuna_trials/IntruderAvoidance-CNN-Parallel/trial_7/evaluation_details.csv
✅ Trial 7 finished with values: [0.07555555555555556, 67.59683310242792]

--- Starting Trial 8 ---
Parameters: {'d_safe': 37.72192752791032, 'k_bubble': 131.03087319308975, 'C_collision': 1432.8705474767464, 'k_pos': 0.07933225941932077, 'k_action': 0.025964834161743295, 'w_safe': 0.3076489537290457, 'w_pos': 0.6679223604589621}
Training command: python -u scripts/ConvNet/train_optuna.py --save_path /super_fast_storage/bake/job_1483_1/optuna_trials/IntruderAvoidance-CNN-Parallel/trial_8/agent.zip --total_timesteps 2000000 --n_envs 8 --d_safe 37.72192752791032 --k_bubble 131.03087319308975 --C_collision 1432.8705474767464 --k_pos 0.07933225941932077 --k_action 0.025964834161743295 --w_safe 0.3076489537290457 --w_pos 0.6679223604589621
--- Using device: cuda ---
--- Training model for 2000000 timesteps ---
--- Saving model to /super_fast_storage/bake/job_1483_1/optuna_trials/IntruderAvoidance-CNN-Parallel/trial_8/agent.zip ---
Evaluation command: python -u scripts/ConvNet/evaluate_intruder_for_optuna.py --model_path /super_fast_storage/bake/job_1483_1/optuna_trials/IntruderAvoidance-CNN-Parallel/trial_8/agent.zip --log_file /super_fast_storage/bake/job_1483_1/optuna_trials/IntruderAvoidance-CNN-Parallel/trial_8/evaluation_details.csv
✅ Trial 8 finished with values: [0.0933888888888889, 76.28393201799715]

--- Starting Trial 9 ---
Parameters: {'d_safe': 11.752031142788875, 'k_bubble': 152.4995584348822, 'C_collision': 1090.5056901927064, 'k_pos': 0.0026666342970225456, 'k_action': 0.0018033580185463935, 'w_safe': 0.7046243336332079, 'w_pos': 0.5681060503692745}
Training command: python -u scripts/ConvNet/train_optuna.py --save_path /super_fast_storage/bake/job_1483_1/optuna_trials/IntruderAvoidance-CNN-Parallel/trial_9/agent.zip --total_timesteps 2000000 --n_envs 8 --d_safe 11.752031142788875 --k_bubble 152.4995584348822 --C_collision 1090.5056901927064 --k_pos 0.0026666342970225456 --k_action 0.0018033580185463935 --w_safe 0.7046243336332079 --w_pos 0.5681060503692745
--- Using device: cuda ---
--- Training model for 2000000 timesteps ---
--- Saving model to /super_fast_storage/bake/job_1483_1/optuna_trials/IntruderAvoidance-CNN-Parallel/trial_9/agent.zip ---
Evaluation command: python -u scripts/ConvNet/evaluate_intruder_for_optuna.py --model_path /super_fast_storage/bake/job_1483_1/optuna_trials/IntruderAvoidance-CNN-Parallel/trial_9/agent.zip --log_file /super_fast_storage/bake/job_1483_1/optuna_trials/IntruderAvoidance-CNN-Parallel/trial_9/evaluation_details.csv
✅ Trial 9 finished with values: [0.08431944444444445, 78.92273940123893]

--- Worker finished 10 trials ---
--- Worker finished. Staging results back to permanent storage. ---
--- Job 1 fully complete. ---
