--- Staging project to fast local storage: /super_fast_storage/bake/job_1487_5 ---
--- Starting Optuna Worker 5 in /super_fast_storage/bake/job_1487_5 ---

--- Starting Trial 0 ---
Parameters: {'d_safe': 22.967245937178426, 'k_bubble': 106.86599330328167, 'C_collision': 740.6442993380438, 'k_pos': 0.02721712652366796, 'k_action': 0.006902294325606516, 'w_safe': 0.13275738432443981, 'w_pos': 0.7640503538799361}
Training command: python -u scripts/ConvNet/train_optuna.py --save_path /super_fast_storage/bake/job_1487_5/optuna_trials/IntruderAvoidance-CNN-Parallel/trial_0/agent.zip --total_timesteps 2000000 --n_envs 8 --d_safe 22.967245937178426 --k_bubble 106.86599330328167 --C_collision 740.6442993380438 --k_pos 0.02721712652366796 --k_action 0.006902294325606516 --w_safe 0.13275738432443981 --w_pos 0.7640503538799361
--- Using device: cuda ---
--- Training model for 2000000 timesteps ---
--- Saving model to /super_fast_storage/bake/job_1487_5/optuna_trials/IntruderAvoidance-CNN-Parallel/trial_0/agent.zip ---
Evaluation command: python -u scripts/ConvNet/evaluate_intruder_for_optuna.py --model_path /super_fast_storage/bake/job_1487_5/optuna_trials/IntruderAvoidance-CNN-Parallel/trial_0/agent.zip --log_file /super_fast_storage/bake/job_1487_5/optuna_trials/IntruderAvoidance-CNN-Parallel/trial_0/evaluation_details.csv
✅ Trial 0 finished with values: [0.06197222222222223, 78.29936033200755]

--- Starting Trial 1 ---
Parameters: {'d_safe': 37.916360975797474, 'k_bubble': 60.264510702049975, 'C_collision': 852.4413192974703, 'k_pos': 0.06366419163502407, 'k_action': 0.0025774145325796957, 'w_safe': 0.36709214186464156, 'w_pos': 0.7634309939883684}
Training command: python -u scripts/ConvNet/train_optuna.py --save_path /super_fast_storage/bake/job_1487_5/optuna_trials/IntruderAvoidance-CNN-Parallel/trial_1/agent.zip --total_timesteps 2000000 --n_envs 8 --d_safe 37.916360975797474 --k_bubble 60.264510702049975 --C_collision 852.4413192974703 --k_pos 0.06366419163502407 --k_action 0.0025774145325796957 --w_safe 0.36709214186464156 --w_pos 0.7634309939883684
--- Using device: cuda ---
--- Training model for 2000000 timesteps ---
--- Saving model to /super_fast_storage/bake/job_1487_5/optuna_trials/IntruderAvoidance-CNN-Parallel/trial_1/agent.zip ---
Evaluation command: python -u scripts/ConvNet/evaluate_intruder_for_optuna.py --model_path /super_fast_storage/bake/job_1487_5/optuna_trials/IntruderAvoidance-CNN-Parallel/trial_1/agent.zip --log_file /super_fast_storage/bake/job_1487_5/optuna_trials/IntruderAvoidance-CNN-Parallel/trial_1/evaluation_details.csv
✅ Trial 1 finished with values: [0.06969444444444445, 90.91071082039086]

--- Starting Trial 2 ---
Parameters: {'d_safe': 19.57669841912148, 'k_bubble': 194.87367900785267, 'C_collision': 506.6275995782319, 'k_pos': 0.01130107613624759, 'k_action': 0.09560970050452586, 'w_safe': 0.3741254043602441, 'w_pos': 0.7996779179724853}
Training command: python -u scripts/ConvNet/train_optuna.py --save_path /super_fast_storage/bake/job_1487_5/optuna_trials/IntruderAvoidance-CNN-Parallel/trial_2/agent.zip --total_timesteps 2000000 --n_envs 8 --d_safe 19.57669841912148 --k_bubble 194.87367900785267 --C_collision 506.6275995782319 --k_pos 0.01130107613624759 --k_action 0.09560970050452586 --w_safe 0.3741254043602441 --w_pos 0.7996779179724853
--- Using device: cuda ---
--- Training model for 2000000 timesteps ---
--- Saving model to /super_fast_storage/bake/job_1487_5/optuna_trials/IntruderAvoidance-CNN-Parallel/trial_2/agent.zip ---
Evaluation command: python -u scripts/ConvNet/evaluate_intruder_for_optuna.py --model_path /super_fast_storage/bake/job_1487_5/optuna_trials/IntruderAvoidance-CNN-Parallel/trial_2/agent.zip --log_file /super_fast_storage/bake/job_1487_5/optuna_trials/IntruderAvoidance-CNN-Parallel/trial_2/evaluation_details.csv
✅ Trial 2 finished with values: [0.04783333333333334, 72.4355369824658]

--- Starting Trial 3 ---
Parameters: {'d_safe': 19.15691694466426, 'k_bubble': 15.863673675707073, 'C_collision': 1989.0934231480317, 'k_pos': 0.05779181778537404, 'k_action': 0.021853180726446403, 'w_safe': 0.3248843201678129, 'w_pos': 0.5120855662374727}
Training command: python -u scripts/ConvNet/train_optuna.py --save_path /super_fast_storage/bake/job_1487_5/optuna_trials/IntruderAvoidance-CNN-Parallel/trial_3/agent.zip --total_timesteps 2000000 --n_envs 8 --d_safe 19.15691694466426 --k_bubble 15.863673675707073 --C_collision 1989.0934231480317 --k_pos 0.05779181778537404 --k_action 0.021853180726446403 --w_safe 0.3248843201678129 --w_pos 0.5120855662374727
--- Using device: cuda ---
--- Training model for 2000000 timesteps ---
--- Saving model to /super_fast_storage/bake/job_1487_5/optuna_trials/IntruderAvoidance-CNN-Parallel/trial_3/agent.zip ---
Evaluation command: python -u scripts/ConvNet/evaluate_intruder_for_optuna.py --model_path /super_fast_storage/bake/job_1487_5/optuna_trials/IntruderAvoidance-CNN-Parallel/trial_3/agent.zip --log_file /super_fast_storage/bake/job_1487_5/optuna_trials/IntruderAvoidance-CNN-Parallel/trial_3/evaluation_details.csv
✅ Trial 3 finished with values: [0.057305555555555554, 59.49402289924105]

--- Starting Trial 4 ---
Parameters: {'d_safe': 26.231174326212166, 'k_bubble': 170.36424815354144, 'C_collision': 1110.303901137272, 'k_pos': 0.0015760365078251722, 'k_action': 0.0012063050558643832, 'w_safe': 0.5784132776848968, 'w_pos': 0.728515936219232}
Training command: python -u scripts/ConvNet/train_optuna.py --save_path /super_fast_storage/bake/job_1487_5/optuna_trials/IntruderAvoidance-CNN-Parallel/trial_4/agent.zip --total_timesteps 2000000 --n_envs 8 --d_safe 26.231174326212166 --k_bubble 170.36424815354144 --C_collision 1110.303901137272 --k_pos 0.0015760365078251722 --k_action 0.0012063050558643832 --w_safe 0.5784132776848968 --w_pos 0.728515936219232
--- Using device: cuda ---
--- Training model for 2000000 timesteps ---
--- Saving model to /super_fast_storage/bake/job_1487_5/optuna_trials/IntruderAvoidance-CNN-Parallel/trial_4/agent.zip ---
Evaluation command: python -u scripts/ConvNet/evaluate_intruder_for_optuna.py --model_path /super_fast_storage/bake/job_1487_5/optuna_trials/IntruderAvoidance-CNN-Parallel/trial_4/agent.zip --log_file /super_fast_storage/bake/job_1487_5/optuna_trials/IntruderAvoidance-CNN-Parallel/trial_4/evaluation_details.csv
✅ Trial 4 finished with values: [0.09576388888888888, 76.42136926385002]

--- Starting Trial 5 ---
Parameters: {'d_safe': 25.371188546293794, 'k_bubble': 44.77462799456074, 'C_collision': 955.552646314529, 'k_pos': 0.02068082049703273, 'k_action': 0.017640493855488056, 'w_safe': 0.5581640553278578, 'w_pos': 0.7424625262880722}
Training command: python -u scripts/ConvNet/train_optuna.py --save_path /super_fast_storage/bake/job_1487_5/optuna_trials/IntruderAvoidance-CNN-Parallel/trial_5/agent.zip --total_timesteps 2000000 --n_envs 8 --d_safe 25.371188546293794 --k_bubble 44.77462799456074 --C_collision 955.552646314529 --k_pos 0.02068082049703273 --k_action 0.017640493855488056 --w_safe 0.5581640553278578 --w_pos 0.7424625262880722
--- Using device: cuda ---
--- Training model for 2000000 timesteps ---
--- Saving model to /super_fast_storage/bake/job_1487_5/optuna_trials/IntruderAvoidance-CNN-Parallel/trial_5/agent.zip ---
Evaluation command: python -u scripts/ConvNet/evaluate_intruder_for_optuna.py --model_path /super_fast_storage/bake/job_1487_5/optuna_trials/IntruderAvoidance-CNN-Parallel/trial_5/agent.zip --log_file /super_fast_storage/bake/job_1487_5/optuna_trials/IntruderAvoidance-CNN-Parallel/trial_5/evaluation_details.csv
✅ Trial 5 finished with values: [0.07488888888888888, 74.38216918685583]

--- Starting Trial 6 ---
Parameters: {'d_safe': 24.023556686269927, 'k_bubble': 121.64321899098289, 'C_collision': 1304.6889534976413, 'k_pos': 0.05693301340344072, 'k_action': 0.013342301590842385, 'w_safe': 0.8176780867195591, 'w_pos': 0.45754279652157814}
Training command: python -u scripts/ConvNet/train_optuna.py --save_path /super_fast_storage/bake/job_1487_5/optuna_trials/IntruderAvoidance-CNN-Parallel/trial_6/agent.zip --total_timesteps 2000000 --n_envs 8 --d_safe 24.023556686269927 --k_bubble 121.64321899098289 --C_collision 1304.6889534976413 --k_pos 0.05693301340344072 --k_action 0.013342301590842385 --w_safe 0.8176780867195591 --w_pos 0.45754279652157814
--- Using device: cuda ---
--- Training model for 2000000 timesteps ---
--- Saving model to /super_fast_storage/bake/job_1487_5/optuna_trials/IntruderAvoidance-CNN-Parallel/trial_6/agent.zip ---
Evaluation command: python -u scripts/ConvNet/evaluate_intruder_for_optuna.py --model_path /super_fast_storage/bake/job_1487_5/optuna_trials/IntruderAvoidance-CNN-Parallel/trial_6/agent.zip --log_file /super_fast_storage/bake/job_1487_5/optuna_trials/IntruderAvoidance-CNN-Parallel/trial_6/evaluation_details.csv
✅ Trial 6 finished with values: [0.1074861111111111, 76.31278836374368]

--- Starting Trial 7 ---
Parameters: {'d_safe': 28.548952618708945, 'k_bubble': 41.442697182352035, 'C_collision': 1118.578097663635, 'k_pos': 0.011943003259743117, 'k_action': 0.03190537426615571, 'w_safe': 0.15873350440222522, 'w_pos': 0.8531315395426085}
Training command: python -u scripts/ConvNet/train_optuna.py --save_path /super_fast_storage/bake/job_1487_5/optuna_trials/IntruderAvoidance-CNN-Parallel/trial_7/agent.zip --total_timesteps 2000000 --n_envs 8 --d_safe 28.548952618708945 --k_bubble 41.442697182352035 --C_collision 1118.578097663635 --k_pos 0.011943003259743117 --k_action 0.03190537426615571 --w_safe 0.15873350440222522 --w_pos 0.8531315395426085
--- Using device: cuda ---
--- Training model for 2000000 timesteps ---
--- Saving model to /super_fast_storage/bake/job_1487_5/optuna_trials/IntruderAvoidance-CNN-Parallel/trial_7/agent.zip ---
Evaluation command: python -u scripts/ConvNet/evaluate_intruder_for_optuna.py --model_path /super_fast_storage/bake/job_1487_5/optuna_trials/IntruderAvoidance-CNN-Parallel/trial_7/agent.zip --log_file /super_fast_storage/bake/job_1487_5/optuna_trials/IntruderAvoidance-CNN-Parallel/trial_7/evaluation_details.csv
✅ Trial 7 finished with values: [0.057638888888888885, 73.63930286604328]

--- Starting Trial 8 ---
Parameters: {'d_safe': 17.303485118633333, 'k_bubble': 177.41408988121478, 'C_collision': 1296.358368124758, 'k_pos': 0.0012120396639343463, 'k_action': 0.002382984139015629, 'w_safe': 0.8821927365162464, 'w_pos': 0.8509747523680532}
Training command: python -u scripts/ConvNet/train_optuna.py --save_path /super_fast_storage/bake/job_1487_5/optuna_trials/IntruderAvoidance-CNN-Parallel/trial_8/agent.zip --total_timesteps 2000000 --n_envs 8 --d_safe 17.303485118633333 --k_bubble 177.41408988121478 --C_collision 1296.358368124758 --k_pos 0.0012120396639343463 --k_action 0.002382984139015629 --w_safe 0.8821927365162464 --w_pos 0.8509747523680532
--- Using device: cuda ---
--- Training model for 2000000 timesteps ---
--- Saving model to /super_fast_storage/bake/job_1487_5/optuna_trials/IntruderAvoidance-CNN-Parallel/trial_8/agent.zip ---
Evaluation command: python -u scripts/ConvNet/evaluate_intruder_for_optuna.py --model_path /super_fast_storage/bake/job_1487_5/optuna_trials/IntruderAvoidance-CNN-Parallel/trial_8/agent.zip --log_file /super_fast_storage/bake/job_1487_5/optuna_trials/IntruderAvoidance-CNN-Parallel/trial_8/evaluation_details.csv
✅ Trial 8 finished with values: [0.08487499999999999, 71.29293055177851]

--- Starting Trial 9 ---
Parameters: {'d_safe': 31.2486755172144, 'k_bubble': 193.22465765319717, 'C_collision': 1553.3724589472336, 'k_pos': 0.0057383271468580315, 'k_action': 0.0018714114319167716, 'w_safe': 0.764489693203259, 'w_pos': 0.2742470644157793}
Training command: python -u scripts/ConvNet/train_optuna.py --save_path /super_fast_storage/bake/job_1487_5/optuna_trials/IntruderAvoidance-CNN-Parallel/trial_9/agent.zip --total_timesteps 2000000 --n_envs 8 --d_safe 31.2486755172144 --k_bubble 193.22465765319717 --C_collision 1553.3724589472336 --k_pos 0.0057383271468580315 --k_action 0.0018714114319167716 --w_safe 0.764489693203259 --w_pos 0.2742470644157793
--- Using device: cuda ---
--- Training model for 2000000 timesteps ---
--- Saving model to /super_fast_storage/bake/job_1487_5/optuna_trials/IntruderAvoidance-CNN-Parallel/trial_9/agent.zip ---
Evaluation command: python -u scripts/ConvNet/evaluate_intruder_for_optuna.py --model_path /super_fast_storage/bake/job_1487_5/optuna_trials/IntruderAvoidance-CNN-Parallel/trial_9/agent.zip --log_file /super_fast_storage/bake/job_1487_5/optuna_trials/IntruderAvoidance-CNN-Parallel/trial_9/evaluation_details.csv
✅ Trial 9 finished with values: [0.08027777777777778, 85.47938582185516]

--- Worker finished 10 trials ---
--- Worker finished. Staging results back to permanent storage. ---
--- Job 5 fully complete. ---
