[I 2025-07-11 07:51:03,794] Using an existing study with name 'IntruderAvoidance-CNN-Parallel' instead of creating a new one.
[W 2025-07-11 07:51:09,551] Trial 174 failed with parameters: {'d_safe': 20.476716029764077, 'k_bubble': 138.75899571824613, 'C_collision': 987.7672755604267, 'k_pos': 0.014099282764235646, 'k_action': 0.05530411491429732, 'w_safe': 0.2338231893701689, 'w_pos': 0.5325158641301334} because of the following error: The number of the values 1 did not match the number of the objectives 2.
[W 2025-07-11 07:51:09,551] Trial 174 failed with value inf.
[W 2025-07-11 07:51:14,992] Trial 179 failed with parameters: {'d_safe': 28.221759292324222, 'k_bubble': 76.62836555897523, 'C_collision': 819.818758866783, 'k_pos': 0.0038593320798720166, 'k_action': 0.027832637936441144, 'w_safe': 0.8814988453287099, 'w_pos': 0.17593255838946115} because of the following error: The number of the values 1 did not match the number of the objectives 2.
[W 2025-07-11 07:51:14,992] Trial 179 failed with value inf.
[W 2025-07-11 07:51:20,310] Trial 184 failed with parameters: {'d_safe': 37.907051453531146, 'k_bubble': 111.09896796435416, 'C_collision': 1638.9110408068218, 'k_pos': 0.08466861625153249, 'k_action': 0.009205975108675908, 'w_safe': 0.8827331620175642, 'w_pos': 0.8077864352887204} because of the following error: The number of the values 1 did not match the number of the objectives 2.
[W 2025-07-11 07:51:20,310] Trial 184 failed with value inf.
[W 2025-07-11 07:51:25,542] Trial 189 failed with parameters: {'d_safe': 25.501447210748942, 'k_bubble': 80.8924484703499, 'C_collision': 1356.6062730342644, 'k_pos': 0.003506364360932148, 'k_action': 0.005571663981700649, 'w_safe': 0.39236738300608, 'w_pos': 0.7671131223297496} because of the following error: The number of the values 1 did not match the number of the objectives 2.
[W 2025-07-11 07:51:25,543] Trial 189 failed with value inf.
[W 2025-07-11 07:51:31,056] Trial 194 failed with parameters: {'d_safe': 15.118364952968262, 'k_bubble': 89.34279698086974, 'C_collision': 579.2287453960051, 'k_pos': 0.012742523965772851, 'k_action': 0.02557997216709232, 'w_safe': 0.2796494812335839, 'w_pos': 0.8617957448616472} because of the following error: The number of the values 1 did not match the number of the objectives 2.
[W 2025-07-11 07:51:31,056] Trial 194 failed with value inf.
[W 2025-07-11 07:51:36,471] Trial 199 failed with parameters: {'d_safe': 37.79288248211701, 'k_bubble': 10.346946284236617, 'C_collision': 650.5993157286733, 'k_pos': 0.0970345250193621, 'k_action': 0.07705389052900777, 'w_safe': 0.8197380237013062, 'w_pos': 0.5415984279331114} because of the following error: The number of the values 1 did not match the number of the objectives 2.
[W 2025-07-11 07:51:36,471] Trial 199 failed with value inf.
[W 2025-07-11 07:51:42,110] Trial 204 failed with parameters: {'d_safe': 39.68353376975622, 'k_bubble': 185.9679902378728, 'C_collision': 1424.567270162166, 'k_pos': 0.009849041566626613, 'k_action': 0.01722300853422976, 'w_safe': 0.8289433267168891, 'w_pos': 0.4937522960834677} because of the following error: The number of the values 1 did not match the number of the objectives 2.
[W 2025-07-11 07:51:42,110] Trial 204 failed with value inf.
[W 2025-07-11 07:51:47,602] Trial 208 failed with parameters: {'d_safe': 36.703171396864775, 'k_bubble': 96.76635932481896, 'C_collision': 1706.9780902302302, 'k_pos': 0.04053354025388802, 'k_action': 0.0014314264762295785, 'w_safe': 0.31299489154699717, 'w_pos': 0.521999935093569} because of the following error: The number of the values 1 did not match the number of the objectives 2.
[W 2025-07-11 07:51:47,602] Trial 208 failed with value inf.
[W 2025-07-11 07:51:52,843] Trial 213 failed with parameters: {'d_safe': 12.606743426025822, 'k_bubble': 160.046022150785, 'C_collision': 1920.2320152063924, 'k_pos': 0.001121075427943453, 'k_action': 0.03142511333650947, 'w_safe': 0.4098411245578749, 'w_pos': 0.11363517830483146} because of the following error: The number of the values 1 did not match the number of the objectives 2.
[W 2025-07-11 07:51:52,843] Trial 213 failed with value inf.
[W 2025-07-11 07:51:58,309] Trial 218 failed with parameters: {'d_safe': 25.55818020066827, 'k_bubble': 164.52144421218466, 'C_collision': 1928.6945008442565, 'k_pos': 0.013317535178390558, 'k_action': 0.036662486328976764, 'w_safe': 0.7209850582341599, 'w_pos': 0.311343537348273} because of the following error: The number of the values 1 did not match the number of the objectives 2.
[W 2025-07-11 07:51:58,309] Trial 218 failed with value inf.
slurmstepd-s_004_m: error: common_file_write_uints: write value '4084977' to '/sys/fs/cgroup/cgroup.procs' failed: Device or resource busy
slurmstepd-s_004_m: error: Unable to move pid 4084977 to init root cgroup /sys/fs/cgroup
