--- Staging project to fast local storage: /super_fast_storage/bake/job_1488_6 ---
--- Starting Optuna Worker 6 in /super_fast_storage/bake/job_1488_6 ---

--- Starting Trial 0 ---
Parameters: {'d_safe': 22.958039521678405, 'k_bubble': 67.2506548226815, 'C_collision': 1657.3768675358422, 'k_pos': 0.0011825161493925374, 'k_action': 0.0013957037457369406, 'w_safe': 0.7353898373007892, 'w_pos': 0.6411235889588475}
Training command: python -u scripts/ConvNet/train_optuna.py --save_path /super_fast_storage/bake/job_1488_6/optuna_trials/IntruderAvoidance-CNN-Parallel/trial_0/agent.zip --total_timesteps 2000000 --n_envs 8 --d_safe 22.958039521678405 --k_bubble 67.2506548226815 --C_collision 1657.3768675358422 --k_pos 0.0011825161493925374 --k_action 0.0013957037457369406 --w_safe 0.7353898373007892 --w_pos 0.6411235889588475
--- Using device: cuda ---
--- Training model for 2000000 timesteps ---
--- Saving model to /super_fast_storage/bake/job_1488_6/optuna_trials/IntruderAvoidance-CNN-Parallel/trial_0/agent.zip ---
Evaluation command: python -u scripts/ConvNet/evaluate_intruder_for_optuna.py --model_path /super_fast_storage/bake/job_1488_6/optuna_trials/IntruderAvoidance-CNN-Parallel/trial_0/agent.zip --log_file /super_fast_storage/bake/job_1488_6/optuna_trials/IntruderAvoidance-CNN-Parallel/trial_0/evaluation_details.csv
✅ Trial 0 finished with values: [0.03675, 71.21227266606887]

--- Starting Trial 1 ---
Parameters: {'d_safe': 10.447223718754175, 'k_bubble': 100.69707477022013, 'C_collision': 1090.1519624758525, 'k_pos': 0.008106962402607188, 'k_action': 0.056693702372977425, 'w_safe': 0.7033794936932427, 'w_pos': 0.1752402003842514}
Training command: python -u scripts/ConvNet/train_optuna.py --save_path /super_fast_storage/bake/job_1488_6/optuna_trials/IntruderAvoidance-CNN-Parallel/trial_1/agent.zip --total_timesteps 2000000 --n_envs 8 --d_safe 10.447223718754175 --k_bubble 100.69707477022013 --C_collision 1090.1519624758525 --k_pos 0.008106962402607188 --k_action 0.056693702372977425 --w_safe 0.7033794936932427 --w_pos 0.1752402003842514
--- Using device: cuda ---
--- Training model for 2000000 timesteps ---
--- Saving model to /super_fast_storage/bake/job_1488_6/optuna_trials/IntruderAvoidance-CNN-Parallel/trial_1/agent.zip ---
Evaluation command: python -u scripts/ConvNet/evaluate_intruder_for_optuna.py --model_path /super_fast_storage/bake/job_1488_6/optuna_trials/IntruderAvoidance-CNN-Parallel/trial_1/agent.zip --log_file /super_fast_storage/bake/job_1488_6/optuna_trials/IntruderAvoidance-CNN-Parallel/trial_1/evaluation_details.csv
✅ Trial 1 finished with values: [0.06893055555555555, 69.16838680866398]

--- Starting Trial 2 ---
Parameters: {'d_safe': 27.575262784871928, 'k_bubble': 48.47277237705928, 'C_collision': 639.4018970779034, 'k_pos': 0.027950781117595278, 'k_action': 0.05565474595494444, 'w_safe': 0.7184660733696265, 'w_pos': 0.49455661282443264}
Training command: python -u scripts/ConvNet/train_optuna.py --save_path /super_fast_storage/bake/job_1488_6/optuna_trials/IntruderAvoidance-CNN-Parallel/trial_2/agent.zip --total_timesteps 2000000 --n_envs 8 --d_safe 27.575262784871928 --k_bubble 48.47277237705928 --C_collision 639.4018970779034 --k_pos 0.027950781117595278 --k_action 0.05565474595494444 --w_safe 0.7184660733696265 --w_pos 0.49455661282443264
--- Using device: cuda ---
--- Training model for 2000000 timesteps ---
--- Saving model to /super_fast_storage/bake/job_1488_6/optuna_trials/IntruderAvoidance-CNN-Parallel/trial_2/agent.zip ---
Evaluation command: python -u scripts/ConvNet/evaluate_intruder_for_optuna.py --model_path /super_fast_storage/bake/job_1488_6/optuna_trials/IntruderAvoidance-CNN-Parallel/trial_2/agent.zip --log_file /super_fast_storage/bake/job_1488_6/optuna_trials/IntruderAvoidance-CNN-Parallel/trial_2/evaluation_details.csv
✅ Trial 2 finished with values: [0.0915138888888889, 76.35236188812468]

--- Starting Trial 3 ---
Parameters: {'d_safe': 12.480707607845572, 'k_bubble': 27.173529339151735, 'C_collision': 938.5253930997559, 'k_pos': 0.0021383198183629283, 'k_action': 0.03900299735829468, 'w_safe': 0.511711585688201, 'w_pos': 0.7185531305910947}
Training command: python -u scripts/ConvNet/train_optuna.py --save_path /super_fast_storage/bake/job_1488_6/optuna_trials/IntruderAvoidance-CNN-Parallel/trial_3/agent.zip --total_timesteps 2000000 --n_envs 8 --d_safe 12.480707607845572 --k_bubble 27.173529339151735 --C_collision 938.5253930997559 --k_pos 0.0021383198183629283 --k_action 0.03900299735829468 --w_safe 0.511711585688201 --w_pos 0.7185531305910947
--- Using device: cuda ---
--- Training model for 2000000 timesteps ---
--- Saving model to /super_fast_storage/bake/job_1488_6/optuna_trials/IntruderAvoidance-CNN-Parallel/trial_3/agent.zip ---
Evaluation command: python -u scripts/ConvNet/evaluate_intruder_for_optuna.py --model_path /super_fast_storage/bake/job_1488_6/optuna_trials/IntruderAvoidance-CNN-Parallel/trial_3/agent.zip --log_file /super_fast_storage/bake/job_1488_6/optuna_trials/IntruderAvoidance-CNN-Parallel/trial_3/evaluation_details.csv
✅ Trial 3 finished with values: [0.050263888888888886, 69.36227955139698]

--- Starting Trial 4 ---
Parameters: {'d_safe': 38.998729816486566, 'k_bubble': 125.08584126674711, 'C_collision': 1662.1699363055636, 'k_pos': 0.0945523162289539, 'k_action': 0.003589559735274523, 'w_safe': 0.49594363187206414, 'w_pos': 0.531861696080472}
Training command: python -u scripts/ConvNet/train_optuna.py --save_path /super_fast_storage/bake/job_1488_6/optuna_trials/IntruderAvoidance-CNN-Parallel/trial_4/agent.zip --total_timesteps 2000000 --n_envs 8 --d_safe 38.998729816486566 --k_bubble 125.08584126674711 --C_collision 1662.1699363055636 --k_pos 0.0945523162289539 --k_action 0.003589559735274523 --w_safe 0.49594363187206414 --w_pos 0.531861696080472
--- Using device: cuda ---
--- Training model for 2000000 timesteps ---
--- Saving model to /super_fast_storage/bake/job_1488_6/optuna_trials/IntruderAvoidance-CNN-Parallel/trial_4/agent.zip ---
Evaluation command: python -u scripts/ConvNet/evaluate_intruder_for_optuna.py --model_path /super_fast_storage/bake/job_1488_6/optuna_trials/IntruderAvoidance-CNN-Parallel/trial_4/agent.zip --log_file /super_fast_storage/bake/job_1488_6/optuna_trials/IntruderAvoidance-CNN-Parallel/trial_4/evaluation_details.csv
✅ Trial 4 finished with values: [0.06897222222222221, 78.4442065552841]

--- Starting Trial 5 ---
Parameters: {'d_safe': 11.624131505118577, 'k_bubble': 195.84839059383984, 'C_collision': 876.34078470955, 'k_pos': 0.027518993245014504, 'k_action': 0.010170816772441287, 'w_safe': 0.19023757375714556, 'w_pos': 0.4059533138107527}
Training command: python -u scripts/ConvNet/train_optuna.py --save_path /super_fast_storage/bake/job_1488_6/optuna_trials/IntruderAvoidance-CNN-Parallel/trial_5/agent.zip --total_timesteps 2000000 --n_envs 8 --d_safe 11.624131505118577 --k_bubble 195.84839059383984 --C_collision 876.34078470955 --k_pos 0.027518993245014504 --k_action 0.010170816772441287 --w_safe 0.19023757375714556 --w_pos 0.4059533138107527
--- Using device: cuda ---
--- Training model for 2000000 timesteps ---
--- Saving model to /super_fast_storage/bake/job_1488_6/optuna_trials/IntruderAvoidance-CNN-Parallel/trial_5/agent.zip ---
Evaluation command: python -u scripts/ConvNet/evaluate_intruder_for_optuna.py --model_path /super_fast_storage/bake/job_1488_6/optuna_trials/IntruderAvoidance-CNN-Parallel/trial_5/agent.zip --log_file /super_fast_storage/bake/job_1488_6/optuna_trials/IntruderAvoidance-CNN-Parallel/trial_5/evaluation_details.csv
✅ Trial 5 finished with values: [0.10972222222222222, 78.80009024330651]

--- Starting Trial 6 ---
Parameters: {'d_safe': 22.612781500601926, 'k_bubble': 82.96088523453456, 'C_collision': 1629.871017239675, 'k_pos': 0.0038793862866541265, 'k_action': 0.0017563625209760503, 'w_safe': 0.8534692556788709, 'w_pos': 0.8297419101260622}
Training command: python -u scripts/ConvNet/train_optuna.py --save_path /super_fast_storage/bake/job_1488_6/optuna_trials/IntruderAvoidance-CNN-Parallel/trial_6/agent.zip --total_timesteps 2000000 --n_envs 8 --d_safe 22.612781500601926 --k_bubble 82.96088523453456 --C_collision 1629.871017239675 --k_pos 0.0038793862866541265 --k_action 0.0017563625209760503 --w_safe 0.8534692556788709 --w_pos 0.8297419101260622
--- Using device: cuda ---
--- Training model for 2000000 timesteps ---
--- Saving model to /super_fast_storage/bake/job_1488_6/optuna_trials/IntruderAvoidance-CNN-Parallel/trial_6/agent.zip ---
Evaluation command: python -u scripts/ConvNet/evaluate_intruder_for_optuna.py --model_path /super_fast_storage/bake/job_1488_6/optuna_trials/IntruderAvoidance-CNN-Parallel/trial_6/agent.zip --log_file /super_fast_storage/bake/job_1488_6/optuna_trials/IntruderAvoidance-CNN-Parallel/trial_6/evaluation_details.csv
✅ Trial 6 finished with values: [0.10562500000000001, 76.01604071821846]

--- Starting Trial 7 ---
Parameters: {'d_safe': 33.60486654686918, 'k_bubble': 189.29261118830323, 'C_collision': 1118.783717360829, 'k_pos': 0.0027554088875861114, 'k_action': 0.0023851791725797134, 'w_safe': 0.8244546836166717, 'w_pos': 0.14162430871274082}
Training command: python -u scripts/ConvNet/train_optuna.py --save_path /super_fast_storage/bake/job_1488_6/optuna_trials/IntruderAvoidance-CNN-Parallel/trial_7/agent.zip --total_timesteps 2000000 --n_envs 8 --d_safe 33.60486654686918 --k_bubble 189.29261118830323 --C_collision 1118.783717360829 --k_pos 0.0027554088875861114 --k_action 0.0023851791725797134 --w_safe 0.8244546836166717 --w_pos 0.14162430871274082
--- Using device: cuda ---
--- Training model for 2000000 timesteps ---
--- Saving model to /super_fast_storage/bake/job_1488_6/optuna_trials/IntruderAvoidance-CNN-Parallel/trial_7/agent.zip ---
Evaluation command: python -u scripts/ConvNet/evaluate_intruder_for_optuna.py --model_path /super_fast_storage/bake/job_1488_6/optuna_trials/IntruderAvoidance-CNN-Parallel/trial_7/agent.zip --log_file /super_fast_storage/bake/job_1488_6/optuna_trials/IntruderAvoidance-CNN-Parallel/trial_7/evaluation_details.csv
✅ Trial 7 finished with values: [0.09159722222222222, 80.0755126077777]

--- Starting Trial 8 ---
Parameters: {'d_safe': 11.87768597751638, 'k_bubble': 27.59679774510557, 'C_collision': 714.3564293328561, 'k_pos': 0.0529866684802583, 'k_action': 0.0174621194512902, 'w_safe': 0.3058447322506985, 'w_pos': 0.31601594936553506}
Training command: python -u scripts/ConvNet/train_optuna.py --save_path /super_fast_storage/bake/job_1488_6/optuna_trials/IntruderAvoidance-CNN-Parallel/trial_8/agent.zip --total_timesteps 2000000 --n_envs 8 --d_safe 11.87768597751638 --k_bubble 27.59679774510557 --C_collision 714.3564293328561 --k_pos 0.0529866684802583 --k_action 0.0174621194512902 --w_safe 0.3058447322506985 --w_pos 0.31601594936553506
--- Using device: cuda ---
--- Training model for 2000000 timesteps ---
--- Saving model to /super_fast_storage/bake/job_1488_6/optuna_trials/IntruderAvoidance-CNN-Parallel/trial_8/agent.zip ---
Evaluation command: python -u scripts/ConvNet/evaluate_intruder_for_optuna.py --model_path /super_fast_storage/bake/job_1488_6/optuna_trials/IntruderAvoidance-CNN-Parallel/trial_8/agent.zip --log_file /super_fast_storage/bake/job_1488_6/optuna_trials/IntruderAvoidance-CNN-Parallel/trial_8/evaluation_details.csv
✅ Trial 8 finished with values: [0.0648611111111111, 78.06249419514417]

--- Starting Trial 9 ---
Parameters: {'d_safe': 35.51105020055426, 'k_bubble': 113.31873031849949, 'C_collision': 1193.899419697078, 'k_pos': 0.0017891068546385194, 'k_action': 0.004772695621154202, 'w_safe': 0.6291734479865848, 'w_pos': 0.2579488300164149}
Training command: python -u scripts/ConvNet/train_optuna.py --save_path /super_fast_storage/bake/job_1488_6/optuna_trials/IntruderAvoidance-CNN-Parallel/trial_9/agent.zip --total_timesteps 2000000 --n_envs 8 --d_safe 35.51105020055426 --k_bubble 113.31873031849949 --C_collision 1193.899419697078 --k_pos 0.0017891068546385194 --k_action 0.004772695621154202 --w_safe 0.6291734479865848 --w_pos 0.2579488300164149
--- Using device: cuda ---
--- Training model for 2000000 timesteps ---
--- Saving model to /super_fast_storage/bake/job_1488_6/optuna_trials/IntruderAvoidance-CNN-Parallel/trial_9/agent.zip ---
Evaluation command: python -u scripts/ConvNet/evaluate_intruder_for_optuna.py --model_path /super_fast_storage/bake/job_1488_6/optuna_trials/IntruderAvoidance-CNN-Parallel/trial_9/agent.zip --log_file /super_fast_storage/bake/job_1488_6/optuna_trials/IntruderAvoidance-CNN-Parallel/trial_9/evaluation_details.csv
✅ Trial 9 finished with values: [0.04590277777777777, 76.9914252158435]

--- Worker finished 10 trials ---
--- Worker finished. Staging results back to permanent storage. ---
--- Job 6 fully complete. ---
