[I 2025-07-14 13:20:02,720] Using an existing study with name 'IntruderAvoidance-CNN-Parallel' instead of creating a new one.
/home/bake/Rest-to-Rest/.venv/lib/python3.10/site-packages/pygame/pkgdata.py:25: UserWarning: pkg_resources is deprecated as an API. See https://setuptools.pypa.io/en/latest/pkg_resources.html. The pkg_resources package is slated for removal as early as 2025-11-30. Refrain from using this package or pin to Setuptools<81.
  from pkg_resources import resource_stream, resource_exists
/home/bake/Rest-to-Rest/.venv/lib/python3.10/site-packages/pygame/pkgdata.py:25: UserWarning: pkg_resources is deprecated as an API. See https://setuptools.pypa.io/en/latest/pkg_resources.html. The pkg_resources package is slated for removal as early as 2025-11-30. Refrain from using this package or pin to Setuptools<81.
  from pkg_resources import resource_stream, resource_exists
/home/bake/Rest-to-Rest/.venv/lib/python3.10/site-packages/pygame/pkgdata.py:25: UserWarning: pkg_resources is deprecated as an API. See https://setuptools.pypa.io/en/latest/pkg_resources.html. The pkg_resources package is slated for removal as early as 2025-11-30. Refrain from using this package or pin to Setuptools<81.
  from pkg_resources import resource_stream, resource_exists
/home/bake/Rest-to-Rest/.venv/lib/python3.10/site-packages/pygame/pkgdata.py:25: UserWarning: pkg_resources is deprecated as an API. See https://setuptools.pypa.io/en/latest/pkg_resources.html. The pkg_resources package is slated for removal as early as 2025-11-30. Refrain from using this package or pin to Setuptools<81.
  from pkg_resources import resource_stream, resource_exists
/home/bake/Rest-to-Rest/.venv/lib/python3.10/site-packages/gymnasium/spaces/box.py:235: UserWarning: [33mWARN: Box low's precision lowered by casting to float32, current low.dtype=float64[0m
  gym.logger.warn(
/home/bake/Rest-to-Rest/.venv/lib/python3.10/site-packages/gymnasium/spaces/box.py:305: UserWarning: [33mWARN: Box high's precision lowered by casting to float32, current high.dtype=float64[0m
  gym.logger.warn(
/home/bake/Rest-to-Rest/.venv/lib/python3.10/site-packages/gymnasium/spaces/box.py:235: UserWarning: [33mWARN: Box low's precision lowered by casting to float32, current low.dtype=float64[0m
  gym.logger.warn(
/home/bake/Rest-to-Rest/.venv/lib/python3.10/site-packages/gymnasium/spaces/box.py:305: UserWarning: [33mWARN: Box high's precision lowered by casting to float32, current high.dtype=float64[0m
  gym.logger.warn(
/home/bake/Rest-to-Rest/.venv/lib/python3.10/site-packages/gymnasium/spaces/box.py:235: UserWarning: [33mWARN: Box low's precision lowered by casting to float32, current low.dtype=float64[0m
  gym.logger.warn(
/home/bake/Rest-to-Rest/.venv/lib/python3.10/site-packages/gymnasium/spaces/box.py:235: UserWarning: [33mWARN: Box low's precision lowered by casting to float32, current low.dtype=float64[0m
  gym.logger.warn(
/home/bake/Rest-to-Rest/.venv/lib/python3.10/site-packages/gymnasium/spaces/box.py:305: UserWarning: [33mWARN: Box high's precision lowered by casting to float32, current high.dtype=float64[0m
  gym.logger.warn(
/home/bake/Rest-to-Rest/.venv/lib/python3.10/site-packages/gymnasium/spaces/box.py:305: UserWarning: [33mWARN: Box high's precision lowered by casting to float32, current high.dtype=float64[0m
  gym.logger.warn(
[I 2025-07-14 15:55:14,809] Trial 537 finished with values: [inf, inf] and parameters: {'d_safe': 24.57120389099336, 'k_bubble': 186.92933960692073, 'C_collision': 912.0110415937726, 'k_pos': 0.08453954100682876, 'k_action': 0.0028213633052014183, 'w_safe': 0.21723091126917185, 'w_pos': 0.39462557302276413}.
/home/bake/Rest-to-Rest/.venv/lib/python3.10/site-packages/pygame/pkgdata.py:25: UserWarning: pkg_resources is deprecated as an API. See https://setuptools.pypa.io/en/latest/pkg_resources.html. The pkg_resources package is slated for removal as early as 2025-11-30. Refrain from using this package or pin to Setuptools<81.
  from pkg_resources import resource_stream, resource_exists
/home/bake/Rest-to-Rest/.venv/lib/python3.10/site-packages/pygame/pkgdata.py:25: UserWarning: pkg_resources is deprecated as an API. See https://setuptools.pypa.io/en/latest/pkg_resources.html. The pkg_resources package is slated for removal as early as 2025-11-30. Refrain from using this package or pin to Setuptools<81.
  from pkg_resources import resource_stream, resource_exists
/home/bake/Rest-to-Rest/.venv/lib/python3.10/site-packages/pygame/pkgdata.py:25: UserWarning: pkg_resources is deprecated as an API. See https://setuptools.pypa.io/en/latest/pkg_resources.html. The pkg_resources package is slated for removal as early as 2025-11-30. Refrain from using this package or pin to Setuptools<81.
  from pkg_resources import resource_stream, resource_exists
/home/bake/Rest-to-Rest/.venv/lib/python3.10/site-packages/pygame/pkgdata.py:25: UserWarning: pkg_resources is deprecated as an API. See https://setuptools.pypa.io/en/latest/pkg_resources.html. The pkg_resources package is slated for removal as early as 2025-11-30. Refrain from using this package or pin to Setuptools<81.
  from pkg_resources import resource_stream, resource_exists
/home/bake/Rest-to-Rest/.venv/lib/python3.10/site-packages/gymnasium/spaces/box.py:235: UserWarning: [33mWARN: Box low's precision lowered by casting to float32, current low.dtype=float64[0m
  gym.logger.warn(
/home/bake/Rest-to-Rest/.venv/lib/python3.10/site-packages/gymnasium/spaces/box.py:235: UserWarning: [33mWARN: Box low's precision lowered by casting to float32, current low.dtype=float64[0m
  gym.logger.warn(
/home/bake/Rest-to-Rest/.venv/lib/python3.10/site-packages/gymnasium/spaces/box.py:235: UserWarning: [33mWARN: Box low's precision lowered by casting to float32, current low.dtype=float64[0m
  gym.logger.warn(
/home/bake/Rest-to-Rest/.venv/lib/python3.10/site-packages/gymnasium/spaces/box.py:305: UserWarning: [33mWARN: Box high's precision lowered by casting to float32, current high.dtype=float64[0m
  gym.logger.warn(
/home/bake/Rest-to-Rest/.venv/lib/python3.10/site-packages/gymnasium/spaces/box.py:305: UserWarning: [33mWARN: Box high's precision lowered by casting to float32, current high.dtype=float64[0m
  gym.logger.warn(
/home/bake/Rest-to-Rest/.venv/lib/python3.10/site-packages/gymnasium/spaces/box.py:305: UserWarning: [33mWARN: Box high's precision lowered by casting to float32, current high.dtype=float64[0m
  gym.logger.warn(
/home/bake/Rest-to-Rest/.venv/lib/python3.10/site-packages/gymnasium/spaces/box.py:235: UserWarning: [33mWARN: Box low's precision lowered by casting to float32, current low.dtype=float64[0m
  gym.logger.warn(
/home/bake/Rest-to-Rest/.venv/lib/python3.10/site-packages/gymnasium/spaces/box.py:305: UserWarning: [33mWARN: Box high's precision lowered by casting to float32, current high.dtype=float64[0m
  gym.logger.warn(
[I 2025-07-14 18:30:54,220] Trial 541 finished with values: [inf, inf] and parameters: {'d_safe': 13.227032075230287, 'k_bubble': 30.713317600352436, 'C_collision': 822.098477453816, 'k_pos': 0.0494544562979226, 'k_action': 0.038017240583324126, 'w_safe': 0.5929245376332516, 'w_pos': 0.4213008514606791}.
/home/bake/Rest-to-Rest/.venv/lib/python3.10/site-packages/pygame/pkgdata.py:25: UserWarning: pkg_resources is deprecated as an API. See https://setuptools.pypa.io/en/latest/pkg_resources.html. The pkg_resources package is slated for removal as early as 2025-11-30. Refrain from using this package or pin to Setuptools<81.
  from pkg_resources import resource_stream, resource_exists
/home/bake/Rest-to-Rest/.venv/lib/python3.10/site-packages/pygame/pkgdata.py:25: UserWarning: pkg_resources is deprecated as an API. See https://setuptools.pypa.io/en/latest/pkg_resources.html. The pkg_resources package is slated for removal as early as 2025-11-30. Refrain from using this package or pin to Setuptools<81.
  from pkg_resources import resource_stream, resource_exists
/home/bake/Rest-to-Rest/.venv/lib/python3.10/site-packages/pygame/pkgdata.py:25: UserWarning: pkg_resources is deprecated as an API. See https://setuptools.pypa.io/en/latest/pkg_resources.html. The pkg_resources package is slated for removal as early as 2025-11-30. Refrain from using this package or pin to Setuptools<81.
  from pkg_resources import resource_stream, resource_exists
/home/bake/Rest-to-Rest/.venv/lib/python3.10/site-packages/pygame/pkgdata.py:25: UserWarning: pkg_resources is deprecated as an API. See https://setuptools.pypa.io/en/latest/pkg_resources.html. The pkg_resources package is slated for removal as early as 2025-11-30. Refrain from using this package or pin to Setuptools<81.
  from pkg_resources import resource_stream, resource_exists
/home/bake/Rest-to-Rest/.venv/lib/python3.10/site-packages/gymnasium/spaces/box.py:235: UserWarning: [33mWARN: Box low's precision lowered by casting to float32, current low.dtype=float64[0m
  gym.logger.warn(
/home/bake/Rest-to-Rest/.venv/lib/python3.10/site-packages/gymnasium/spaces/box.py:235: UserWarning: [33mWARN: Box low's precision lowered by casting to float32, current low.dtype=float64[0m
  gym.logger.warn(
/home/bake/Rest-to-Rest/.venv/lib/python3.10/site-packages/gymnasium/spaces/box.py:305: UserWarning: [33mWARN: Box high's precision lowered by casting to float32, current high.dtype=float64[0m
  gym.logger.warn(
/home/bake/Rest-to-Rest/.venv/lib/python3.10/site-packages/gymnasium/spaces/box.py:305: UserWarning: [33mWARN: Box high's precision lowered by casting to float32, current high.dtype=float64[0m
  gym.logger.warn(
/home/bake/Rest-to-Rest/.venv/lib/python3.10/site-packages/gymnasium/spaces/box.py:235: UserWarning: [33mWARN: Box low's precision lowered by casting to float32, current low.dtype=float64[0m
  gym.logger.warn(
/home/bake/Rest-to-Rest/.venv/lib/python3.10/site-packages/gymnasium/spaces/box.py:305: UserWarning: [33mWARN: Box high's precision lowered by casting to float32, current high.dtype=float64[0m
  gym.logger.warn(
/home/bake/Rest-to-Rest/.venv/lib/python3.10/site-packages/gymnasium/spaces/box.py:235: UserWarning: [33mWARN: Box low's precision lowered by casting to float32, current low.dtype=float64[0m
  gym.logger.warn(
/home/bake/Rest-to-Rest/.venv/lib/python3.10/site-packages/gymnasium/spaces/box.py:305: UserWarning: [33mWARN: Box high's precision lowered by casting to float32, current high.dtype=float64[0m
  gym.logger.warn(
[I 2025-07-14 21:06:07,947] Trial 548 finished with values: [inf, inf] and parameters: {'d_safe': 15.645324713716459, 'k_bubble': 156.37002641377862, 'C_collision': 1770.849718244832, 'k_pos': 0.0035110818359994148, 'k_action': 0.0013855133084677135, 'w_safe': 0.519156086784474, 'w_pos': 0.6410802497066675}.
/home/bake/Rest-to-Rest/.venv/lib/python3.10/site-packages/pygame/pkgdata.py:25: UserWarning: pkg_resources is deprecated as an API. See https://setuptools.pypa.io/en/latest/pkg_resources.html. The pkg_resources package is slated for removal as early as 2025-11-30. Refrain from using this package or pin to Setuptools<81.
  from pkg_resources import resource_stream, resource_exists
/home/bake/Rest-to-Rest/.venv/lib/python3.10/site-packages/pygame/pkgdata.py:25: UserWarning: pkg_resources is deprecated as an API. See https://setuptools.pypa.io/en/latest/pkg_resources.html. The pkg_resources package is slated for removal as early as 2025-11-30. Refrain from using this package or pin to Setuptools<81.
  from pkg_resources import resource_stream, resource_exists
/home/bake/Rest-to-Rest/.venv/lib/python3.10/site-packages/pygame/pkgdata.py:25: UserWarning: pkg_resources is deprecated as an API. See https://setuptools.pypa.io/en/latest/pkg_resources.html. The pkg_resources package is slated for removal as early as 2025-11-30. Refrain from using this package or pin to Setuptools<81.
  from pkg_resources import resource_stream, resource_exists
/home/bake/Rest-to-Rest/.venv/lib/python3.10/site-packages/pygame/pkgdata.py:25: UserWarning: pkg_resources is deprecated as an API. See https://setuptools.pypa.io/en/latest/pkg_resources.html. The pkg_resources package is slated for removal as early as 2025-11-30. Refrain from using this package or pin to Setuptools<81.
  from pkg_resources import resource_stream, resource_exists
/home/bake/Rest-to-Rest/.venv/lib/python3.10/site-packages/gymnasium/spaces/box.py:235: UserWarning: [33mWARN: Box low's precision lowered by casting to float32, current low.dtype=float64[0m
  gym.logger.warn(
/home/bake/Rest-to-Rest/.venv/lib/python3.10/site-packages/gymnasium/spaces/box.py:305: UserWarning: [33mWARN: Box high's precision lowered by casting to float32, current high.dtype=float64[0m
  gym.logger.warn(
/home/bake/Rest-to-Rest/.venv/lib/python3.10/site-packages/gymnasium/spaces/box.py:235: UserWarning: [33mWARN: Box low's precision lowered by casting to float32, current low.dtype=float64[0m
  gym.logger.warn(
/home/bake/Rest-to-Rest/.venv/lib/python3.10/site-packages/gymnasium/spaces/box.py:305: UserWarning: [33mWARN: Box high's precision lowered by casting to float32, current high.dtype=float64[0m
  gym.logger.warn(
/home/bake/Rest-to-Rest/.venv/lib/python3.10/site-packages/gymnasium/spaces/box.py:235: UserWarning: [33mWARN: Box low's precision lowered by casting to float32, current low.dtype=float64[0m
  gym.logger.warn(
/home/bake/Rest-to-Rest/.venv/lib/python3.10/site-packages/gymnasium/spaces/box.py:305: UserWarning: [33mWARN: Box high's precision lowered by casting to float32, current high.dtype=float64[0m
  gym.logger.warn(
/home/bake/Rest-to-Rest/.venv/lib/python3.10/site-packages/gymnasium/spaces/box.py:235: UserWarning: [33mWARN: Box low's precision lowered by casting to float32, current low.dtype=float64[0m
  gym.logger.warn(
/home/bake/Rest-to-Rest/.venv/lib/python3.10/site-packages/gymnasium/spaces/box.py:305: UserWarning: [33mWARN: Box high's precision lowered by casting to float32, current high.dtype=float64[0m
  gym.logger.warn(
[I 2025-07-14 23:39:56,827] Trial 552 finished with values: [inf, inf] and parameters: {'d_safe': 26.251985192404955, 'k_bubble': 92.8499553505787, 'C_collision': 832.0523702148882, 'k_pos': 0.00262424702408946, 'k_action': 0.002755019946204536, 'w_safe': 0.3656635671164934, 'w_pos': 0.8845193577195392}.
/home/bake/Rest-to-Rest/.venv/lib/python3.10/site-packages/pygame/pkgdata.py:25: UserWarning: pkg_resources is deprecated as an API. See https://setuptools.pypa.io/en/latest/pkg_resources.html. The pkg_resources package is slated for removal as early as 2025-11-30. Refrain from using this package or pin to Setuptools<81.
  from pkg_resources import resource_stream, resource_exists
/home/bake/Rest-to-Rest/.venv/lib/python3.10/site-packages/pygame/pkgdata.py:25: UserWarning: pkg_resources is deprecated as an API. See https://setuptools.pypa.io/en/latest/pkg_resources.html. The pkg_resources package is slated for removal as early as 2025-11-30. Refrain from using this package or pin to Setuptools<81.
  from pkg_resources import resource_stream, resource_exists
/home/bake/Rest-to-Rest/.venv/lib/python3.10/site-packages/pygame/pkgdata.py:25: UserWarning: pkg_resources is deprecated as an API. See https://setuptools.pypa.io/en/latest/pkg_resources.html. The pkg_resources package is slated for removal as early as 2025-11-30. Refrain from using this package or pin to Setuptools<81.
  from pkg_resources import resource_stream, resource_exists
/home/bake/Rest-to-Rest/.venv/lib/python3.10/site-packages/pygame/pkgdata.py:25: UserWarning: pkg_resources is deprecated as an API. See https://setuptools.pypa.io/en/latest/pkg_resources.html. The pkg_resources package is slated for removal as early as 2025-11-30. Refrain from using this package or pin to Setuptools<81.
  from pkg_resources import resource_stream, resource_exists
/home/bake/Rest-to-Rest/.venv/lib/python3.10/site-packages/gymnasium/spaces/box.py:235: UserWarning: [33mWARN: Box low's precision lowered by casting to float32, current low.dtype=float64[0m
  gym.logger.warn(
/home/bake/Rest-to-Rest/.venv/lib/python3.10/site-packages/gymnasium/spaces/box.py:235: UserWarning: [33mWARN: Box low's precision lowered by casting to float32, current low.dtype=float64[0m
  gym.logger.warn(
/home/bake/Rest-to-Rest/.venv/lib/python3.10/site-packages/gymnasium/spaces/box.py:235: UserWarning: [33mWARN: Box low's precision lowered by casting to float32, current low.dtype=float64[0m
  gym.logger.warn(
/home/bake/Rest-to-Rest/.venv/lib/python3.10/site-packages/gymnasium/spaces/box.py:305: UserWarning: [33mWARN: Box high's precision lowered by casting to float32, current high.dtype=float64[0m
  gym.logger.warn(
/home/bake/Rest-to-Rest/.venv/lib/python3.10/site-packages/gymnasium/spaces/box.py:305: UserWarning: [33mWARN: Box high's precision lowered by casting to float32, current high.dtype=float64[0m
  gym.logger.warn(
/home/bake/Rest-to-Rest/.venv/lib/python3.10/site-packages/gymnasium/spaces/box.py:305: UserWarning: [33mWARN: Box high's precision lowered by casting to float32, current high.dtype=float64[0m
  gym.logger.warn(
/home/bake/Rest-to-Rest/.venv/lib/python3.10/site-packages/gymnasium/spaces/box.py:235: UserWarning: [33mWARN: Box low's precision lowered by casting to float32, current low.dtype=float64[0m
  gym.logger.warn(
/home/bake/Rest-to-Rest/.venv/lib/python3.10/site-packages/gymnasium/spaces/box.py:305: UserWarning: [33mWARN: Box high's precision lowered by casting to float32, current high.dtype=float64[0m
  gym.logger.warn(
[I 2025-07-15 02:15:36,944] Trial 557 finished with values: [inf, inf] and parameters: {'d_safe': 26.725828761731428, 'k_bubble': 135.29517780859786, 'C_collision': 1492.6796993166454, 'k_pos': 0.0013613201104101897, 'k_action': 0.010092956328103971, 'w_safe': 0.2503397806523163, 'w_pos': 0.39872760405536645}.
/home/bake/Rest-to-Rest/.venv/lib/python3.10/site-packages/pygame/pkgdata.py:25: UserWarning: pkg_resources is deprecated as an API. See https://setuptools.pypa.io/en/latest/pkg_resources.html. The pkg_resources package is slated for removal as early as 2025-11-30. Refrain from using this package or pin to Setuptools<81.
  from pkg_resources import resource_stream, resource_exists
/home/bake/Rest-to-Rest/.venv/lib/python3.10/site-packages/pygame/pkgdata.py:25: UserWarning: pkg_resources is deprecated as an API. See https://setuptools.pypa.io/en/latest/pkg_resources.html. The pkg_resources package is slated for removal as early as 2025-11-30. Refrain from using this package or pin to Setuptools<81.
  from pkg_resources import resource_stream, resource_exists
/home/bake/Rest-to-Rest/.venv/lib/python3.10/site-packages/pygame/pkgdata.py:25: UserWarning: pkg_resources is deprecated as an API. See https://setuptools.pypa.io/en/latest/pkg_resources.html. The pkg_resources package is slated for removal as early as 2025-11-30. Refrain from using this package or pin to Setuptools<81.
  from pkg_resources import resource_stream, resource_exists
/home/bake/Rest-to-Rest/.venv/lib/python3.10/site-packages/pygame/pkgdata.py:25: UserWarning: pkg_resources is deprecated as an API. See https://setuptools.pypa.io/en/latest/pkg_resources.html. The pkg_resources package is slated for removal as early as 2025-11-30. Refrain from using this package or pin to Setuptools<81.
  from pkg_resources import resource_stream, resource_exists
/home/bake/Rest-to-Rest/.venv/lib/python3.10/site-packages/gymnasium/spaces/box.py:235: UserWarning: [33mWARN: Box low's precision lowered by casting to float32, current low.dtype=float64[0m
  gym.logger.warn(
/home/bake/Rest-to-Rest/.venv/lib/python3.10/site-packages/gymnasium/spaces/box.py:305: UserWarning: [33mWARN: Box high's precision lowered by casting to float32, current high.dtype=float64[0m
  gym.logger.warn(
/home/bake/Rest-to-Rest/.venv/lib/python3.10/site-packages/gymnasium/spaces/box.py:235: UserWarning: [33mWARN: Box low's precision lowered by casting to float32, current low.dtype=float64[0m
  gym.logger.warn(
/home/bake/Rest-to-Rest/.venv/lib/python3.10/site-packages/gymnasium/spaces/box.py:305: UserWarning: [33mWARN: Box high's precision lowered by casting to float32, current high.dtype=float64[0m
  gym.logger.warn(
/home/bake/Rest-to-Rest/.venv/lib/python3.10/site-packages/gymnasium/spaces/box.py:235: UserWarning: [33mWARN: Box low's precision lowered by casting to float32, current low.dtype=float64[0m
  gym.logger.warn(
/home/bake/Rest-to-Rest/.venv/lib/python3.10/site-packages/gymnasium/spaces/box.py:305: UserWarning: [33mWARN: Box high's precision lowered by casting to float32, current high.dtype=float64[0m
  gym.logger.warn(
/home/bake/Rest-to-Rest/.venv/lib/python3.10/site-packages/gymnasium/spaces/box.py:235: UserWarning: [33mWARN: Box low's precision lowered by casting to float32, current low.dtype=float64[0m
  gym.logger.warn(
/home/bake/Rest-to-Rest/.venv/lib/python3.10/site-packages/gymnasium/spaces/box.py:305: UserWarning: [33mWARN: Box high's precision lowered by casting to float32, current high.dtype=float64[0m
  gym.logger.warn(
[I 2025-07-15 04:49:06,845] Trial 562 finished with values: [inf, inf] and parameters: {'d_safe': 14.530881242602588, 'k_bubble': 147.15977104322602, 'C_collision': 1796.4577432058595, 'k_pos': 0.006257977577868237, 'k_action': 0.08750596756663435, 'w_safe': 0.3518680346603852, 'w_pos': 0.2697617004320343}.
/home/bake/Rest-to-Rest/.venv/lib/python3.10/site-packages/pygame/pkgdata.py:25: UserWarning: pkg_resources is deprecated as an API. See https://setuptools.pypa.io/en/latest/pkg_resources.html. The pkg_resources package is slated for removal as early as 2025-11-30. Refrain from using this package or pin to Setuptools<81.
  from pkg_resources import resource_stream, resource_exists
/home/bake/Rest-to-Rest/.venv/lib/python3.10/site-packages/pygame/pkgdata.py:25: UserWarning: pkg_resources is deprecated as an API. See https://setuptools.pypa.io/en/latest/pkg_resources.html. The pkg_resources package is slated for removal as early as 2025-11-30. Refrain from using this package or pin to Setuptools<81.
  from pkg_resources import resource_stream, resource_exists
/home/bake/Rest-to-Rest/.venv/lib/python3.10/site-packages/pygame/pkgdata.py:25: UserWarning: pkg_resources is deprecated as an API. See https://setuptools.pypa.io/en/latest/pkg_resources.html. The pkg_resources package is slated for removal as early as 2025-11-30. Refrain from using this package or pin to Setuptools<81.
  from pkg_resources import resource_stream, resource_exists
/home/bake/Rest-to-Rest/.venv/lib/python3.10/site-packages/pygame/pkgdata.py:25: UserWarning: pkg_resources is deprecated as an API. See https://setuptools.pypa.io/en/latest/pkg_resources.html. The pkg_resources package is slated for removal as early as 2025-11-30. Refrain from using this package or pin to Setuptools<81.
  from pkg_resources import resource_stream, resource_exists
/home/bake/Rest-to-Rest/.venv/lib/python3.10/site-packages/gymnasium/spaces/box.py:235: UserWarning: [33mWARN: Box low's precision lowered by casting to float32, current low.dtype=float64[0m
  gym.logger.warn(
/home/bake/Rest-to-Rest/.venv/lib/python3.10/site-packages/gymnasium/spaces/box.py:235: UserWarning: [33mWARN: Box low's precision lowered by casting to float32, current low.dtype=float64[0m
  gym.logger.warn(
/home/bake/Rest-to-Rest/.venv/lib/python3.10/site-packages/gymnasium/spaces/box.py:235: UserWarning: [33mWARN: Box low's precision lowered by casting to float32, current low.dtype=float64[0m
  gym.logger.warn(
/home/bake/Rest-to-Rest/.venv/lib/python3.10/site-packages/gymnasium/spaces/box.py:235: UserWarning: [33mWARN: Box low's precision lowered by casting to float32, current low.dtype=float64[0m
  gym.logger.warn(
/home/bake/Rest-to-Rest/.venv/lib/python3.10/site-packages/gymnasium/spaces/box.py:305: UserWarning: [33mWARN: Box high's precision lowered by casting to float32, current high.dtype=float64[0m
  gym.logger.warn(
/home/bake/Rest-to-Rest/.venv/lib/python3.10/site-packages/gymnasium/spaces/box.py:305: UserWarning: [33mWARN: Box high's precision lowered by casting to float32, current high.dtype=float64[0m
  gym.logger.warn(
/home/bake/Rest-to-Rest/.venv/lib/python3.10/site-packages/gymnasium/spaces/box.py:305: UserWarning: [33mWARN: Box high's precision lowered by casting to float32, current high.dtype=float64[0m
  gym.logger.warn(
/home/bake/Rest-to-Rest/.venv/lib/python3.10/site-packages/gymnasium/spaces/box.py:305: UserWarning: [33mWARN: Box high's precision lowered by casting to float32, current high.dtype=float64[0m
  gym.logger.warn(
[I 2025-07-15 07:23:17,394] Trial 567 finished with values: [inf, inf] and parameters: {'d_safe': 33.09076904903084, 'k_bubble': 182.7788083232474, 'C_collision': 909.9349707948957, 'k_pos': 0.005167977096607897, 'k_action': 0.02019716974085182, 'w_safe': 0.7565829662321718, 'w_pos': 0.8210864986420835}.
/home/bake/Rest-to-Rest/.venv/lib/python3.10/site-packages/pygame/pkgdata.py:25: UserWarning: pkg_resources is deprecated as an API. See https://setuptools.pypa.io/en/latest/pkg_resources.html. The pkg_resources package is slated for removal as early as 2025-11-30. Refrain from using this package or pin to Setuptools<81.
  from pkg_resources import resource_stream, resource_exists
/home/bake/Rest-to-Rest/.venv/lib/python3.10/site-packages/pygame/pkgdata.py:25: UserWarning: pkg_resources is deprecated as an API. See https://setuptools.pypa.io/en/latest/pkg_resources.html. The pkg_resources package is slated for removal as early as 2025-11-30. Refrain from using this package or pin to Setuptools<81.
  from pkg_resources import resource_stream, resource_exists
/home/bake/Rest-to-Rest/.venv/lib/python3.10/site-packages/pygame/pkgdata.py:25: UserWarning: pkg_resources is deprecated as an API. See https://setuptools.pypa.io/en/latest/pkg_resources.html. The pkg_resources package is slated for removal as early as 2025-11-30. Refrain from using this package or pin to Setuptools<81.
  from pkg_resources import resource_stream, resource_exists
/home/bake/Rest-to-Rest/.venv/lib/python3.10/site-packages/pygame/pkgdata.py:25: UserWarning: pkg_resources is deprecated as an API. See https://setuptools.pypa.io/en/latest/pkg_resources.html. The pkg_resources package is slated for removal as early as 2025-11-30. Refrain from using this package or pin to Setuptools<81.
  from pkg_resources import resource_stream, resource_exists
/home/bake/Rest-to-Rest/.venv/lib/python3.10/site-packages/gymnasium/spaces/box.py:235: UserWarning: [33mWARN: Box low's precision lowered by casting to float32, current low.dtype=float64[0m
  gym.logger.warn(
/home/bake/Rest-to-Rest/.venv/lib/python3.10/site-packages/gymnasium/spaces/box.py:305: UserWarning: [33mWARN: Box high's precision lowered by casting to float32, current high.dtype=float64[0m
  gym.logger.warn(
/home/bake/Rest-to-Rest/.venv/lib/python3.10/site-packages/gymnasium/spaces/box.py:235: UserWarning: [33mWARN: Box low's precision lowered by casting to float32, current low.dtype=float64[0m
  gym.logger.warn(
/home/bake/Rest-to-Rest/.venv/lib/python3.10/site-packages/gymnasium/spaces/box.py:305: UserWarning: [33mWARN: Box high's precision lowered by casting to float32, current high.dtype=float64[0m
  gym.logger.warn(
/home/bake/Rest-to-Rest/.venv/lib/python3.10/site-packages/gymnasium/spaces/box.py:235: UserWarning: [33mWARN: Box low's precision lowered by casting to float32, current low.dtype=float64[0m
  gym.logger.warn(
/home/bake/Rest-to-Rest/.venv/lib/python3.10/site-packages/gymnasium/spaces/box.py:305: UserWarning: [33mWARN: Box high's precision lowered by casting to float32, current high.dtype=float64[0m
  gym.logger.warn(
/home/bake/Rest-to-Rest/.venv/lib/python3.10/site-packages/gymnasium/spaces/box.py:235: UserWarning: [33mWARN: Box low's precision lowered by casting to float32, current low.dtype=float64[0m
  gym.logger.warn(
/home/bake/Rest-to-Rest/.venv/lib/python3.10/site-packages/gymnasium/spaces/box.py:305: UserWarning: [33mWARN: Box high's precision lowered by casting to float32, current high.dtype=float64[0m
  gym.logger.warn(
