--- Staging project to fast local storage: /super_fast_storage/bake/job_1486_4 ---
--- Starting Optuna Worker 4 in /super_fast_storage/bake/job_1486_4 ---

--- Starting Trial 0 ---
Parameters: {'d_safe': 35.8869975350386, 'k_bubble': 91.16388558034093, 'C_collision': 1456.3656664995488, 'k_pos': 0.003383732184601471, 'k_action': 0.08407106190560959, 'w_safe': 0.7746772169316799, 'w_pos': 0.21230025997626056}
Training command: python -u scripts/ConvNet/train_optuna.py --save_path /super_fast_storage/bake/job_1486_4/optuna_trials/IntruderAvoidance-CNN-Parallel/trial_0/agent.zip --total_timesteps 2000000 --n_envs 8 --d_safe 35.8869975350386 --k_bubble 91.16388558034093 --C_collision 1456.3656664995488 --k_pos 0.003383732184601471 --k_action 0.08407106190560959 --w_safe 0.7746772169316799 --w_pos 0.21230025997626056
--- Using device: cuda ---
--- Training model for 2000000 timesteps ---
--- Saving model to /super_fast_storage/bake/job_1486_4/optuna_trials/IntruderAvoidance-CNN-Parallel/trial_0/agent.zip ---
Evaluation command: python -u scripts/ConvNet/evaluate_intruder_for_optuna.py --model_path /super_fast_storage/bake/job_1486_4/optuna_trials/IntruderAvoidance-CNN-Parallel/trial_0/agent.zip --log_file /super_fast_storage/bake/job_1486_4/optuna_trials/IntruderAvoidance-CNN-Parallel/trial_0/evaluation_details.csv
✅ Trial 0 finished with values: [0.10031944444444445, 76.9180971224579]

--- Starting Trial 1 ---
Parameters: {'d_safe': 13.815813544455732, 'k_bubble': 187.19197370360496, 'C_collision': 1220.738917979856, 'k_pos': 0.005031183748309756, 'k_action': 0.0015766953699513132, 'w_safe': 0.7314036773735862, 'w_pos': 0.28791659529345537}
Training command: python -u scripts/ConvNet/train_optuna.py --save_path /super_fast_storage/bake/job_1486_4/optuna_trials/IntruderAvoidance-CNN-Parallel/trial_1/agent.zip --total_timesteps 2000000 --n_envs 8 --d_safe 13.815813544455732 --k_bubble 187.19197370360496 --C_collision 1220.738917979856 --k_pos 0.005031183748309756 --k_action 0.0015766953699513132 --w_safe 0.7314036773735862 --w_pos 0.28791659529345537
--- Using device: cuda ---
--- Training model for 2000000 timesteps ---
--- Saving model to /super_fast_storage/bake/job_1486_4/optuna_trials/IntruderAvoidance-CNN-Parallel/trial_1/agent.zip ---
Evaluation command: python -u scripts/ConvNet/evaluate_intruder_for_optuna.py --model_path /super_fast_storage/bake/job_1486_4/optuna_trials/IntruderAvoidance-CNN-Parallel/trial_1/agent.zip --log_file /super_fast_storage/bake/job_1486_4/optuna_trials/IntruderAvoidance-CNN-Parallel/trial_1/evaluation_details.csv
✅ Trial 1 finished with values: [0.02802777777777778, 74.99262852333358]

--- Starting Trial 2 ---
Parameters: {'d_safe': 24.673106155170096, 'k_bubble': 162.04783821311244, 'C_collision': 1958.2755954269905, 'k_pos': 0.07834611837130614, 'k_action': 0.005650216381393309, 'w_safe': 0.303321867989147, 'w_pos': 0.5999138610011618}
Training command: python -u scripts/ConvNet/train_optuna.py --save_path /super_fast_storage/bake/job_1486_4/optuna_trials/IntruderAvoidance-CNN-Parallel/trial_2/agent.zip --total_timesteps 2000000 --n_envs 8 --d_safe 24.673106155170096 --k_bubble 162.04783821311244 --C_collision 1958.2755954269905 --k_pos 0.07834611837130614 --k_action 0.005650216381393309 --w_safe 0.303321867989147 --w_pos 0.5999138610011618
--- Using device: cuda ---
--- Training model for 2000000 timesteps ---
--- Saving model to /super_fast_storage/bake/job_1486_4/optuna_trials/IntruderAvoidance-CNN-Parallel/trial_2/agent.zip ---
Evaluation command: python -u scripts/ConvNet/evaluate_intruder_for_optuna.py --model_path /super_fast_storage/bake/job_1486_4/optuna_trials/IntruderAvoidance-CNN-Parallel/trial_2/agent.zip --log_file /super_fast_storage/bake/job_1486_4/optuna_trials/IntruderAvoidance-CNN-Parallel/trial_2/evaluation_details.csv
✅ Trial 2 finished with values: [0.06919444444444445, 74.7094675990905]

--- Starting Trial 3 ---
Parameters: {'d_safe': 20.64803159409411, 'k_bubble': 28.54064385039857, 'C_collision': 1145.249262184654, 'k_pos': 0.02961628090004553, 'k_action': 0.027953538452650514, 'w_safe': 0.2127122901725434, 'w_pos': 0.26680724165054565}
Training command: python -u scripts/ConvNet/train_optuna.py --save_path /super_fast_storage/bake/job_1486_4/optuna_trials/IntruderAvoidance-CNN-Parallel/trial_3/agent.zip --total_timesteps 2000000 --n_envs 8 --d_safe 20.64803159409411 --k_bubble 28.54064385039857 --C_collision 1145.249262184654 --k_pos 0.02961628090004553 --k_action 0.027953538452650514 --w_safe 0.2127122901725434 --w_pos 0.26680724165054565
--- Using device: cuda ---
--- Training model for 2000000 timesteps ---
--- Saving model to /super_fast_storage/bake/job_1486_4/optuna_trials/IntruderAvoidance-CNN-Parallel/trial_3/agent.zip ---
Evaluation command: python -u scripts/ConvNet/evaluate_intruder_for_optuna.py --model_path /super_fast_storage/bake/job_1486_4/optuna_trials/IntruderAvoidance-CNN-Parallel/trial_3/agent.zip --log_file /super_fast_storage/bake/job_1486_4/optuna_trials/IntruderAvoidance-CNN-Parallel/trial_3/evaluation_details.csv
✅ Trial 3 finished with values: [0.023583333333333335, 78.67199327891889]

--- Starting Trial 4 ---
Parameters: {'d_safe': 38.92517583673988, 'k_bubble': 115.19082468671189, 'C_collision': 505.84976606740105, 'k_pos': 0.08776808940045978, 'k_action': 0.022926631126974746, 'w_safe': 0.8308798312236646, 'w_pos': 0.6005058803328042}
Training command: python -u scripts/ConvNet/train_optuna.py --save_path /super_fast_storage/bake/job_1486_4/optuna_trials/IntruderAvoidance-CNN-Parallel/trial_4/agent.zip --total_timesteps 2000000 --n_envs 8 --d_safe 38.92517583673988 --k_bubble 115.19082468671189 --C_collision 505.84976606740105 --k_pos 0.08776808940045978 --k_action 0.022926631126974746 --w_safe 0.8308798312236646 --w_pos 0.6005058803328042
--- Using device: cuda ---
--- Training model for 2000000 timesteps ---
--- Saving model to /super_fast_storage/bake/job_1486_4/optuna_trials/IntruderAvoidance-CNN-Parallel/trial_4/agent.zip ---
Evaluation command: python -u scripts/ConvNet/evaluate_intruder_for_optuna.py --model_path /super_fast_storage/bake/job_1486_4/optuna_trials/IntruderAvoidance-CNN-Parallel/trial_4/agent.zip --log_file /super_fast_storage/bake/job_1486_4/optuna_trials/IntruderAvoidance-CNN-Parallel/trial_4/evaluation_details.csv
✅ Trial 4 finished with values: [0.08436111111111111, 78.50738129969947]

--- Starting Trial 5 ---
Parameters: {'d_safe': 38.866803765488626, 'k_bubble': 167.44469980444208, 'C_collision': 1473.133738790156, 'k_pos': 0.0023922218151129202, 'k_action': 0.00345217359898793, 'w_safe': 0.22634374119422135, 'w_pos': 0.8110739360981589}
Training command: python -u scripts/ConvNet/train_optuna.py --save_path /super_fast_storage/bake/job_1486_4/optuna_trials/IntruderAvoidance-CNN-Parallel/trial_5/agent.zip --total_timesteps 2000000 --n_envs 8 --d_safe 38.866803765488626 --k_bubble 167.44469980444208 --C_collision 1473.133738790156 --k_pos 0.0023922218151129202 --k_action 0.00345217359898793 --w_safe 0.22634374119422135 --w_pos 0.8110739360981589
--- Using device: cuda ---
--- Training model for 2000000 timesteps ---
--- Saving model to /super_fast_storage/bake/job_1486_4/optuna_trials/IntruderAvoidance-CNN-Parallel/trial_5/agent.zip ---
Evaluation command: python -u scripts/ConvNet/evaluate_intruder_for_optuna.py --model_path /super_fast_storage/bake/job_1486_4/optuna_trials/IntruderAvoidance-CNN-Parallel/trial_5/agent.zip --log_file /super_fast_storage/bake/job_1486_4/optuna_trials/IntruderAvoidance-CNN-Parallel/trial_5/evaluation_details.csv
✅ Trial 5 finished with values: [0.10570833333333333, 76.22703587874831]

--- Starting Trial 6 ---
Parameters: {'d_safe': 35.05631546711908, 'k_bubble': 56.23743801650679, 'C_collision': 1321.53731617604, 'k_pos': 0.051377755976659376, 'k_action': 0.014782253987806585, 'w_safe': 0.8844800430450568, 'w_pos': 0.7975096875232488}
Training command: python -u scripts/ConvNet/train_optuna.py --save_path /super_fast_storage/bake/job_1486_4/optuna_trials/IntruderAvoidance-CNN-Parallel/trial_6/agent.zip --total_timesteps 2000000 --n_envs 8 --d_safe 35.05631546711908 --k_bubble 56.23743801650679 --C_collision 1321.53731617604 --k_pos 0.051377755976659376 --k_action 0.014782253987806585 --w_safe 0.8844800430450568 --w_pos 0.7975096875232488
--- Using device: cuda ---
--- Training model for 2000000 timesteps ---
--- Saving model to /super_fast_storage/bake/job_1486_4/optuna_trials/IntruderAvoidance-CNN-Parallel/trial_6/agent.zip ---
Evaluation command: python -u scripts/ConvNet/evaluate_intruder_for_optuna.py --model_path /super_fast_storage/bake/job_1486_4/optuna_trials/IntruderAvoidance-CNN-Parallel/trial_6/agent.zip --log_file /super_fast_storage/bake/job_1486_4/optuna_trials/IntruderAvoidance-CNN-Parallel/trial_6/evaluation_details.csv
✅ Trial 6 finished with values: [0.0750138888888889, 72.44033354690659]

--- Starting Trial 7 ---
Parameters: {'d_safe': 22.321149182107277, 'k_bubble': 64.34256285506247, 'C_collision': 721.5432029577776, 'k_pos': 0.06718786884997904, 'k_action': 0.007586505446007422, 'w_safe': 0.12192039168306046, 'w_pos': 0.5083679868169333}
Training command: python -u scripts/ConvNet/train_optuna.py --save_path /super_fast_storage/bake/job_1486_4/optuna_trials/IntruderAvoidance-CNN-Parallel/trial_7/agent.zip --total_timesteps 2000000 --n_envs 8 --d_safe 22.321149182107277 --k_bubble 64.34256285506247 --C_collision 721.5432029577776 --k_pos 0.06718786884997904 --k_action 0.007586505446007422 --w_safe 0.12192039168306046 --w_pos 0.5083679868169333
--- Using device: cuda ---
--- Training model for 2000000 timesteps ---
--- Saving model to /super_fast_storage/bake/job_1486_4/optuna_trials/IntruderAvoidance-CNN-Parallel/trial_7/agent.zip ---
Evaluation command: python -u scripts/ConvNet/evaluate_intruder_for_optuna.py --model_path /super_fast_storage/bake/job_1486_4/optuna_trials/IntruderAvoidance-CNN-Parallel/trial_7/agent.zip --log_file /super_fast_storage/bake/job_1486_4/optuna_trials/IntruderAvoidance-CNN-Parallel/trial_7/evaluation_details.csv
✅ Trial 7 finished with values: [0.05775, 74.26918357158117]

--- Starting Trial 8 ---
Parameters: {'d_safe': 38.967821331986286, 'k_bubble': 196.71058357646936, 'C_collision': 1971.9439342001244, 'k_pos': 0.018080602434916708, 'k_action': 0.06643883670200529, 'w_safe': 0.3207377471807461, 'w_pos': 0.43918073537998137}
Training command: python -u scripts/ConvNet/train_optuna.py --save_path /super_fast_storage/bake/job_1486_4/optuna_trials/IntruderAvoidance-CNN-Parallel/trial_8/agent.zip --total_timesteps 2000000 --n_envs 8 --d_safe 38.967821331986286 --k_bubble 196.71058357646936 --C_collision 1971.9439342001244 --k_pos 0.018080602434916708 --k_action 0.06643883670200529 --w_safe 0.3207377471807461 --w_pos 0.43918073537998137
--- Using device: cuda ---
--- Training model for 2000000 timesteps ---
--- Saving model to /super_fast_storage/bake/job_1486_4/optuna_trials/IntruderAvoidance-CNN-Parallel/trial_8/agent.zip ---
Evaluation command: python -u scripts/ConvNet/evaluate_intruder_for_optuna.py --model_path /super_fast_storage/bake/job_1486_4/optuna_trials/IntruderAvoidance-CNN-Parallel/trial_8/agent.zip --log_file /super_fast_storage/bake/job_1486_4/optuna_trials/IntruderAvoidance-CNN-Parallel/trial_8/evaluation_details.csv
✅ Trial 8 finished with values: [0.055375, 81.16810307921892]

--- Starting Trial 9 ---
Parameters: {'d_safe': 20.3440649242429, 'k_bubble': 198.9375772401959, 'C_collision': 519.0394086236018, 'k_pos': 0.07102480819132337, 'k_action': 0.0017493786339652186, 'w_safe': 0.29963030622674347, 'w_pos': 0.16006926155426104}
Training command: python -u scripts/ConvNet/train_optuna.py --save_path /super_fast_storage/bake/job_1486_4/optuna_trials/IntruderAvoidance-CNN-Parallel/trial_9/agent.zip --total_timesteps 2000000 --n_envs 8 --d_safe 20.3440649242429 --k_bubble 198.9375772401959 --C_collision 519.0394086236018 --k_pos 0.07102480819132337 --k_action 0.0017493786339652186 --w_safe 0.29963030622674347 --w_pos 0.16006926155426104
--- Using device: cuda ---
--- Training model for 2000000 timesteps ---
--- Saving model to /super_fast_storage/bake/job_1486_4/optuna_trials/IntruderAvoidance-CNN-Parallel/trial_9/agent.zip ---
Evaluation command: python -u scripts/ConvNet/evaluate_intruder_for_optuna.py --model_path /super_fast_storage/bake/job_1486_4/optuna_trials/IntruderAvoidance-CNN-Parallel/trial_9/agent.zip --log_file /super_fast_storage/bake/job_1486_4/optuna_trials/IntruderAvoidance-CNN-Parallel/trial_9/evaluation_details.csv
✅ Trial 9 finished with values: [0.09883333333333333, 80.99715260015059]

--- Worker finished 10 trials ---
--- Worker finished. Staging results back to permanent storage. ---
--- Job 4 fully complete. ---
