--- Starting Optuna Worker 13 for study 'IntruderAvoidance-CNN-Parallel' ---
Error: gym_pathfinding not installed. Please run 'pip install -e .' from your project root.
Error: gym_pathfinding not installed. Please run 'pip install -e .' from your project root.
Error: gym_pathfinding not installed. Please run 'pip install -e .' from your project root.
Error: gym_pathfinding not installed. Please run 'pip install -e .' from your project root.
Error: gym_pathfinding not installed. Please run 'pip install -e .' from your project root.
Error: gym_pathfinding not installed. Please run 'pip install -e .' from your project root.
Error: gym_pathfinding not installed. Please run 'pip install -e .' from your project root.
Error: gym_pathfinding not installed. Please run 'pip install -e .' from your project root.
Error: gym_pathfinding not installed. Please run 'pip install -e .' from your project root.
Error: gym_pathfinding not installed. Please run 'pip install -e .' from your project root.

--- Starting Trial 101 ---
Parameters: {'d_safe': 35.09542363211176, 'k_bubble': 180.93548541466484, 'C_collision': 1316.0849229765095, 'k_pos': 0.058868777583380494, 'k_action': 0.009904019883882445, 'w_safe': 0.16987829662361797, 'w_pos': 0.32712799419997546}
Training command: python scripts/ConvNet/train_optuna.py --save_path optuna_trials/IntruderAvoidance-CNN-Parallel/trial_101/agent.zip --total_timesteps 2000000 --d_safe 35.09542363211176 --k_bubble 180.93548541466484 --C_collision 1316.0849229765095 --k_pos 0.058868777583380494 --k_action 0.009904019883882445 --w_safe 0.16987829662361797 --w_pos 0.32712799419997546
Evaluation command: python scripts/ConvNet/evaluate_intruder_for_optuna.py --model_path optuna_trials/IntruderAvoidance-CNN-Parallel/trial_101/agent.zip --log_file optuna_trials/IntruderAvoidance-CNN-Parallel/trial_101/evaluation_details.csv
❌ Trial 101 failed during KPI parsing: Could not find JSON output block in evaluation script stdout.

--- Starting Trial 105 ---
Parameters: {'d_safe': 13.772621751298887, 'k_bubble': 120.92648556744746, 'C_collision': 982.666933721307, 'k_pos': 0.07065877703258674, 'k_action': 0.028777345219254354, 'w_safe': 0.5546274779952682, 'w_pos': 0.764165887494585}
Training command: python scripts/ConvNet/train_optuna.py --save_path optuna_trials/IntruderAvoidance-CNN-Parallel/trial_105/agent.zip --total_timesteps 2000000 --d_safe 13.772621751298887 --k_bubble 120.92648556744746 --C_collision 982.666933721307 --k_pos 0.07065877703258674 --k_action 0.028777345219254354 --w_safe 0.5546274779952682 --w_pos 0.764165887494585
Evaluation command: python scripts/ConvNet/evaluate_intruder_for_optuna.py --model_path optuna_trials/IntruderAvoidance-CNN-Parallel/trial_105/agent.zip --log_file optuna_trials/IntruderAvoidance-CNN-Parallel/trial_105/evaluation_details.csv
❌ Trial 105 failed during KPI parsing: Could not find JSON output block in evaluation script stdout.

--- Starting Trial 109 ---
Parameters: {'d_safe': 20.989862526770963, 'k_bubble': 22.72785415684874, 'C_collision': 669.3593145777053, 'k_pos': 0.05711709989910091, 'k_action': 0.04715433059616856, 'w_safe': 0.24771355691800281, 'w_pos': 0.4196395040552757}
Training command: python scripts/ConvNet/train_optuna.py --save_path optuna_trials/IntruderAvoidance-CNN-Parallel/trial_109/agent.zip --total_timesteps 2000000 --d_safe 20.989862526770963 --k_bubble 22.72785415684874 --C_collision 669.3593145777053 --k_pos 0.05711709989910091 --k_action 0.04715433059616856 --w_safe 0.24771355691800281 --w_pos 0.4196395040552757
Evaluation command: python scripts/ConvNet/evaluate_intruder_for_optuna.py --model_path optuna_trials/IntruderAvoidance-CNN-Parallel/trial_109/agent.zip --log_file optuna_trials/IntruderAvoidance-CNN-Parallel/trial_109/evaluation_details.csv
❌ Trial 109 failed during KPI parsing: Could not find JSON output block in evaluation script stdout.

--- Starting Trial 114 ---
Parameters: {'d_safe': 16.477808159127118, 'k_bubble': 197.59295775710834, 'C_collision': 505.1678481559928, 'k_pos': 0.031782638055177205, 'k_action': 0.04096512719680167, 'w_safe': 0.5350044234455992, 'w_pos': 0.10580340855782176}
Training command: python scripts/ConvNet/train_optuna.py --save_path optuna_trials/IntruderAvoidance-CNN-Parallel/trial_114/agent.zip --total_timesteps 2000000 --d_safe 16.477808159127118 --k_bubble 197.59295775710834 --C_collision 505.1678481559928 --k_pos 0.031782638055177205 --k_action 0.04096512719680167 --w_safe 0.5350044234455992 --w_pos 0.10580340855782176
Evaluation command: python scripts/ConvNet/evaluate_intruder_for_optuna.py --model_path optuna_trials/IntruderAvoidance-CNN-Parallel/trial_114/agent.zip --log_file optuna_trials/IntruderAvoidance-CNN-Parallel/trial_114/evaluation_details.csv
❌ Trial 114 failed during KPI parsing: Could not find JSON output block in evaluation script stdout.

--- Starting Trial 119 ---
Parameters: {'d_safe': 30.745071151640648, 'k_bubble': 94.47900106854831, 'C_collision': 1934.0862941720345, 'k_pos': 0.0020885852629989976, 'k_action': 0.006728305869932198, 'w_safe': 0.2959362553636653, 'w_pos': 0.19101455078724314}
Training command: python scripts/ConvNet/train_optuna.py --save_path optuna_trials/IntruderAvoidance-CNN-Parallel/trial_119/agent.zip --total_timesteps 2000000 --d_safe 30.745071151640648 --k_bubble 94.47900106854831 --C_collision 1934.0862941720345 --k_pos 0.0020885852629989976 --k_action 0.006728305869932198 --w_safe 0.2959362553636653 --w_pos 0.19101455078724314
Evaluation command: python scripts/ConvNet/evaluate_intruder_for_optuna.py --model_path optuna_trials/IntruderAvoidance-CNN-Parallel/trial_119/agent.zip --log_file optuna_trials/IntruderAvoidance-CNN-Parallel/trial_119/evaluation_details.csv
❌ Trial 119 failed during KPI parsing: Could not find JSON output block in evaluation script stdout.

--- Starting Trial 124 ---
Parameters: {'d_safe': 22.967028050454168, 'k_bubble': 58.45461514799376, 'C_collision': 1039.8657490919663, 'k_pos': 0.007193816823773486, 'k_action': 0.0051811327871088666, 'w_safe': 0.1834207832965727, 'w_pos': 0.4594929261785544}
Training command: python scripts/ConvNet/train_optuna.py --save_path optuna_trials/IntruderAvoidance-CNN-Parallel/trial_124/agent.zip --total_timesteps 2000000 --d_safe 22.967028050454168 --k_bubble 58.45461514799376 --C_collision 1039.8657490919663 --k_pos 0.007193816823773486 --k_action 0.0051811327871088666 --w_safe 0.1834207832965727 --w_pos 0.4594929261785544
Evaluation command: python scripts/ConvNet/evaluate_intruder_for_optuna.py --model_path optuna_trials/IntruderAvoidance-CNN-Parallel/trial_124/agent.zip --log_file optuna_trials/IntruderAvoidance-CNN-Parallel/trial_124/evaluation_details.csv
❌ Trial 124 failed during KPI parsing: Could not find JSON output block in evaluation script stdout.

--- Starting Trial 129 ---
Parameters: {'d_safe': 36.49907336406923, 'k_bubble': 75.12007334505752, 'C_collision': 699.1286626976668, 'k_pos': 0.09164769452185181, 'k_action': 0.008490304657047124, 'w_safe': 0.10262780538938979, 'w_pos': 0.5244400053333421}
Training command: python scripts/ConvNet/train_optuna.py --save_path optuna_trials/IntruderAvoidance-CNN-Parallel/trial_129/agent.zip --total_timesteps 2000000 --d_safe 36.49907336406923 --k_bubble 75.12007334505752 --C_collision 699.1286626976668 --k_pos 0.09164769452185181 --k_action 0.008490304657047124 --w_safe 0.10262780538938979 --w_pos 0.5244400053333421
Evaluation command: python scripts/ConvNet/evaluate_intruder_for_optuna.py --model_path optuna_trials/IntruderAvoidance-CNN-Parallel/trial_129/agent.zip --log_file optuna_trials/IntruderAvoidance-CNN-Parallel/trial_129/evaluation_details.csv
❌ Trial 129 failed during KPI parsing: Could not find JSON output block in evaluation script stdout.

--- Starting Trial 133 ---
Parameters: {'d_safe': 14.759178649167241, 'k_bubble': 192.410137253841, 'C_collision': 1266.6435047386917, 'k_pos': 0.004529431309433838, 'k_action': 0.0021047900610836156, 'w_safe': 0.5517211545989174, 'w_pos': 0.6514367763615009}
Training command: python scripts/ConvNet/train_optuna.py --save_path optuna_trials/IntruderAvoidance-CNN-Parallel/trial_133/agent.zip --total_timesteps 2000000 --d_safe 14.759178649167241 --k_bubble 192.410137253841 --C_collision 1266.6435047386917 --k_pos 0.004529431309433838 --k_action 0.0021047900610836156 --w_safe 0.5517211545989174 --w_pos 0.6514367763615009
Evaluation command: python scripts/ConvNet/evaluate_intruder_for_optuna.py --model_path optuna_trials/IntruderAvoidance-CNN-Parallel/trial_133/agent.zip --log_file optuna_trials/IntruderAvoidance-CNN-Parallel/trial_133/evaluation_details.csv
❌ Trial 133 failed during KPI parsing: Could not find JSON output block in evaluation script stdout.

--- Starting Trial 139 ---
Parameters: {'d_safe': 36.5843545121179, 'k_bubble': 158.8769162611937, 'C_collision': 1397.4115157146018, 'k_pos': 0.09150825942134282, 'k_action': 0.014910299711501871, 'w_safe': 0.41844249435710446, 'w_pos': 0.6859988711536978}
Training command: python scripts/ConvNet/train_optuna.py --save_path optuna_trials/IntruderAvoidance-CNN-Parallel/trial_139/agent.zip --total_timesteps 2000000 --d_safe 36.5843545121179 --k_bubble 158.8769162611937 --C_collision 1397.4115157146018 --k_pos 0.09150825942134282 --k_action 0.014910299711501871 --w_safe 0.41844249435710446 --w_pos 0.6859988711536978
Evaluation command: python scripts/ConvNet/evaluate_intruder_for_optuna.py --model_path optuna_trials/IntruderAvoidance-CNN-Parallel/trial_139/agent.zip --log_file optuna_trials/IntruderAvoidance-CNN-Parallel/trial_139/evaluation_details.csv
❌ Trial 139 failed during KPI parsing: Could not find JSON output block in evaluation script stdout.

--- Starting Trial 143 ---
Parameters: {'d_safe': 33.91002944466857, 'k_bubble': 181.2935965174866, 'C_collision': 958.1280352358002, 'k_pos': 0.0641983415101797, 'k_action': 0.022373893449075633, 'w_safe': 0.28466162843990483, 'w_pos': 0.3000055962315177}
Training command: python scripts/ConvNet/train_optuna.py --save_path optuna_trials/IntruderAvoidance-CNN-Parallel/trial_143/agent.zip --total_timesteps 2000000 --d_safe 33.91002944466857 --k_bubble 181.2935965174866 --C_collision 958.1280352358002 --k_pos 0.0641983415101797 --k_action 0.022373893449075633 --w_safe 0.28466162843990483 --w_pos 0.3000055962315177
Evaluation command: python scripts/ConvNet/evaluate_intruder_for_optuna.py --model_path optuna_trials/IntruderAvoidance-CNN-Parallel/trial_143/agent.zip --log_file optuna_trials/IntruderAvoidance-CNN-Parallel/trial_143/evaluation_details.csv
❌ Trial 143 failed during KPI parsing: Could not find JSON output block in evaluation script stdout.

--- Worker finished 10 trials ---
--- Worker 13 finished. ---
