--- Starting Optuna Worker 10 for study 'IntruderAvoidance-CNN-Parallel' ---
Error: gym_pathfinding not installed. Please run 'pip install -e .' from your project root.
Error: gym_pathfinding not installed. Please run 'pip install -e .' from your project root.
Error: gym_pathfinding not installed. Please run 'pip install -e .' from your project root.
Error: gym_pathfinding not installed. Please run 'pip install -e .' from your project root.
Error: gym_pathfinding not installed. Please run 'pip install -e .' from your project root.
Error: gym_pathfinding not installed. Please run 'pip install -e .' from your project root.
Error: gym_pathfinding not installed. Please run 'pip install -e .' from your project root.
Error: gym_pathfinding not installed. Please run 'pip install -e .' from your project root.
Error: gym_pathfinding not installed. Please run 'pip install -e .' from your project root.
Error: gym_pathfinding not installed. Please run 'pip install -e .' from your project root.

--- Starting Trial 52 ---
Parameters: {'d_safe': 35.75662096608082, 'k_bubble': 150.32104127157615, 'C_collision': 1016.6368688676864, 'k_pos': 0.0012363830617118112, 'k_action': 0.03840083238660447, 'w_safe': 0.7344386784689964, 'w_pos': 0.396127090775907}
Training command: python scripts/ConvNet/train_optuna.py --save_path optuna_trials/IntruderAvoidance-CNN-Parallel/trial_52/agent.zip --total_timesteps 2000000 --d_safe 35.75662096608082 --k_bubble 150.32104127157615 --C_collision 1016.6368688676864 --k_pos 0.0012363830617118112 --k_action 0.03840083238660447 --w_safe 0.7344386784689964 --w_pos 0.396127090775907
Evaluation command: python scripts/ConvNet/evaluate_intruder_for_optuna.py --model_path optuna_trials/IntruderAvoidance-CNN-Parallel/trial_52/agent.zip --log_file optuna_trials/IntruderAvoidance-CNN-Parallel/trial_52/evaluation_details.csv
❌ Trial 52 failed during KPI parsing: Could not find JSON output block in evaluation script stdout.

--- Starting Trial 57 ---
Parameters: {'d_safe': 11.556941363656094, 'k_bubble': 91.58886735979797, 'C_collision': 1443.0294416522474, 'k_pos': 0.022210589699924784, 'k_action': 0.0034218550000342856, 'w_safe': 0.2871104551491941, 'w_pos': 0.40337805895110923}
Training command: python scripts/ConvNet/train_optuna.py --save_path optuna_trials/IntruderAvoidance-CNN-Parallel/trial_57/agent.zip --total_timesteps 2000000 --d_safe 11.556941363656094 --k_bubble 91.58886735979797 --C_collision 1443.0294416522474 --k_pos 0.022210589699924784 --k_action 0.0034218550000342856 --w_safe 0.2871104551491941 --w_pos 0.40337805895110923
Evaluation command: python scripts/ConvNet/evaluate_intruder_for_optuna.py --model_path optuna_trials/IntruderAvoidance-CNN-Parallel/trial_57/agent.zip --log_file optuna_trials/IntruderAvoidance-CNN-Parallel/trial_57/evaluation_details.csv
❌ Trial 57 failed during KPI parsing: Could not find JSON output block in evaluation script stdout.

--- Starting Trial 62 ---
Parameters: {'d_safe': 25.213922467597776, 'k_bubble': 25.578362955788037, 'C_collision': 1934.7579132591134, 'k_pos': 0.020428727140524114, 'k_action': 0.0013687399514260468, 'w_safe': 0.2049981153749698, 'w_pos': 0.4435948194425141}
Training command: python scripts/ConvNet/train_optuna.py --save_path optuna_trials/IntruderAvoidance-CNN-Parallel/trial_62/agent.zip --total_timesteps 2000000 --d_safe 25.213922467597776 --k_bubble 25.578362955788037 --C_collision 1934.7579132591134 --k_pos 0.020428727140524114 --k_action 0.0013687399514260468 --w_safe 0.2049981153749698 --w_pos 0.4435948194425141
Evaluation command: python scripts/ConvNet/evaluate_intruder_for_optuna.py --model_path optuna_trials/IntruderAvoidance-CNN-Parallel/trial_62/agent.zip --log_file optuna_trials/IntruderAvoidance-CNN-Parallel/trial_62/evaluation_details.csv
❌ Trial 62 failed during KPI parsing: Could not find JSON output block in evaluation script stdout.

--- Starting Trial 67 ---
Parameters: {'d_safe': 15.144753755803945, 'k_bubble': 43.09847223916446, 'C_collision': 1683.6444379744632, 'k_pos': 0.009036676199520234, 'k_action': 0.03227908638140691, 'w_safe': 0.2384904881811795, 'w_pos': 0.3077855559049847}
Training command: python scripts/ConvNet/train_optuna.py --save_path optuna_trials/IntruderAvoidance-CNN-Parallel/trial_67/agent.zip --total_timesteps 2000000 --d_safe 15.144753755803945 --k_bubble 43.09847223916446 --C_collision 1683.6444379744632 --k_pos 0.009036676199520234 --k_action 0.03227908638140691 --w_safe 0.2384904881811795 --w_pos 0.3077855559049847
Evaluation command: python scripts/ConvNet/evaluate_intruder_for_optuna.py --model_path optuna_trials/IntruderAvoidance-CNN-Parallel/trial_67/agent.zip --log_file optuna_trials/IntruderAvoidance-CNN-Parallel/trial_67/evaluation_details.csv
❌ Trial 67 failed during KPI parsing: Could not find JSON output block in evaluation script stdout.

--- Starting Trial 72 ---
Parameters: {'d_safe': 29.33251552411036, 'k_bubble': 153.95078259830476, 'C_collision': 575.1784487612395, 'k_pos': 0.005642187266706723, 'k_action': 0.03559955350661852, 'w_safe': 0.1819764411248082, 'w_pos': 0.8085794058079199}
Training command: python scripts/ConvNet/train_optuna.py --save_path optuna_trials/IntruderAvoidance-CNN-Parallel/trial_72/agent.zip --total_timesteps 2000000 --d_safe 29.33251552411036 --k_bubble 153.95078259830476 --C_collision 575.1784487612395 --k_pos 0.005642187266706723 --k_action 0.03559955350661852 --w_safe 0.1819764411248082 --w_pos 0.8085794058079199
Evaluation command: python scripts/ConvNet/evaluate_intruder_for_optuna.py --model_path optuna_trials/IntruderAvoidance-CNN-Parallel/trial_72/agent.zip --log_file optuna_trials/IntruderAvoidance-CNN-Parallel/trial_72/evaluation_details.csv
❌ Trial 72 failed during KPI parsing: Could not find JSON output block in evaluation script stdout.

--- Starting Trial 77 ---
Parameters: {'d_safe': 20.698800177823582, 'k_bubble': 113.83637345112182, 'C_collision': 500.27352422799953, 'k_pos': 0.004415944769897953, 'k_action': 0.021838657355815434, 'w_safe': 0.44907240789175507, 'w_pos': 0.7071185510375964}
Training command: python scripts/ConvNet/train_optuna.py --save_path optuna_trials/IntruderAvoidance-CNN-Parallel/trial_77/agent.zip --total_timesteps 2000000 --d_safe 20.698800177823582 --k_bubble 113.83637345112182 --C_collision 500.27352422799953 --k_pos 0.004415944769897953 --k_action 0.021838657355815434 --w_safe 0.44907240789175507 --w_pos 0.7071185510375964
Evaluation command: python scripts/ConvNet/evaluate_intruder_for_optuna.py --model_path optuna_trials/IntruderAvoidance-CNN-Parallel/trial_77/agent.zip --log_file optuna_trials/IntruderAvoidance-CNN-Parallel/trial_77/evaluation_details.csv
❌ Trial 77 failed during KPI parsing: Could not find JSON output block in evaluation script stdout.

--- Starting Trial 82 ---
Parameters: {'d_safe': 17.83649004260041, 'k_bubble': 135.54644672514974, 'C_collision': 1860.9631980630577, 'k_pos': 0.01661693471187756, 'k_action': 0.008379679542285468, 'w_safe': 0.2862706816511029, 'w_pos': 0.209765651572652}
Training command: python scripts/ConvNet/train_optuna.py --save_path optuna_trials/IntruderAvoidance-CNN-Parallel/trial_82/agent.zip --total_timesteps 2000000 --d_safe 17.83649004260041 --k_bubble 135.54644672514974 --C_collision 1860.9631980630577 --k_pos 0.01661693471187756 --k_action 0.008379679542285468 --w_safe 0.2862706816511029 --w_pos 0.209765651572652
Evaluation command: python scripts/ConvNet/evaluate_intruder_for_optuna.py --model_path optuna_trials/IntruderAvoidance-CNN-Parallel/trial_82/agent.zip --log_file optuna_trials/IntruderAvoidance-CNN-Parallel/trial_82/evaluation_details.csv
❌ Trial 82 failed during KPI parsing: Could not find JSON output block in evaluation script stdout.

--- Starting Trial 87 ---
Parameters: {'d_safe': 10.240102354010588, 'k_bubble': 130.7054577092415, 'C_collision': 1911.5686517195556, 'k_pos': 0.0014606155151312015, 'k_action': 0.08586053536400216, 'w_safe': 0.11086753084338304, 'w_pos': 0.6774258872068138}
Training command: python scripts/ConvNet/train_optuna.py --save_path optuna_trials/IntruderAvoidance-CNN-Parallel/trial_87/agent.zip --total_timesteps 2000000 --d_safe 10.240102354010588 --k_bubble 130.7054577092415 --C_collision 1911.5686517195556 --k_pos 0.0014606155151312015 --k_action 0.08586053536400216 --w_safe 0.11086753084338304 --w_pos 0.6774258872068138
Evaluation command: python scripts/ConvNet/evaluate_intruder_for_optuna.py --model_path optuna_trials/IntruderAvoidance-CNN-Parallel/trial_87/agent.zip --log_file optuna_trials/IntruderAvoidance-CNN-Parallel/trial_87/evaluation_details.csv
❌ Trial 87 failed during KPI parsing: Could not find JSON output block in evaluation script stdout.

--- Starting Trial 92 ---
Parameters: {'d_safe': 25.86944456250587, 'k_bubble': 102.0867282975685, 'C_collision': 1194.6215241458613, 'k_pos': 0.011271234919383028, 'k_action': 0.0026154097471219493, 'w_safe': 0.26894046778843406, 'w_pos': 0.41142711296533396}
Training command: python scripts/ConvNet/train_optuna.py --save_path optuna_trials/IntruderAvoidance-CNN-Parallel/trial_92/agent.zip --total_timesteps 2000000 --d_safe 25.86944456250587 --k_bubble 102.0867282975685 --C_collision 1194.6215241458613 --k_pos 0.011271234919383028 --k_action 0.0026154097471219493 --w_safe 0.26894046778843406 --w_pos 0.41142711296533396
Evaluation command: python scripts/ConvNet/evaluate_intruder_for_optuna.py --model_path optuna_trials/IntruderAvoidance-CNN-Parallel/trial_92/agent.zip --log_file optuna_trials/IntruderAvoidance-CNN-Parallel/trial_92/evaluation_details.csv
❌ Trial 92 failed during KPI parsing: Could not find JSON output block in evaluation script stdout.

--- Starting Trial 97 ---
Parameters: {'d_safe': 13.430089733474533, 'k_bubble': 183.00175499609924, 'C_collision': 1389.6913518629788, 'k_pos': 0.014227526629482854, 'k_action': 0.008570068511370729, 'w_safe': 0.441887280060965, 'w_pos': 0.20489497251292726}
Training command: python scripts/ConvNet/train_optuna.py --save_path optuna_trials/IntruderAvoidance-CNN-Parallel/trial_97/agent.zip --total_timesteps 2000000 --d_safe 13.430089733474533 --k_bubble 183.00175499609924 --C_collision 1389.6913518629788 --k_pos 0.014227526629482854 --k_action 0.008570068511370729 --w_safe 0.441887280060965 --w_pos 0.20489497251292726
Evaluation command: python scripts/ConvNet/evaluate_intruder_for_optuna.py --model_path optuna_trials/IntruderAvoidance-CNN-Parallel/trial_97/agent.zip --log_file optuna_trials/IntruderAvoidance-CNN-Parallel/trial_97/evaluation_details.csv
❌ Trial 97 failed during KPI parsing: Could not find JSON output block in evaluation script stdout.

--- Worker finished 10 trials ---
--- Worker 10 finished. ---
