[I 2025-07-11 07:50:58,846] Using an existing study with name 'IntruderAvoidance-CNN-Parallel' instead of creating a new one.
[W 2025-07-11 07:51:07,454] Trial 172 failed with parameters: {'d_safe': 38.73369481644173, 'k_bubble': 22.468530111353846, 'C_collision': 1988.1676049233715, 'k_pos': 0.002403188984499622, 'k_action': 0.020289321031262957, 'w_safe': 0.32280365129651367, 'w_pos': 0.8138901006221827} because of the following error: The number of the values 1 did not match the number of the objectives 2.
[W 2025-07-11 07:51:07,454] Trial 172 failed with value inf.
[W 2025-07-11 07:51:13,431] Trial 177 failed with parameters: {'d_safe': 32.674732306785465, 'k_bubble': 58.32077907418685, 'C_collision': 1066.146169605839, 'k_pos': 0.001027041341765052, 'k_action': 0.0665444734569145, 'w_safe': 0.5898516294962878, 'w_pos': 0.7237475498578535} because of the following error: The number of the values 1 did not match the number of the objectives 2.
[W 2025-07-11 07:51:13,431] Trial 177 failed with value inf.
[W 2025-07-11 07:51:19,307] Trial 183 failed with parameters: {'d_safe': 10.820628285437982, 'k_bubble': 76.6317627298701, 'C_collision': 884.0088816336482, 'k_pos': 0.0058363963206200745, 'k_action': 0.03420956358805322, 'w_safe': 0.8299570195470588, 'w_pos': 0.8790251730295887} because of the following error: The number of the values 1 did not match the number of the objectives 2.
[W 2025-07-11 07:51:19,307] Trial 183 failed with value inf.
[W 2025-07-11 07:51:24,857] Trial 188 failed with parameters: {'d_safe': 16.117242070969315, 'k_bubble': 104.15888744830002, 'C_collision': 1405.908568302576, 'k_pos': 0.006949761071529158, 'k_action': 0.08919849127883374, 'w_safe': 0.4649713038301827, 'w_pos': 0.8869044230020282} because of the following error: The number of the values 1 did not match the number of the objectives 2.
[W 2025-07-11 07:51:24,857] Trial 188 failed with value inf.
[W 2025-07-11 07:51:30,491] Trial 193 failed with parameters: {'d_safe': 17.776640203861067, 'k_bubble': 195.6952752898152, 'C_collision': 922.0761172385075, 'k_pos': 0.01152758808276463, 'k_action': 0.002543097327579076, 'w_safe': 0.839291089162348, 'w_pos': 0.11742533206847927} because of the following error: The number of the values 1 did not match the number of the objectives 2.
[W 2025-07-11 07:51:30,491] Trial 193 failed with value inf.
[W 2025-07-11 07:51:36,247] Trial 198 failed with parameters: {'d_safe': 35.2405703982807, 'k_bubble': 33.70235068416291, 'C_collision': 1499.5415395721332, 'k_pos': 0.00881357293326863, 'k_action': 0.08958804886162967, 'w_safe': 0.31963383958658276, 'w_pos': 0.42022694022663176} because of the following error: The number of the values 1 did not match the number of the objectives 2.
[W 2025-07-11 07:51:36,247] Trial 198 failed with value inf.
[W 2025-07-11 07:51:42,197] Trial 203 failed with parameters: {'d_safe': 21.798926117956267, 'k_bubble': 144.42566153212684, 'C_collision': 1017.868947545603, 'k_pos': 0.002284345950120934, 'k_action': 0.001056096714774056, 'w_safe': 0.5534778640109559, 'w_pos': 0.21470818342382306} because of the following error: The number of the values 1 did not match the number of the objectives 2.
[W 2025-07-11 07:51:42,197] Trial 203 failed with value inf.
[W 2025-07-11 07:51:47,915] Trial 209 failed with parameters: {'d_safe': 22.262827486630496, 'k_bubble': 61.880342352106766, 'C_collision': 1872.8035719799736, 'k_pos': 0.012524676814615969, 'k_action': 0.0014071864111113628, 'w_safe': 0.47302019444561527, 'w_pos': 0.8449608233145055} because of the following error: The number of the values 1 did not match the number of the objectives 2.
[W 2025-07-11 07:51:47,915] Trial 209 failed with value inf.
[W 2025-07-11 07:51:53,495] Trial 214 failed with parameters: {'d_safe': 32.13177392199769, 'k_bubble': 144.28954444941584, 'C_collision': 799.3142000839807, 'k_pos': 0.019395122590255262, 'k_action': 0.025907855203643113, 'w_safe': 0.5817147765226204, 'w_pos': 0.13121452136063727} because of the following error: The number of the values 1 did not match the number of the objectives 2.
[W 2025-07-11 07:51:53,495] Trial 214 failed with value inf.
[W 2025-07-11 07:51:59,002] Trial 219 failed with parameters: {'d_safe': 36.861937965283644, 'k_bubble': 83.84837257556165, 'C_collision': 1643.8975575040906, 'k_pos': 0.0010501308628979972, 'k_action': 0.045140355296904223, 'w_safe': 0.19985519362110937, 'w_pos': 0.4832636814946428} because of the following error: The number of the values 1 did not match the number of the objectives 2.
[W 2025-07-11 07:51:59,002] Trial 219 failed with value inf.
slurmstepd-s_004_m: error: common_file_write_uints: write value '4084985' to '/sys/fs/cgroup/cgroup.procs' failed: Device or resource busy
slurmstepd-s_004_m: error: Unable to move pid 4084985 to init root cgroup /sys/fs/cgroup
