[I 2025-07-12 09:19:52,662] Using an existing study with name 'IntruderAvoidance-CNN-Parallel' instead of creating a new one.
/home/bake/Rest-to-Rest/.venv/lib/python3.10/site-packages/pygame/pkgdata.py:25: UserWarning: pkg_resources is deprecated as an API. See https://setuptools.pypa.io/en/latest/pkg_resources.html. The pkg_resources package is slated for removal as early as 2025-11-30. Refrain from using this package or pin to Setuptools<81.
  from pkg_resources import resource_stream, resource_exists
/home/bake/Rest-to-Rest/.venv/lib/python3.10/site-packages/pygame/pkgdata.py:25: UserWarning: pkg_resources is deprecated as an API. See https://setuptools.pypa.io/en/latest/pkg_resources.html. The pkg_resources package is slated for removal as early as 2025-11-30. Refrain from using this package or pin to Setuptools<81.
  from pkg_resources import resource_stream, resource_exists
/home/bake/Rest-to-Rest/.venv/lib/python3.10/site-packages/pygame/pkgdata.py:25: UserWarning: pkg_resources is deprecated as an API. See https://setuptools.pypa.io/en/latest/pkg_resources.html. The pkg_resources package is slated for removal as early as 2025-11-30. Refrain from using this package or pin to Setuptools<81.
  from pkg_resources import resource_stream, resource_exists
/home/bake/Rest-to-Rest/.venv/lib/python3.10/site-packages/pygame/pkgdata.py:25: UserWarning: pkg_resources is deprecated as an API. See https://setuptools.pypa.io/en/latest/pkg_resources.html. The pkg_resources package is slated for removal as early as 2025-11-30. Refrain from using this package or pin to Setuptools<81.
  from pkg_resources import resource_stream, resource_exists
/home/bake/Rest-to-Rest/.venv/lib/python3.10/site-packages/gymnasium/spaces/box.py:235: UserWarning: [33mWARN: Box low's precision lowered by casting to float32, current low.dtype=float64[0m
  gym.logger.warn(
/home/bake/Rest-to-Rest/.venv/lib/python3.10/site-packages/gymnasium/spaces/box.py:235: UserWarning: [33mWARN: Box low's precision lowered by casting to float32, current low.dtype=float64[0m
  gym.logger.warn(
/home/bake/Rest-to-Rest/.venv/lib/python3.10/site-packages/gymnasium/spaces/box.py:305: UserWarning: [33mWARN: Box high's precision lowered by casting to float32, current high.dtype=float64[0m
  gym.logger.warn(
/home/bake/Rest-to-Rest/.venv/lib/python3.10/site-packages/gymnasium/spaces/box.py:305: UserWarning: [33mWARN: Box high's precision lowered by casting to float32, current high.dtype=float64[0m
  gym.logger.warn(
/home/bake/Rest-to-Rest/.venv/lib/python3.10/site-packages/gymnasium/spaces/box.py:235: UserWarning: [33mWARN: Box low's precision lowered by casting to float32, current low.dtype=float64[0m
  gym.logger.warn(
/home/bake/Rest-to-Rest/.venv/lib/python3.10/site-packages/gymnasium/spaces/box.py:305: UserWarning: [33mWARN: Box high's precision lowered by casting to float32, current high.dtype=float64[0m
  gym.logger.warn(
/home/bake/Rest-to-Rest/.venv/lib/python3.10/site-packages/gymnasium/spaces/box.py:235: UserWarning: [33mWARN: Box low's precision lowered by casting to float32, current low.dtype=float64[0m
  gym.logger.warn(
/home/bake/Rest-to-Rest/.venv/lib/python3.10/site-packages/gymnasium/spaces/box.py:305: UserWarning: [33mWARN: Box high's precision lowered by casting to float32, current high.dtype=float64[0m
  gym.logger.warn(
[W 2025-07-12 11:54:11,588] Trial 428 failed with parameters: {'d_safe': 17.51365894815568, 'k_bubble': 198.8651366561082, 'C_collision': 1271.291250973397, 'k_pos': 0.026570455573187563, 'k_action': 0.002208514757601682, 'w_safe': 0.32839287946062373, 'w_pos': 0.11479288635979286} because of the following error: The number of the values 1 did not match the number of the objectives 2.
[W 2025-07-12 11:54:11,588] Trial 428 failed with value inf.
/home/bake/Rest-to-Rest/.venv/lib/python3.10/site-packages/pygame/pkgdata.py:25: UserWarning: pkg_resources is deprecated as an API. See https://setuptools.pypa.io/en/latest/pkg_resources.html. The pkg_resources package is slated for removal as early as 2025-11-30. Refrain from using this package or pin to Setuptools<81.
  from pkg_resources import resource_stream, resource_exists
/home/bake/Rest-to-Rest/.venv/lib/python3.10/site-packages/pygame/pkgdata.py:25: UserWarning: pkg_resources is deprecated as an API. See https://setuptools.pypa.io/en/latest/pkg_resources.html. The pkg_resources package is slated for removal as early as 2025-11-30. Refrain from using this package or pin to Setuptools<81.
  from pkg_resources import resource_stream, resource_exists
/home/bake/Rest-to-Rest/.venv/lib/python3.10/site-packages/pygame/pkgdata.py:25: UserWarning: pkg_resources is deprecated as an API. See https://setuptools.pypa.io/en/latest/pkg_resources.html. The pkg_resources package is slated for removal as early as 2025-11-30. Refrain from using this package or pin to Setuptools<81.
  from pkg_resources import resource_stream, resource_exists
/home/bake/Rest-to-Rest/.venv/lib/python3.10/site-packages/pygame/pkgdata.py:25: UserWarning: pkg_resources is deprecated as an API. See https://setuptools.pypa.io/en/latest/pkg_resources.html. The pkg_resources package is slated for removal as early as 2025-11-30. Refrain from using this package or pin to Setuptools<81.
  from pkg_resources import resource_stream, resource_exists
/home/bake/Rest-to-Rest/.venv/lib/python3.10/site-packages/gymnasium/spaces/box.py:235: UserWarning: [33mWARN: Box low's precision lowered by casting to float32, current low.dtype=float64[0m
  gym.logger.warn(
/home/bake/Rest-to-Rest/.venv/lib/python3.10/site-packages/gymnasium/spaces/box.py:235: UserWarning: [33mWARN: Box low's precision lowered by casting to float32, current low.dtype=float64[0m
  gym.logger.warn(
/home/bake/Rest-to-Rest/.venv/lib/python3.10/site-packages/gymnasium/spaces/box.py:235: UserWarning: [33mWARN: Box low's precision lowered by casting to float32, current low.dtype=float64[0m
  gym.logger.warn(
/home/bake/Rest-to-Rest/.venv/lib/python3.10/site-packages/gymnasium/spaces/box.py:305: UserWarning: [33mWARN: Box high's precision lowered by casting to float32, current high.dtype=float64[0m
  gym.logger.warn(
/home/bake/Rest-to-Rest/.venv/lib/python3.10/site-packages/gymnasium/spaces/box.py:305: UserWarning: [33mWARN: Box high's precision lowered by casting to float32, current high.dtype=float64[0m
  gym.logger.warn(
/home/bake/Rest-to-Rest/.venv/lib/python3.10/site-packages/gymnasium/spaces/box.py:305: UserWarning: [33mWARN: Box high's precision lowered by casting to float32, current high.dtype=float64[0m
  gym.logger.warn(
/home/bake/Rest-to-Rest/.venv/lib/python3.10/site-packages/gymnasium/spaces/box.py:235: UserWarning: [33mWARN: Box low's precision lowered by casting to float32, current low.dtype=float64[0m
  gym.logger.warn(
/home/bake/Rest-to-Rest/.venv/lib/python3.10/site-packages/gymnasium/spaces/box.py:305: UserWarning: [33mWARN: Box high's precision lowered by casting to float32, current high.dtype=float64[0m
  gym.logger.warn(
[W 2025-07-12 14:28:40,431] Trial 430 failed with parameters: {'d_safe': 23.953070299256545, 'k_bubble': 113.85981602507063, 'C_collision': 1982.21269373088, 'k_pos': 0.06930558919154688, 'k_action': 0.0043904977073586544, 'w_safe': 0.31988624481569916, 'w_pos': 0.42216030166382745} because of the following error: The number of the values 1 did not match the number of the objectives 2.
[W 2025-07-12 14:28:40,431] Trial 430 failed with value inf.
/home/bake/Rest-to-Rest/.venv/lib/python3.10/site-packages/pygame/pkgdata.py:25: UserWarning: pkg_resources is deprecated as an API. See https://setuptools.pypa.io/en/latest/pkg_resources.html. The pkg_resources package is slated for removal as early as 2025-11-30. Refrain from using this package or pin to Setuptools<81.
  from pkg_resources import resource_stream, resource_exists
/home/bake/Rest-to-Rest/.venv/lib/python3.10/site-packages/pygame/pkgdata.py:25: UserWarning: pkg_resources is deprecated as an API. See https://setuptools.pypa.io/en/latest/pkg_resources.html. The pkg_resources package is slated for removal as early as 2025-11-30. Refrain from using this package or pin to Setuptools<81.
  from pkg_resources import resource_stream, resource_exists
/home/bake/Rest-to-Rest/.venv/lib/python3.10/site-packages/pygame/pkgdata.py:25: UserWarning: pkg_resources is deprecated as an API. See https://setuptools.pypa.io/en/latest/pkg_resources.html. The pkg_resources package is slated for removal as early as 2025-11-30. Refrain from using this package or pin to Setuptools<81.
  from pkg_resources import resource_stream, resource_exists
/home/bake/Rest-to-Rest/.venv/lib/python3.10/site-packages/pygame/pkgdata.py:25: UserWarning: pkg_resources is deprecated as an API. See https://setuptools.pypa.io/en/latest/pkg_resources.html. The pkg_resources package is slated for removal as early as 2025-11-30. Refrain from using this package or pin to Setuptools<81.
  from pkg_resources import resource_stream, resource_exists
/home/bake/Rest-to-Rest/.venv/lib/python3.10/site-packages/gymnasium/spaces/box.py:235: UserWarning: [33mWARN: Box low's precision lowered by casting to float32, current low.dtype=float64[0m
  gym.logger.warn(
/home/bake/Rest-to-Rest/.venv/lib/python3.10/site-packages/gymnasium/spaces/box.py:235: UserWarning: [33mWARN: Box low's precision lowered by casting to float32, current low.dtype=float64[0m
  gym.logger.warn(
/home/bake/Rest-to-Rest/.venv/lib/python3.10/site-packages/gymnasium/spaces/box.py:305: UserWarning: [33mWARN: Box high's precision lowered by casting to float32, current high.dtype=float64[0m
  gym.logger.warn(
/home/bake/Rest-to-Rest/.venv/lib/python3.10/site-packages/gymnasium/spaces/box.py:305: UserWarning: [33mWARN: Box high's precision lowered by casting to float32, current high.dtype=float64[0m
  gym.logger.warn(
/home/bake/Rest-to-Rest/.venv/lib/python3.10/site-packages/gymnasium/spaces/box.py:235: UserWarning: [33mWARN: Box low's precision lowered by casting to float32, current low.dtype=float64[0m
  gym.logger.warn(
/home/bake/Rest-to-Rest/.venv/lib/python3.10/site-packages/gymnasium/spaces/box.py:235: UserWarning: [33mWARN: Box low's precision lowered by casting to float32, current low.dtype=float64[0m
  gym.logger.warn(
/home/bake/Rest-to-Rest/.venv/lib/python3.10/site-packages/gymnasium/spaces/box.py:305: UserWarning: [33mWARN: Box high's precision lowered by casting to float32, current high.dtype=float64[0m
  gym.logger.warn(
/home/bake/Rest-to-Rest/.venv/lib/python3.10/site-packages/gymnasium/spaces/box.py:305: UserWarning: [33mWARN: Box high's precision lowered by casting to float32, current high.dtype=float64[0m
  gym.logger.warn(
[W 2025-07-12 17:03:05,475] Trial 436 failed with parameters: {'d_safe': 10.331990910337474, 'k_bubble': 41.886298296469, 'C_collision': 580.4172695772386, 'k_pos': 0.0069837783847343645, 'k_action': 0.041312843411825555, 'w_safe': 0.45197280176346344, 'w_pos': 0.3384411182815262} because of the following error: The number of the values 1 did not match the number of the objectives 2.
[W 2025-07-12 17:03:05,476] Trial 436 failed with value inf.
/home/bake/Rest-to-Rest/.venv/lib/python3.10/site-packages/pygame/pkgdata.py:25: UserWarning: pkg_resources is deprecated as an API. See https://setuptools.pypa.io/en/latest/pkg_resources.html. The pkg_resources package is slated for removal as early as 2025-11-30. Refrain from using this package or pin to Setuptools<81.
  from pkg_resources import resource_stream, resource_exists
/home/bake/Rest-to-Rest/.venv/lib/python3.10/site-packages/pygame/pkgdata.py:25: UserWarning: pkg_resources is deprecated as an API. See https://setuptools.pypa.io/en/latest/pkg_resources.html. The pkg_resources package is slated for removal as early as 2025-11-30. Refrain from using this package or pin to Setuptools<81.
  from pkg_resources import resource_stream, resource_exists
/home/bake/Rest-to-Rest/.venv/lib/python3.10/site-packages/pygame/pkgdata.py:25: UserWarning: pkg_resources is deprecated as an API. See https://setuptools.pypa.io/en/latest/pkg_resources.html. The pkg_resources package is slated for removal as early as 2025-11-30. Refrain from using this package or pin to Setuptools<81.
  from pkg_resources import resource_stream, resource_exists
/home/bake/Rest-to-Rest/.venv/lib/python3.10/site-packages/pygame/pkgdata.py:25: UserWarning: pkg_resources is deprecated as an API. See https://setuptools.pypa.io/en/latest/pkg_resources.html. The pkg_resources package is slated for removal as early as 2025-11-30. Refrain from using this package or pin to Setuptools<81.
  from pkg_resources import resource_stream, resource_exists
/home/bake/Rest-to-Rest/.venv/lib/python3.10/site-packages/gymnasium/spaces/box.py:235: UserWarning: [33mWARN: Box low's precision lowered by casting to float32, current low.dtype=float64[0m
  gym.logger.warn(
/home/bake/Rest-to-Rest/.venv/lib/python3.10/site-packages/gymnasium/spaces/box.py:235: UserWarning: [33mWARN: Box low's precision lowered by casting to float32, current low.dtype=float64[0m
  gym.logger.warn(
/home/bake/Rest-to-Rest/.venv/lib/python3.10/site-packages/gymnasium/spaces/box.py:305: UserWarning: [33mWARN: Box high's precision lowered by casting to float32, current high.dtype=float64[0m
  gym.logger.warn(
/home/bake/Rest-to-Rest/.venv/lib/python3.10/site-packages/gymnasium/spaces/box.py:305: UserWarning: [33mWARN: Box high's precision lowered by casting to float32, current high.dtype=float64[0m
  gym.logger.warn(
/home/bake/Rest-to-Rest/.venv/lib/python3.10/site-packages/gymnasium/spaces/box.py:235: UserWarning: [33mWARN: Box low's precision lowered by casting to float32, current low.dtype=float64[0m
  gym.logger.warn(
/home/bake/Rest-to-Rest/.venv/lib/python3.10/site-packages/gymnasium/spaces/box.py:235: UserWarning: [33mWARN: Box low's precision lowered by casting to float32, current low.dtype=float64[0m
  gym.logger.warn(
/home/bake/Rest-to-Rest/.venv/lib/python3.10/site-packages/gymnasium/spaces/box.py:305: UserWarning: [33mWARN: Box high's precision lowered by casting to float32, current high.dtype=float64[0m
  gym.logger.warn(
/home/bake/Rest-to-Rest/.venv/lib/python3.10/site-packages/gymnasium/spaces/box.py:305: UserWarning: [33mWARN: Box high's precision lowered by casting to float32, current high.dtype=float64[0m
  gym.logger.warn(
[W 2025-07-12 19:36:02,784] Trial 441 failed with parameters: {'d_safe': 39.62580710503048, 'k_bubble': 52.4002402149939, 'C_collision': 1658.5827795799103, 'k_pos': 0.02828788815885584, 'k_action': 0.03822646991385178, 'w_safe': 0.7955500752695536, 'w_pos': 0.6348502437507353} because of the following error: The number of the values 1 did not match the number of the objectives 2.
[W 2025-07-12 19:36:02,784] Trial 441 failed with value inf.
/home/bake/Rest-to-Rest/.venv/lib/python3.10/site-packages/pygame/pkgdata.py:25: UserWarning: pkg_resources is deprecated as an API. See https://setuptools.pypa.io/en/latest/pkg_resources.html. The pkg_resources package is slated for removal as early as 2025-11-30. Refrain from using this package or pin to Setuptools<81.
  from pkg_resources import resource_stream, resource_exists
/home/bake/Rest-to-Rest/.venv/lib/python3.10/site-packages/pygame/pkgdata.py:25: UserWarning: pkg_resources is deprecated as an API. See https://setuptools.pypa.io/en/latest/pkg_resources.html. The pkg_resources package is slated for removal as early as 2025-11-30. Refrain from using this package or pin to Setuptools<81.
  from pkg_resources import resource_stream, resource_exists
/home/bake/Rest-to-Rest/.venv/lib/python3.10/site-packages/pygame/pkgdata.py:25: UserWarning: pkg_resources is deprecated as an API. See https://setuptools.pypa.io/en/latest/pkg_resources.html. The pkg_resources package is slated for removal as early as 2025-11-30. Refrain from using this package or pin to Setuptools<81.
  from pkg_resources import resource_stream, resource_exists
/home/bake/Rest-to-Rest/.venv/lib/python3.10/site-packages/pygame/pkgdata.py:25: UserWarning: pkg_resources is deprecated as an API. See https://setuptools.pypa.io/en/latest/pkg_resources.html. The pkg_resources package is slated for removal as early as 2025-11-30. Refrain from using this package or pin to Setuptools<81.
  from pkg_resources import resource_stream, resource_exists
/home/bake/Rest-to-Rest/.venv/lib/python3.10/site-packages/gymnasium/spaces/box.py:235: UserWarning: [33mWARN: Box low's precision lowered by casting to float32, current low.dtype=float64[0m
  gym.logger.warn(
/home/bake/Rest-to-Rest/.venv/lib/python3.10/site-packages/gymnasium/spaces/box.py:305: UserWarning: [33mWARN: Box high's precision lowered by casting to float32, current high.dtype=float64[0m
  gym.logger.warn(
/home/bake/Rest-to-Rest/.venv/lib/python3.10/site-packages/gymnasium/spaces/box.py:235: UserWarning: [33mWARN: Box low's precision lowered by casting to float32, current low.dtype=float64[0m
  gym.logger.warn(
/home/bake/Rest-to-Rest/.venv/lib/python3.10/site-packages/gymnasium/spaces/box.py:305: UserWarning: [33mWARN: Box high's precision lowered by casting to float32, current high.dtype=float64[0m
  gym.logger.warn(
/home/bake/Rest-to-Rest/.venv/lib/python3.10/site-packages/gymnasium/spaces/box.py:235: UserWarning: [33mWARN: Box low's precision lowered by casting to float32, current low.dtype=float64[0m
  gym.logger.warn(
/home/bake/Rest-to-Rest/.venv/lib/python3.10/site-packages/gymnasium/spaces/box.py:305: UserWarning: [33mWARN: Box high's precision lowered by casting to float32, current high.dtype=float64[0m
  gym.logger.warn(
/home/bake/Rest-to-Rest/.venv/lib/python3.10/site-packages/gymnasium/spaces/box.py:235: UserWarning: [33mWARN: Box low's precision lowered by casting to float32, current low.dtype=float64[0m
  gym.logger.warn(
/home/bake/Rest-to-Rest/.venv/lib/python3.10/site-packages/gymnasium/spaces/box.py:305: UserWarning: [33mWARN: Box high's precision lowered by casting to float32, current high.dtype=float64[0m
  gym.logger.warn(
[W 2025-07-12 22:10:15,969] Trial 445 failed with parameters: {'d_safe': 31.918154822147915, 'k_bubble': 19.209240213338557, 'C_collision': 522.7897796740888, 'k_pos': 0.020490088996789297, 'k_action': 0.028429425145710036, 'w_safe': 0.5115730257440748, 'w_pos': 0.2698821570606138} because of the following error: The number of the values 1 did not match the number of the objectives 2.
[W 2025-07-12 22:10:15,969] Trial 445 failed with value inf.
/home/bake/Rest-to-Rest/.venv/lib/python3.10/site-packages/pygame/pkgdata.py:25: UserWarning: pkg_resources is deprecated as an API. See https://setuptools.pypa.io/en/latest/pkg_resources.html. The pkg_resources package is slated for removal as early as 2025-11-30. Refrain from using this package or pin to Setuptools<81.
  from pkg_resources import resource_stream, resource_exists
/home/bake/Rest-to-Rest/.venv/lib/python3.10/site-packages/pygame/pkgdata.py:25: UserWarning: pkg_resources is deprecated as an API. See https://setuptools.pypa.io/en/latest/pkg_resources.html. The pkg_resources package is slated for removal as early as 2025-11-30. Refrain from using this package or pin to Setuptools<81.
  from pkg_resources import resource_stream, resource_exists
/home/bake/Rest-to-Rest/.venv/lib/python3.10/site-packages/pygame/pkgdata.py:25: UserWarning: pkg_resources is deprecated as an API. See https://setuptools.pypa.io/en/latest/pkg_resources.html. The pkg_resources package is slated for removal as early as 2025-11-30. Refrain from using this package or pin to Setuptools<81.
  from pkg_resources import resource_stream, resource_exists
/home/bake/Rest-to-Rest/.venv/lib/python3.10/site-packages/pygame/pkgdata.py:25: UserWarning: pkg_resources is deprecated as an API. See https://setuptools.pypa.io/en/latest/pkg_resources.html. The pkg_resources package is slated for removal as early as 2025-11-30. Refrain from using this package or pin to Setuptools<81.
  from pkg_resources import resource_stream, resource_exists
/home/bake/Rest-to-Rest/.venv/lib/python3.10/site-packages/gymnasium/spaces/box.py:235: UserWarning: [33mWARN: Box low's precision lowered by casting to float32, current low.dtype=float64[0m
  gym.logger.warn(
/home/bake/Rest-to-Rest/.venv/lib/python3.10/site-packages/gymnasium/spaces/box.py:305: UserWarning: [33mWARN: Box high's precision lowered by casting to float32, current high.dtype=float64[0m
  gym.logger.warn(
/home/bake/Rest-to-Rest/.venv/lib/python3.10/site-packages/gymnasium/spaces/box.py:235: UserWarning: [33mWARN: Box low's precision lowered by casting to float32, current low.dtype=float64[0m
  gym.logger.warn(
/home/bake/Rest-to-Rest/.venv/lib/python3.10/site-packages/gymnasium/spaces/box.py:305: UserWarning: [33mWARN: Box high's precision lowered by casting to float32, current high.dtype=float64[0m
  gym.logger.warn(
/home/bake/Rest-to-Rest/.venv/lib/python3.10/site-packages/gymnasium/spaces/box.py:235: UserWarning: [33mWARN: Box low's precision lowered by casting to float32, current low.dtype=float64[0m
  gym.logger.warn(
/home/bake/Rest-to-Rest/.venv/lib/python3.10/site-packages/gymnasium/spaces/box.py:235: UserWarning: [33mWARN: Box low's precision lowered by casting to float32, current low.dtype=float64[0m
  gym.logger.warn(
/home/bake/Rest-to-Rest/.venv/lib/python3.10/site-packages/gymnasium/spaces/box.py:305: UserWarning: [33mWARN: Box high's precision lowered by casting to float32, current high.dtype=float64[0m
  gym.logger.warn(
/home/bake/Rest-to-Rest/.venv/lib/python3.10/site-packages/gymnasium/spaces/box.py:305: UserWarning: [33mWARN: Box high's precision lowered by casting to float32, current high.dtype=float64[0m
  gym.logger.warn(
[W 2025-07-13 00:44:32,465] Trial 450 failed with parameters: {'d_safe': 11.281106404639601, 'k_bubble': 38.21747686348925, 'C_collision': 1116.4248927852004, 'k_pos': 0.014641466011451724, 'k_action': 0.0023186420685189987, 'w_safe': 0.7021249040825001, 'w_pos': 0.3856870392349592} because of the following error: The number of the values 1 did not match the number of the objectives 2.
[W 2025-07-13 00:44:32,466] Trial 450 failed with value inf.
/home/bake/Rest-to-Rest/.venv/lib/python3.10/site-packages/pygame/pkgdata.py:25: UserWarning: pkg_resources is deprecated as an API. See https://setuptools.pypa.io/en/latest/pkg_resources.html. The pkg_resources package is slated for removal as early as 2025-11-30. Refrain from using this package or pin to Setuptools<81.
  from pkg_resources import resource_stream, resource_exists
/home/bake/Rest-to-Rest/.venv/lib/python3.10/site-packages/pygame/pkgdata.py:25: UserWarning: pkg_resources is deprecated as an API. See https://setuptools.pypa.io/en/latest/pkg_resources.html. The pkg_resources package is slated for removal as early as 2025-11-30. Refrain from using this package or pin to Setuptools<81.
  from pkg_resources import resource_stream, resource_exists
/home/bake/Rest-to-Rest/.venv/lib/python3.10/site-packages/pygame/pkgdata.py:25: UserWarning: pkg_resources is deprecated as an API. See https://setuptools.pypa.io/en/latest/pkg_resources.html. The pkg_resources package is slated for removal as early as 2025-11-30. Refrain from using this package or pin to Setuptools<81.
  from pkg_resources import resource_stream, resource_exists
/home/bake/Rest-to-Rest/.venv/lib/python3.10/site-packages/pygame/pkgdata.py:25: UserWarning: pkg_resources is deprecated as an API. See https://setuptools.pypa.io/en/latest/pkg_resources.html. The pkg_resources package is slated for removal as early as 2025-11-30. Refrain from using this package or pin to Setuptools<81.
  from pkg_resources import resource_stream, resource_exists
/home/bake/Rest-to-Rest/.venv/lib/python3.10/site-packages/gymnasium/spaces/box.py:235: UserWarning: [33mWARN: Box low's precision lowered by casting to float32, current low.dtype=float64[0m
  gym.logger.warn(
/home/bake/Rest-to-Rest/.venv/lib/python3.10/site-packages/gymnasium/spaces/box.py:305: UserWarning: [33mWARN: Box high's precision lowered by casting to float32, current high.dtype=float64[0m
  gym.logger.warn(
/home/bake/Rest-to-Rest/.venv/lib/python3.10/site-packages/gymnasium/spaces/box.py:235: UserWarning: [33mWARN: Box low's precision lowered by casting to float32, current low.dtype=float64[0m
  gym.logger.warn(
/home/bake/Rest-to-Rest/.venv/lib/python3.10/site-packages/gymnasium/spaces/box.py:305: UserWarning: [33mWARN: Box high's precision lowered by casting to float32, current high.dtype=float64[0m
  gym.logger.warn(
/home/bake/Rest-to-Rest/.venv/lib/python3.10/site-packages/gymnasium/spaces/box.py:235: UserWarning: [33mWARN: Box low's precision lowered by casting to float32, current low.dtype=float64[0m
  gym.logger.warn(
/home/bake/Rest-to-Rest/.venv/lib/python3.10/site-packages/gymnasium/spaces/box.py:305: UserWarning: [33mWARN: Box high's precision lowered by casting to float32, current high.dtype=float64[0m
  gym.logger.warn(
/home/bake/Rest-to-Rest/.venv/lib/python3.10/site-packages/gymnasium/spaces/box.py:235: UserWarning: [33mWARN: Box low's precision lowered by casting to float32, current low.dtype=float64[0m
  gym.logger.warn(
/home/bake/Rest-to-Rest/.venv/lib/python3.10/site-packages/gymnasium/spaces/box.py:305: UserWarning: [33mWARN: Box high's precision lowered by casting to float32, current high.dtype=float64[0m
  gym.logger.warn(
[W 2025-07-13 03:17:43,585] Trial 455 failed with parameters: {'d_safe': 29.432164820383324, 'k_bubble': 144.3204975501485, 'C_collision': 1882.4940210488803, 'k_pos': 0.004137241722250425, 'k_action': 0.022011501217946945, 'w_safe': 0.47050760194316177, 'w_pos': 0.46406127814674825} because of the following error: The number of the values 1 did not match the number of the objectives 2.
[W 2025-07-13 03:17:43,586] Trial 455 failed with value inf.
/home/bake/Rest-to-Rest/.venv/lib/python3.10/site-packages/pygame/pkgdata.py:25: UserWarning: pkg_resources is deprecated as an API. See https://setuptools.pypa.io/en/latest/pkg_resources.html. The pkg_resources package is slated for removal as early as 2025-11-30. Refrain from using this package or pin to Setuptools<81.
  from pkg_resources import resource_stream, resource_exists
/home/bake/Rest-to-Rest/.venv/lib/python3.10/site-packages/pygame/pkgdata.py:25: UserWarning: pkg_resources is deprecated as an API. See https://setuptools.pypa.io/en/latest/pkg_resources.html. The pkg_resources package is slated for removal as early as 2025-11-30. Refrain from using this package or pin to Setuptools<81.
  from pkg_resources import resource_stream, resource_exists
/home/bake/Rest-to-Rest/.venv/lib/python3.10/site-packages/pygame/pkgdata.py:25: UserWarning: pkg_resources is deprecated as an API. See https://setuptools.pypa.io/en/latest/pkg_resources.html. The pkg_resources package is slated for removal as early as 2025-11-30. Refrain from using this package or pin to Setuptools<81.
  from pkg_resources import resource_stream, resource_exists
/home/bake/Rest-to-Rest/.venv/lib/python3.10/site-packages/pygame/pkgdata.py:25: UserWarning: pkg_resources is deprecated as an API. See https://setuptools.pypa.io/en/latest/pkg_resources.html. The pkg_resources package is slated for removal as early as 2025-11-30. Refrain from using this package or pin to Setuptools<81.
  from pkg_resources import resource_stream, resource_exists
/home/bake/Rest-to-Rest/.venv/lib/python3.10/site-packages/gymnasium/spaces/box.py:235: UserWarning: [33mWARN: Box low's precision lowered by casting to float32, current low.dtype=float64[0m
  gym.logger.warn(
/home/bake/Rest-to-Rest/.venv/lib/python3.10/site-packages/gymnasium/spaces/box.py:305: UserWarning: [33mWARN: Box high's precision lowered by casting to float32, current high.dtype=float64[0m
  gym.logger.warn(
/home/bake/Rest-to-Rest/.venv/lib/python3.10/site-packages/gymnasium/spaces/box.py:235: UserWarning: [33mWARN: Box low's precision lowered by casting to float32, current low.dtype=float64[0m
  gym.logger.warn(
/home/bake/Rest-to-Rest/.venv/lib/python3.10/site-packages/gymnasium/spaces/box.py:235: UserWarning: [33mWARN: Box low's precision lowered by casting to float32, current low.dtype=float64[0m
  gym.logger.warn(
/home/bake/Rest-to-Rest/.venv/lib/python3.10/site-packages/gymnasium/spaces/box.py:305: UserWarning: [33mWARN: Box high's precision lowered by casting to float32, current high.dtype=float64[0m
  gym.logger.warn(
/home/bake/Rest-to-Rest/.venv/lib/python3.10/site-packages/gymnasium/spaces/box.py:305: UserWarning: [33mWARN: Box high's precision lowered by casting to float32, current high.dtype=float64[0m
  gym.logger.warn(
/home/bake/Rest-to-Rest/.venv/lib/python3.10/site-packages/gymnasium/spaces/box.py:235: UserWarning: [33mWARN: Box low's precision lowered by casting to float32, current low.dtype=float64[0m
  gym.logger.warn(
/home/bake/Rest-to-Rest/.venv/lib/python3.10/site-packages/gymnasium/spaces/box.py:305: UserWarning: [33mWARN: Box high's precision lowered by casting to float32, current high.dtype=float64[0m
  gym.logger.warn(
[W 2025-07-13 05:53:28,363] Trial 460 failed with parameters: {'d_safe': 14.374769369309096, 'k_bubble': 64.09844514458958, 'C_collision': 902.5618207822766, 'k_pos': 0.0010556705574674594, 'k_action': 0.0021130047036410997, 'w_safe': 0.6506344525101141, 'w_pos': 0.6536095567192028} because of the following error: The number of the values 1 did not match the number of the objectives 2.
[W 2025-07-13 05:53:28,363] Trial 460 failed with value inf.
/home/bake/Rest-to-Rest/.venv/lib/python3.10/site-packages/pygame/pkgdata.py:25: UserWarning: pkg_resources is deprecated as an API. See https://setuptools.pypa.io/en/latest/pkg_resources.html. The pkg_resources package is slated for removal as early as 2025-11-30. Refrain from using this package or pin to Setuptools<81.
  from pkg_resources import resource_stream, resource_exists
/home/bake/Rest-to-Rest/.venv/lib/python3.10/site-packages/pygame/pkgdata.py:25: UserWarning: pkg_resources is deprecated as an API. See https://setuptools.pypa.io/en/latest/pkg_resources.html. The pkg_resources package is slated for removal as early as 2025-11-30. Refrain from using this package or pin to Setuptools<81.
  from pkg_resources import resource_stream, resource_exists
/home/bake/Rest-to-Rest/.venv/lib/python3.10/site-packages/pygame/pkgdata.py:25: UserWarning: pkg_resources is deprecated as an API. See https://setuptools.pypa.io/en/latest/pkg_resources.html. The pkg_resources package is slated for removal as early as 2025-11-30. Refrain from using this package or pin to Setuptools<81.
  from pkg_resources import resource_stream, resource_exists
/home/bake/Rest-to-Rest/.venv/lib/python3.10/site-packages/pygame/pkgdata.py:25: UserWarning: pkg_resources is deprecated as an API. See https://setuptools.pypa.io/en/latest/pkg_resources.html. The pkg_resources package is slated for removal as early as 2025-11-30. Refrain from using this package or pin to Setuptools<81.
  from pkg_resources import resource_stream, resource_exists
/home/bake/Rest-to-Rest/.venv/lib/python3.10/site-packages/gymnasium/spaces/box.py:235: UserWarning: [33mWARN: Box low's precision lowered by casting to float32, current low.dtype=float64[0m
  gym.logger.warn(
/home/bake/Rest-to-Rest/.venv/lib/python3.10/site-packages/gymnasium/spaces/box.py:305: UserWarning: [33mWARN: Box high's precision lowered by casting to float32, current high.dtype=float64[0m
  gym.logger.warn(
/home/bake/Rest-to-Rest/.venv/lib/python3.10/site-packages/gymnasium/spaces/box.py:235: UserWarning: [33mWARN: Box low's precision lowered by casting to float32, current low.dtype=float64[0m
  gym.logger.warn(
/home/bake/Rest-to-Rest/.venv/lib/python3.10/site-packages/gymnasium/spaces/box.py:305: UserWarning: [33mWARN: Box high's precision lowered by casting to float32, current high.dtype=float64[0m
  gym.logger.warn(
/home/bake/Rest-to-Rest/.venv/lib/python3.10/site-packages/gymnasium/spaces/box.py:235: UserWarning: [33mWARN: Box low's precision lowered by casting to float32, current low.dtype=float64[0m
  gym.logger.warn(
/home/bake/Rest-to-Rest/.venv/lib/python3.10/site-packages/gymnasium/spaces/box.py:305: UserWarning: [33mWARN: Box high's precision lowered by casting to float32, current high.dtype=float64[0m
  gym.logger.warn(
/home/bake/Rest-to-Rest/.venv/lib/python3.10/site-packages/gymnasium/spaces/box.py:235: UserWarning: [33mWARN: Box low's precision lowered by casting to float32, current low.dtype=float64[0m
  gym.logger.warn(
/home/bake/Rest-to-Rest/.venv/lib/python3.10/site-packages/gymnasium/spaces/box.py:305: UserWarning: [33mWARN: Box high's precision lowered by casting to float32, current high.dtype=float64[0m
  gym.logger.warn(
[W 2025-07-13 08:28:11,766] Trial 465 failed with parameters: {'d_safe': 28.214333318526883, 'k_bubble': 112.66544160521424, 'C_collision': 1613.5723318083799, 'k_pos': 0.006277846158297766, 'k_action': 0.0032901049197380534, 'w_safe': 0.8735371911365436, 'w_pos': 0.7180272429697478} because of the following error: The number of the values 1 did not match the number of the objectives 2.
[W 2025-07-13 08:28:11,766] Trial 465 failed with value inf.
/home/bake/Rest-to-Rest/.venv/lib/python3.10/site-packages/pygame/pkgdata.py:25: UserWarning: pkg_resources is deprecated as an API. See https://setuptools.pypa.io/en/latest/pkg_resources.html. The pkg_resources package is slated for removal as early as 2025-11-30. Refrain from using this package or pin to Setuptools<81.
  from pkg_resources import resource_stream, resource_exists
/home/bake/Rest-to-Rest/.venv/lib/python3.10/site-packages/pygame/pkgdata.py:25: UserWarning: pkg_resources is deprecated as an API. See https://setuptools.pypa.io/en/latest/pkg_resources.html. The pkg_resources package is slated for removal as early as 2025-11-30. Refrain from using this package or pin to Setuptools<81.
  from pkg_resources import resource_stream, resource_exists
/home/bake/Rest-to-Rest/.venv/lib/python3.10/site-packages/pygame/pkgdata.py:25: UserWarning: pkg_resources is deprecated as an API. See https://setuptools.pypa.io/en/latest/pkg_resources.html. The pkg_resources package is slated for removal as early as 2025-11-30. Refrain from using this package or pin to Setuptools<81.
  from pkg_resources import resource_stream, resource_exists
/home/bake/Rest-to-Rest/.venv/lib/python3.10/site-packages/pygame/pkgdata.py:25: UserWarning: pkg_resources is deprecated as an API. See https://setuptools.pypa.io/en/latest/pkg_resources.html. The pkg_resources package is slated for removal as early as 2025-11-30. Refrain from using this package or pin to Setuptools<81.
  from pkg_resources import resource_stream, resource_exists
/home/bake/Rest-to-Rest/.venv/lib/python3.10/site-packages/gymnasium/spaces/box.py:235: UserWarning: [33mWARN: Box low's precision lowered by casting to float32, current low.dtype=float64[0m
  gym.logger.warn(
/home/bake/Rest-to-Rest/.venv/lib/python3.10/site-packages/gymnasium/spaces/box.py:305: UserWarning: [33mWARN: Box high's precision lowered by casting to float32, current high.dtype=float64[0m
  gym.logger.warn(
/home/bake/Rest-to-Rest/.venv/lib/python3.10/site-packages/gymnasium/spaces/box.py:235: UserWarning: [33mWARN: Box low's precision lowered by casting to float32, current low.dtype=float64[0m
  gym.logger.warn(
/home/bake/Rest-to-Rest/.venv/lib/python3.10/site-packages/gymnasium/spaces/box.py:305: UserWarning: [33mWARN: Box high's precision lowered by casting to float32, current high.dtype=float64[0m
  gym.logger.warn(
/home/bake/Rest-to-Rest/.venv/lib/python3.10/site-packages/gymnasium/spaces/box.py:235: UserWarning: [33mWARN: Box low's precision lowered by casting to float32, current low.dtype=float64[0m
  gym.logger.warn(
/home/bake/Rest-to-Rest/.venv/lib/python3.10/site-packages/gymnasium/spaces/box.py:305: UserWarning: [33mWARN: Box high's precision lowered by casting to float32, current high.dtype=float64[0m
  gym.logger.warn(
/home/bake/Rest-to-Rest/.venv/lib/python3.10/site-packages/gymnasium/spaces/box.py:235: UserWarning: [33mWARN: Box low's precision lowered by casting to float32, current low.dtype=float64[0m
  gym.logger.warn(
/home/bake/Rest-to-Rest/.venv/lib/python3.10/site-packages/gymnasium/spaces/box.py:305: UserWarning: [33mWARN: Box high's precision lowered by casting to float32, current high.dtype=float64[0m
  gym.logger.warn(
slurmstepd-s_004_m: error: *** JOB 1433 ON s_004_m CANCELLED AT 2025-07-13T09:19:50 DUE TO TIME LIMIT ***
slurmstepd-s_004_m: error: common_file_write_uints: write value '4127287' to '/sys/fs/cgroup/cgroup.procs' failed: Device or resource busy
slurmstepd-s_004_m: error: Unable to move pid 4127287 to init root cgroup /sys/fs/cgroup
