--- Staging project to fast local storage: /super_fast_storage/bake/job_1492_10 ---
--- Starting Optuna Worker 10 in /super_fast_storage/bake/job_1492_10 ---

--- Starting Trial 0 ---
Parameters: {'d_safe': 11.437685447292, 'k_bubble': 115.7677820932935, 'C_collision': 846.323151155914, 'k_pos': 0.011765201423307415, 'k_action': 0.004313094027897972, 'w_safe': 0.7743119853720176, 'w_pos': 0.5284554850511707}
Training command: python -u scripts/ConvNet/train_optuna.py --save_path /super_fast_storage/bake/job_1492_10/optuna_trials/IntruderAvoidance-CNN-Parallel/trial_0/agent.zip --total_timesteps 2000000 --n_envs 8 --d_safe 11.437685447292 --k_bubble 115.7677820932935 --C_collision 846.323151155914 --k_pos 0.011765201423307415 --k_action 0.004313094027897972 --w_safe 0.7743119853720176 --w_pos 0.5284554850511707
--- Using device: cuda ---
--- Training model for 2000000 timesteps ---
--- Saving model to /super_fast_storage/bake/job_1492_10/optuna_trials/IntruderAvoidance-CNN-Parallel/trial_0/agent.zip ---
Evaluation command: python -u scripts/ConvNet/evaluate_intruder_for_optuna.py --model_path /super_fast_storage/bake/job_1492_10/optuna_trials/IntruderAvoidance-CNN-Parallel/trial_0/agent.zip --log_file /super_fast_storage/bake/job_1492_10/optuna_trials/IntruderAvoidance-CNN-Parallel/trial_0/evaluation_details.csv
✅ Trial 0 finished with values: [0.06256944444444444, 75.05650666299321]

--- Starting Trial 1 ---
Parameters: {'d_safe': 21.333002154768963, 'k_bubble': 73.52592893113271, 'C_collision': 1465.2642775189813, 'k_pos': 0.0893728764113404, 'k_action': 0.02420179109323622, 'w_safe': 0.27960669582260234, 'w_pos': 0.8412623046873561}
Training command: python -u scripts/ConvNet/train_optuna.py --save_path /super_fast_storage/bake/job_1492_10/optuna_trials/IntruderAvoidance-CNN-Parallel/trial_1/agent.zip --total_timesteps 2000000 --n_envs 8 --d_safe 21.333002154768963 --k_bubble 73.52592893113271 --C_collision 1465.2642775189813 --k_pos 0.0893728764113404 --k_action 0.02420179109323622 --w_safe 0.27960669582260234 --w_pos 0.8412623046873561
--- Using device: cuda ---
--- Training model for 2000000 timesteps ---
--- Saving model to /super_fast_storage/bake/job_1492_10/optuna_trials/IntruderAvoidance-CNN-Parallel/trial_1/agent.zip ---
Evaluation command: python -u scripts/ConvNet/evaluate_intruder_for_optuna.py --model_path /super_fast_storage/bake/job_1492_10/optuna_trials/IntruderAvoidance-CNN-Parallel/trial_1/agent.zip --log_file /super_fast_storage/bake/job_1492_10/optuna_trials/IntruderAvoidance-CNN-Parallel/trial_1/evaluation_details.csv
✅ Trial 1 finished with values: [0.051, 72.44406385311844]

--- Starting Trial 2 ---
Parameters: {'d_safe': 11.36738887876265, 'k_bubble': 89.60698833468102, 'C_collision': 1121.702412735536, 'k_pos': 0.0324961021064218, 'k_action': 0.057419207212648975, 'w_safe': 0.12304208771939606, 'w_pos': 0.7073757246030329}
Training command: python -u scripts/ConvNet/train_optuna.py --save_path /super_fast_storage/bake/job_1492_10/optuna_trials/IntruderAvoidance-CNN-Parallel/trial_2/agent.zip --total_timesteps 2000000 --n_envs 8 --d_safe 11.36738887876265 --k_bubble 89.60698833468102 --C_collision 1121.702412735536 --k_pos 0.0324961021064218 --k_action 0.057419207212648975 --w_safe 0.12304208771939606 --w_pos 0.7073757246030329
--- Using device: cuda ---
--- Training model for 2000000 timesteps ---
--- Saving model to /super_fast_storage/bake/job_1492_10/optuna_trials/IntruderAvoidance-CNN-Parallel/trial_2/agent.zip ---
Evaluation command: python -u scripts/ConvNet/evaluate_intruder_for_optuna.py --model_path /super_fast_storage/bake/job_1492_10/optuna_trials/IntruderAvoidance-CNN-Parallel/trial_2/agent.zip --log_file /super_fast_storage/bake/job_1492_10/optuna_trials/IntruderAvoidance-CNN-Parallel/trial_2/evaluation_details.csv
✅ Trial 2 finished with values: [0.06416666666666666, 66.0480239874466]

--- Starting Trial 3 ---
Parameters: {'d_safe': 21.400446627123927, 'k_bubble': 17.315547915039218, 'C_collision': 1757.8195979166967, 'k_pos': 0.0034992813508084096, 'k_action': 0.007694349465871244, 'w_safe': 0.20523224331103798, 'w_pos': 0.12039961716603767}
Training command: python -u scripts/ConvNet/train_optuna.py --save_path /super_fast_storage/bake/job_1492_10/optuna_trials/IntruderAvoidance-CNN-Parallel/trial_3/agent.zip --total_timesteps 2000000 --n_envs 8 --d_safe 21.400446627123927 --k_bubble 17.315547915039218 --C_collision 1757.8195979166967 --k_pos 0.0034992813508084096 --k_action 0.007694349465871244 --w_safe 0.20523224331103798 --w_pos 0.12039961716603767
--- Using device: cuda ---
--- Training model for 2000000 timesteps ---
--- Saving model to /super_fast_storage/bake/job_1492_10/optuna_trials/IntruderAvoidance-CNN-Parallel/trial_3/agent.zip ---
Evaluation command: python -u scripts/ConvNet/evaluate_intruder_for_optuna.py --model_path /super_fast_storage/bake/job_1492_10/optuna_trials/IntruderAvoidance-CNN-Parallel/trial_3/agent.zip --log_file /super_fast_storage/bake/job_1492_10/optuna_trials/IntruderAvoidance-CNN-Parallel/trial_3/evaluation_details.csv
✅ Trial 3 finished with values: [0.10177777777777779, 74.25626657051895]

--- Starting Trial 4 ---
Parameters: {'d_safe': 23.786454930284414, 'k_bubble': 45.02885256792604, 'C_collision': 1224.3660590231032, 'k_pos': 0.004582788803181078, 'k_action': 0.08558320709993912, 'w_safe': 0.6287713852036059, 'w_pos': 0.22747660770092876}
Training command: python -u scripts/ConvNet/train_optuna.py --save_path /super_fast_storage/bake/job_1492_10/optuna_trials/IntruderAvoidance-CNN-Parallel/trial_4/agent.zip --total_timesteps 2000000 --n_envs 8 --d_safe 23.786454930284414 --k_bubble 45.02885256792604 --C_collision 1224.3660590231032 --k_pos 0.004582788803181078 --k_action 0.08558320709993912 --w_safe 0.6287713852036059 --w_pos 0.22747660770092876
--- Using device: cuda ---
--- Training model for 2000000 timesteps ---
--- Saving model to /super_fast_storage/bake/job_1492_10/optuna_trials/IntruderAvoidance-CNN-Parallel/trial_4/agent.zip ---
Evaluation command: python -u scripts/ConvNet/evaluate_intruder_for_optuna.py --model_path /super_fast_storage/bake/job_1492_10/optuna_trials/IntruderAvoidance-CNN-Parallel/trial_4/agent.zip --log_file /super_fast_storage/bake/job_1492_10/optuna_trials/IntruderAvoidance-CNN-Parallel/trial_4/evaluation_details.csv
✅ Trial 4 finished with values: [0.07406944444444445, 72.75957525278851]

--- Starting Trial 5 ---
Parameters: {'d_safe': 10.934689920206848, 'k_bubble': 55.57352811772109, 'C_collision': 1306.6181061508355, 'k_pos': 0.004175570576651574, 'k_action': 0.004007630285401604, 'w_safe': 0.4891880985266782, 'w_pos': 0.5893336118027617}
Training command: python -u scripts/ConvNet/train_optuna.py --save_path /super_fast_storage/bake/job_1492_10/optuna_trials/IntruderAvoidance-CNN-Parallel/trial_5/agent.zip --total_timesteps 2000000 --n_envs 8 --d_safe 10.934689920206848 --k_bubble 55.57352811772109 --C_collision 1306.6181061508355 --k_pos 0.004175570576651574 --k_action 0.004007630285401604 --w_safe 0.4891880985266782 --w_pos 0.5893336118027617
--- Using device: cuda ---
--- Training model for 2000000 timesteps ---
--- Saving model to /super_fast_storage/bake/job_1492_10/optuna_trials/IntruderAvoidance-CNN-Parallel/trial_5/agent.zip ---
Evaluation command: python -u scripts/ConvNet/evaluate_intruder_for_optuna.py --model_path /super_fast_storage/bake/job_1492_10/optuna_trials/IntruderAvoidance-CNN-Parallel/trial_5/agent.zip --log_file /super_fast_storage/bake/job_1492_10/optuna_trials/IntruderAvoidance-CNN-Parallel/trial_5/evaluation_details.csv
✅ Trial 5 finished with values: [0.07465277777777778, 75.15223092926122]

--- Starting Trial 6 ---
Parameters: {'d_safe': 31.893523778181947, 'k_bubble': 46.408124457825345, 'C_collision': 1655.0264767866174, 'k_pos': 0.037098835597795386, 'k_action': 0.008007535445713016, 'w_safe': 0.6405521107410886, 'w_pos': 0.8853478999401905}
Training command: python -u scripts/ConvNet/train_optuna.py --save_path /super_fast_storage/bake/job_1492_10/optuna_trials/IntruderAvoidance-CNN-Parallel/trial_6/agent.zip --total_timesteps 2000000 --n_envs 8 --d_safe 31.893523778181947 --k_bubble 46.408124457825345 --C_collision 1655.0264767866174 --k_pos 0.037098835597795386 --k_action 0.008007535445713016 --w_safe 0.6405521107410886 --w_pos 0.8853478999401905
--- Using device: cuda ---
--- Training model for 2000000 timesteps ---
--- Saving model to /super_fast_storage/bake/job_1492_10/optuna_trials/IntruderAvoidance-CNN-Parallel/trial_6/agent.zip ---
Evaluation command: python -u scripts/ConvNet/evaluate_intruder_for_optuna.py --model_path /super_fast_storage/bake/job_1492_10/optuna_trials/IntruderAvoidance-CNN-Parallel/trial_6/agent.zip --log_file /super_fast_storage/bake/job_1492_10/optuna_trials/IntruderAvoidance-CNN-Parallel/trial_6/evaluation_details.csv
✅ Trial 6 finished with values: [0.07769444444444444, 75.53359199128566]

--- Starting Trial 7 ---
Parameters: {'d_safe': 21.29542688196895, 'k_bubble': 84.3296785603746, 'C_collision': 1197.434170554413, 'k_pos': 0.013041318232340953, 'k_action': 0.007584101887745527, 'w_safe': 0.43987100556301606, 'w_pos': 0.775982045130993}
Training command: python -u scripts/ConvNet/train_optuna.py --save_path /super_fast_storage/bake/job_1492_10/optuna_trials/IntruderAvoidance-CNN-Parallel/trial_7/agent.zip --total_timesteps 2000000 --n_envs 8 --d_safe 21.29542688196895 --k_bubble 84.3296785603746 --C_collision 1197.434170554413 --k_pos 0.013041318232340953 --k_action 0.007584101887745527 --w_safe 0.43987100556301606 --w_pos 0.775982045130993
--- Using device: cuda ---
--- Training model for 2000000 timesteps ---
--- Saving model to /super_fast_storage/bake/job_1492_10/optuna_trials/IntruderAvoidance-CNN-Parallel/trial_7/agent.zip ---
Evaluation command: python -u scripts/ConvNet/evaluate_intruder_for_optuna.py --model_path /super_fast_storage/bake/job_1492_10/optuna_trials/IntruderAvoidance-CNN-Parallel/trial_7/agent.zip --log_file /super_fast_storage/bake/job_1492_10/optuna_trials/IntruderAvoidance-CNN-Parallel/trial_7/evaluation_details.csv
✅ Trial 7 finished with values: [0.08088888888888889, 66.35542905777295]

--- Starting Trial 8 ---
Parameters: {'d_safe': 39.972315042279845, 'k_bubble': 87.68762316751224, 'C_collision': 509.5686022821971, 'k_pos': 0.024008044073364647, 'k_action': 0.0016495583040463421, 'w_safe': 0.826727219427272, 'w_pos': 0.855103491612445}
Training command: python -u scripts/ConvNet/train_optuna.py --save_path /super_fast_storage/bake/job_1492_10/optuna_trials/IntruderAvoidance-CNN-Parallel/trial_8/agent.zip --total_timesteps 2000000 --n_envs 8 --d_safe 39.972315042279845 --k_bubble 87.68762316751224 --C_collision 509.5686022821971 --k_pos 0.024008044073364647 --k_action 0.0016495583040463421 --w_safe 0.826727219427272 --w_pos 0.855103491612445
--- Using device: cuda ---
--- Training model for 2000000 timesteps ---
--- Saving model to /super_fast_storage/bake/job_1492_10/optuna_trials/IntruderAvoidance-CNN-Parallel/trial_8/agent.zip ---
Evaluation command: python -u scripts/ConvNet/evaluate_intruder_for_optuna.py --model_path /super_fast_storage/bake/job_1492_10/optuna_trials/IntruderAvoidance-CNN-Parallel/trial_8/agent.zip --log_file /super_fast_storage/bake/job_1492_10/optuna_trials/IntruderAvoidance-CNN-Parallel/trial_8/evaluation_details.csv
✅ Trial 8 finished with values: [0.10311111111111111, 74.60732092469243]

--- Starting Trial 9 ---
Parameters: {'d_safe': 28.774684427788035, 'k_bubble': 186.22838745177967, 'C_collision': 1278.65636704277, 'k_pos': 0.042923567720401505, 'k_action': 0.002408423024591556, 'w_safe': 0.7037722814403795, 'w_pos': 0.8533750584138624}
Training command: python -u scripts/ConvNet/train_optuna.py --save_path /super_fast_storage/bake/job_1492_10/optuna_trials/IntruderAvoidance-CNN-Parallel/trial_9/agent.zip --total_timesteps 2000000 --n_envs 8 --d_safe 28.774684427788035 --k_bubble 186.22838745177967 --C_collision 1278.65636704277 --k_pos 0.042923567720401505 --k_action 0.002408423024591556 --w_safe 0.7037722814403795 --w_pos 0.8533750584138624
--- Using device: cuda ---
--- Training model for 2000000 timesteps ---
--- Saving model to /super_fast_storage/bake/job_1492_10/optuna_trials/IntruderAvoidance-CNN-Parallel/trial_9/agent.zip ---
Evaluation command: python -u scripts/ConvNet/evaluate_intruder_for_optuna.py --model_path /super_fast_storage/bake/job_1492_10/optuna_trials/IntruderAvoidance-CNN-Parallel/trial_9/agent.zip --log_file /super_fast_storage/bake/job_1492_10/optuna_trials/IntruderAvoidance-CNN-Parallel/trial_9/evaluation_details.csv
✅ Trial 9 finished with values: [0.053388888888888895, 67.86284001886746]

--- Worker finished 10 trials ---
--- Worker finished. Staging results back to permanent storage. ---
--- Job 10 fully complete. ---
